#
# There is insufficient memory for the Java Runtime Environment to continue.
# Native memory allocation (mmap) failed to map 61865984 bytes for Failed to commit area from 0x000000008b300000 to 0x000000008ee00000 of length 61865984.
# Possible reasons:
#   The system is out of physical RAM or swap space
#   The process is running with CompressedOops enabled, and the Java Heap may be blocking the growth of the native heap
# Possible solutions:
#   Reduce memory load on the system
#   Increase physical memory or swap space
#   Check if swap backing store is full
#   Decrease Java heap size (-Xmx/-Xms)
#   Decrease number of Java threads
#   Decrease Java thread stack sizes (-Xss)
#   Set larger code cache with -XX:ReservedCodeCacheSize=
#   JVM is running with Unscaled Compressed Oops mode in which the Java heap is
#     placed in the first 4GB address space. The Java Heap base address is the
#     maximum limit for the native heap growth. Please use -XX:HeapBaseMinAddress
#     to set the Java Heap base and to place the Java Heap above 4GB virtual address.
# This output file may be truncated or incomplete.
#
#  Out of Memory Error (./src/hotspot/os/windows/os_windows.cpp:3301), pid=2360, tid=9876
#
# JRE version: OpenJDK Runtime Environment (11.0.10) (build 11.0.10+0-b96-7249189)
# Java VM: OpenJDK 64-Bit Server VM (11.0.10+0-b96-7249189, mixed mode, tiered, compressed oops, g1 gc, windows-amd64)
# No core dump will be written. Minidumps are not enabled by default on client versions of Windows
#

---------------  S U M M A R Y ------------

Command Line: --add-opens=java.base/java.util=ALL-UNNAMED --add-opens=java.base/java.lang=ALL-UNNAMED --add-opens=java.base/java.lang.invoke=ALL-UNNAMED --add-opens=java.base/java.util=ALL-UNNAMED --add-opens=java.prefs/java.util.prefs=ALL-UNNAMED --add-opens=java.prefs/java.util.prefs=ALL-UNNAMED --add-opens=java.base/java.nio.charset=ALL-UNNAMED --add-opens=java.base/java.net=ALL-UNNAMED --add-opens=java.base/java.util.concurrent.atomic=ALL-UNNAMED -Xmx2048m -Dfile.encoding=UTF-8 -Duser.country=US -Duser.language=en -Duser.variant org.gradle.launcher.daemon.bootstrap.GradleDaemon 7.0.2

Host: Intel(R) Core(TM) i7-8550U CPU @ 1.80GHz, 8 cores, 7G,  Windows 10 , 64 bit Build 19041 (10.0.19041.1151)
Time: Thu Aug 12 15:27:09 2021 E. Africa Standard Time elapsed time: 32.089440 seconds (0d 0h 0m 32s)

---------------  T H R E A D  ---------------

Current thread (0x0000020effabb000):  VMThread "VM Thread" [stack: 0x000000bada200000,0x000000bada300000] [id=9876]

Stack: [0x000000bada200000,0x000000bada300000]
[error occurred during error reporting (printing stack bounds), id 0xc0000005, EXCEPTION_ACCESS_VIOLATION (0xc0000005) at pc=0x0000020e80000f2d]

Native frames: (J=compiled Java code, j=interpreted, Vv=VM code, C=native code)
V  [jvm.dll+0x5ecfaa]
V  [jvm.dll+0x722bd5]
V  [jvm.dll+0x72412d]
V  [jvm.dll+0x724745]
V  [jvm.dll+0x7246fb]
V  [jvm.dll+0x5ec348]
V  [jvm.dll+0x5ecad8]
C  [ntdll.dll+0xa217f]
C  [ntdll.dll+0x51454]
C  [ntdll.dll+0xa0cae]
C  0x0000020e80000f2d

VM_Operation (0x000000badd4f94b0): G1CollectForAllocation, mode: safepoint, requested by thread 0x0000020e9643f800


---------------  P R O C E S S  ---------------

Threads class SMR info:
_java_thread_list=0x0000020e991492a0, length=65, elements={
0x0000020ef7e5f800, 0x0000020effac0000, 0x0000020effb0d000, 0x0000020effb17800,
0x0000020effb19000, 0x0000020effb1c800, 0x0000020effb29000, 0x0000020effb2e800,
0x0000020effb3a800, 0x0000020effcd8000, 0x0000020e94cac000, 0x0000020e94364800,
0x0000020e94aa3000, 0x0000020e95914000, 0x0000020e94a83800, 0x0000020e93f3d000,
0x0000020e94a85800, 0x0000020e94b8a000, 0x0000020e94694800, 0x0000020e94696800,
0x0000020e94697000, 0x0000020e94698000, 0x0000020e94692000, 0x0000020e94695800,
0x0000020e94694000, 0x0000020e94698800, 0x0000020e94693000, 0x0000020e94d24800,
0x0000020e94d28800, 0x0000020e94d26000, 0x0000020e94d27000, 0x0000020e94d2a000,
0x0000020e94d25800, 0x0000020e94d31800, 0x0000020e94d2e800, 0x0000020e94d2d800,
0x0000020e94d2c800, 0x0000020e94d30000, 0x0000020e94d2f000, 0x0000020e9643e000,
0x0000020e9643f800, 0x0000020e9643f000, 0x0000020e96441800, 0x0000020e96440800,
0x0000020e9643c800, 0x0000020e96443000, 0x0000020e9643d000, 0x0000020e96448800,
0x0000020e96443800, 0x0000020e96444800, 0x0000020e96445800, 0x0000020e96448000,
0x0000020e96442000, 0x0000020e96449800, 0x0000020e9644b000, 0x0000020e9644a000,
0x0000020e96446000, 0x0000020e94d27800, 0x0000020e98745000, 0x0000020e9874a000,
0x0000020e98746800, 0x0000020e98746000, 0x0000020e98744000, 0x0000020e9874b000,
0x0000020e9874c800
}

Java Threads: ( => current thread )
  0x0000020ef7e5f800 JavaThread "main" [_thread_blocked, id=3036, stack(0x000000bad9c00000,0x000000bad9d00000)]
  0x0000020effac0000 JavaThread "Reference Handler" daemon [_thread_blocked, id=2068, stack(0x000000bada300000,0x000000bada400000)]
  0x0000020effb0d000 JavaThread "Finalizer" daemon [_thread_blocked, id=17424, stack(0x000000bada400000,0x000000bada500000)]
  0x0000020effb17800 JavaThread "Signal Dispatcher" daemon [_thread_blocked, id=17740, stack(0x000000bada500000,0x000000bada600000)]
  0x0000020effb19000 JavaThread "Attach Listener" daemon [_thread_blocked, id=16448, stack(0x000000bada600000,0x000000bada700000)]
  0x0000020effb1c800 JavaThread "Service Thread" daemon [_thread_blocked, id=13120, stack(0x000000bada700000,0x000000bada800000)]
  0x0000020effb29000 JavaThread "C2 CompilerThread0" daemon [_thread_in_native, id=8200, stack(0x000000bada800000,0x000000bada900000)]
  0x0000020effb2e800 JavaThread "C1 CompilerThread0" daemon [_thread_blocked, id=11640, stack(0x000000bada900000,0x000000badaa00000)]
  0x0000020effb3a800 JavaThread "Sweeper thread" daemon [_thread_blocked, id=9832, stack(0x000000badaa00000,0x000000badab00000)]
  0x0000020effcd8000 JavaThread "Common-Cleaner" daemon [_thread_blocked, id=18292, stack(0x000000badab00000,0x000000badac00000)]
  0x0000020e94cac000 JavaThread "Daemon health stats" [_thread_blocked, id=10948, stack(0x000000badb000000,0x000000badb100000)]
  0x0000020e94364800 JavaThread "Incoming local TCP Connector on port 2353" [_thread_in_native, id=9476, stack(0x000000badad00000,0x000000badae00000)]
  0x0000020e94aa3000 JavaThread "Daemon periodic checks" [_thread_blocked, id=17056, stack(0x000000badaf00000,0x000000badb000000)]
  0x0000020e95914000 JavaThread "Daemon" [_thread_blocked, id=17060, stack(0x000000badb100000,0x000000badb200000)]
  0x0000020e94a83800 JavaThread "Handler for socket connection from /127.0.0.1:2353 to /127.0.0.1:2354" [_thread_in_native, id=14564, stack(0x000000badb200000,0x000000badb300000)]
  0x0000020e93f3d000 JavaThread "Cancel handler" [_thread_blocked, id=10988, stack(0x000000badb300000,0x000000badb400000)]
  0x0000020e94a85800 JavaThread "Daemon worker" [_thread_blocked, id=13124, stack(0x000000badb400000,0x000000badb500000)]
  0x0000020e94b8a000 JavaThread "Asynchronous log dispatcher for DefaultDaemonConnection: socket connection from /127.0.0.1:2353 to /127.0.0.1:2354" [_thread_blocked, id=12124, stack(0x000000badb500000,0x000000badb600000)]
  0x0000020e94694800 JavaThread "Stdin handler" [_thread_blocked, id=14220, stack(0x000000badb600000,0x000000badb700000)]
  0x0000020e94696800 JavaThread "Daemon client event forwarder" [_thread_blocked, id=2476, stack(0x000000badb700000,0x000000badb800000)]
  0x0000020e94697000 JavaThread "Cache worker for file hash cache (C:\Users\Mich01\.gradle\caches\7.0.2\fileHashes)" [_thread_blocked, id=10128, stack(0x000000badbe00000,0x000000badbf00000)]
  0x0000020e94698000 JavaThread "File lock request listener" [_thread_in_native, id=7752, stack(0x000000badbf00000,0x000000badc000000)]
  0x0000020e94692000 JavaThread "Cache worker for journal cache (C:\Users\Mich01\.gradle\caches\journal-1)" [_thread_blocked, id=17712, stack(0x000000badc100000,0x000000badc200000)]
  0x0000020e94695800 JavaThread "C2 CompilerThread1" daemon [_thread_in_native, id=13392, stack(0x000000badc200000,0x000000badc300000)]
  0x0000020e94694000 JavaThread "Cache worker for file hash cache (C:\Users\Mich01\AndroidStudioProjects\SpiderMS\.gradle\7.0.2\fileHashes)" [_thread_blocked, id=820, stack(0x000000badc300000,0x000000badc400000)]
  0x0000020e94698800 JavaThread "File watcher server" daemon [_thread_blocked, id=5812, stack(0x000000badc400000,0x000000badc500000)]
  0x0000020e94693000 JavaThread "File watcher consumer" daemon [_thread_blocked, id=16596, stack(0x000000badc500000,0x000000badc600000)]
  0x0000020e94d24800 JavaThread "Cache worker for checksums cache (C:\Users\Mich01\AndroidStudioProjects\SpiderMS\.gradle\checksums)" [_thread_blocked, id=16684, stack(0x000000badc600000,0x000000badc700000)]
  0x0000020e94d28800 JavaThread "Cache worker for cache directory md-supplier (C:\Users\Mich01\.gradle\caches\7.0.2\md-supplier)" [_thread_blocked, id=9960, stack(0x000000badc700000,0x000000badc800000)]
  0x0000020e94d26000 JavaThread "Cache worker for cache directory md-rule (C:\Users\Mich01\.gradle\caches\7.0.2\md-rule)" [_thread_blocked, id=16620, stack(0x000000badc900000,0x000000badca00000)]
  0x0000020e94d27000 JavaThread "Cache worker for execution history cache (C:\Users\Mich01\.gradle\caches\7.0.2\executionHistory)" [_thread_blocked, id=17364, stack(0x000000badca00000,0x000000badcb00000)]
  0x0000020e94d2a000 JavaThread "jar transforms" [_thread_blocked, id=2700, stack(0x000000badcb00000,0x000000badcc00000)]
  0x0000020e94d25800 JavaThread "jar transforms Thread 2" [_thread_blocked, id=7704, stack(0x000000badcc00000,0x000000badcd00000)]
  0x0000020e94d31800 JavaThread "Cache worker for file content cache (C:\Users\Mich01\.gradle\caches\7.0.2\fileContent)" [_thread_blocked, id=17936, stack(0x000000badcd00000,0x000000badce00000)]
  0x0000020e94d2e800 JavaThread "Cache worker for dependencies-accessors (C:\Users\Mich01\AndroidStudioProjects\SpiderMS\.gradle\7.0.2\dependencies-accessors)" [_thread_blocked, id=11392, stack(0x000000badce00000,0x000000badcf00000)]
  0x0000020e94d2d800 JavaThread "jar transforms Thread 3" [_thread_blocked, id=17904, stack(0x000000badcf00000,0x000000badd000000)]
  0x0000020e94d2c800 JavaThread "Cache worker for Build Output Cleanup Cache (C:\Users\Mich01\AndroidStudioProjects\SpiderMS\.gradle\buildOutputCleanup)" [_thread_blocked, id=5348, stack(0x000000badd000000,0x000000badd100000)]
  0x0000020e94d30000 JavaThread "Build operations" [_thread_blocked, id=16400, stack(0x000000badd100000,0x000000badd200000)]
  0x0000020e94d2f000 JavaThread "Build operations Thread 2" [_thread_blocked, id=2760, stack(0x000000badd200000,0x000000badd300000)]
  0x0000020e9643e000 JavaThread "Build operations Thread 3" [_thread_blocked, id=16468, stack(0x000000badd300000,0x000000badd400000)]
  0x0000020e9643f800 JavaThread "Build operations Thread 4" [_thread_blocked, id=11076, stack(0x000000badd400000,0x000000badd500000)]
  0x0000020e9643f000 JavaThread "Build operations Thread 5" [_thread_blocked, id=2660, stack(0x000000badd500000,0x000000badd600000)]
  0x0000020e96441800 JavaThread "Build operations Thread 6" [_thread_blocked, id=148, stack(0x000000badd600000,0x000000badd700000)]
  0x0000020e96440800 JavaThread "Build operations Thread 7" [_thread_blocked, id=17884, stack(0x000000badd700000,0x000000badd800000)]
  0x0000020e9643c800 JavaThread "Build operations Thread 8" [_thread_blocked, id=17724, stack(0x000000badd800000,0x000000badd900000)]
  0x0000020e96443000 JavaThread "jar transforms Thread 4" [_thread_blocked, id=17608, stack(0x000000badd900000,0x000000badda00000)]
  0x0000020e9643d000 JavaThread "jar transforms Thread 5" [_thread_blocked, id=17556, stack(0x000000badda00000,0x000000baddb00000)]
  0x0000020e96448800 JavaThread "jar transforms Thread 6" [_thread_blocked, id=9616, stack(0x000000baddb00000,0x000000baddc00000)]
  0x0000020e96443800 JavaThread "jar transforms Thread 7" [_thread_blocked, id=17100, stack(0x000000baddc00000,0x000000baddd00000)]
  0x0000020e96444800 JavaThread "jar transforms Thread 8" [_thread_blocked, id=10112, stack(0x000000baddd00000,0x000000badde00000)]
  0x0000020e96445800 JavaThread "Memory manager" [_thread_blocked, id=16492, stack(0x000000badde00000,0x000000baddf00000)]
  0x0000020e96448000 JavaThread "C2 CompilerThread2" daemon [_thread_blocked, id=16692, stack(0x000000badc800000,0x000000badc900000)]
  0x0000020e96442000 JavaThread "build event listener" [_thread_blocked, id=6936, stack(0x000000baddf00000,0x000000bade000000)]
  0x0000020e96449800 JavaThread "Execution worker for ':'" [_thread_blocked, id=14440, stack(0x000000bade000000,0x000000bade100000)]
  0x0000020e9644b000 JavaThread "Execution worker for ':' Thread 2" [_thread_blocked, id=7192, stack(0x000000bade100000,0x000000bade200000)]
  0x0000020e9644a000 JavaThread "Execution worker for ':' Thread 3" [_thread_blocked, id=10192, stack(0x000000bade200000,0x000000bade300000)]
  0x0000020e96446000 JavaThread "Execution worker for ':' Thread 4" [_thread_blocked, id=15716, stack(0x000000bade300000,0x000000bade400000)]
  0x0000020e94d27800 JavaThread "Execution worker for ':' Thread 5" [_thread_blocked, id=17684, stack(0x000000bade400000,0x000000bade500000)]
  0x0000020e98745000 JavaThread "Execution worker for ':' Thread 6" [_thread_blocked, id=13244, stack(0x000000bade500000,0x000000bade600000)]
  0x0000020e9874a000 JavaThread "Execution worker for ':' Thread 7" [_thread_blocked, id=14888, stack(0x000000bade600000,0x000000bade700000)]
  0x0000020e98746800 JavaThread "Cache worker for execution history cache (C:\Users\Mich01\AndroidStudioProjects\SpiderMS\.gradle\7.0.2\executionHistory)" [_thread_blocked, id=412, stack(0x000000bade700000,0x000000bade800000)]
  0x0000020e98746000 JavaThread "WorkerExecutor Queue" [_thread_blocked, id=15268, stack(0x000000bade800000,0x000000bade900000)]
  0x0000020e98744000 JavaThread "pool-3-thread-1" [_thread_blocked, id=3872, stack(0x000000bade900000,0x000000badea00000)]
  0x0000020e9874b000 JavaThread "stderr" [_thread_in_native, id=13840, stack(0x000000badea00000,0x000000badeb00000)]
  0x0000020e9874c800 JavaThread "stdout" [_thread_in_native, id=15812, stack(0x000000badeb00000,0x000000badec00000)]

Other Threads:
=>0x0000020effabb000 VMThread "VM Thread" [stack: 0x000000bada200000,0x000000bada300000] [id=9876]
  0x0000020effd23800 WatcherThread [stack: 0x000000badac00000,0x000000badad00000] [id=18108]
  0x0000020ef7e77000 GCTaskThread "GC Thread#0" [stack: 0x000000bad9d00000,0x000000bad9e00000] [id=18156]
  0x0000020e93687800 GCTaskThread "GC Thread#1" [stack: 0x000000badae00000,0x000000badaf00000] [id=16956]
  0x0000020e9574f800 GCTaskThread "GC Thread#2" [stack: 0x000000badb800000,0x000000badb900000] [id=16340]
  0x0000020e94b79800 GCTaskThread "GC Thread#3" [stack: 0x000000badb900000,0x000000badba00000] [id=5764]
  0x0000020e954fd000 GCTaskThread "GC Thread#4" [stack: 0x000000badba00000,0x000000badbb00000] [id=14812]
  0x0000020e93ef1000 GCTaskThread "GC Thread#5" [stack: 0x000000badbb00000,0x000000badbc00000] [id=13292]
  0x0000020e94108000 GCTaskThread "GC Thread#6" [stack: 0x000000badbc00000,0x000000badbd00000] [id=13116]
  0x0000020e94108800 GCTaskThread "GC Thread#7" [stack: 0x000000badbd00000,0x000000badbe00000] [id=15592]
  0x0000020ef7ea7000 ConcurrentGCThread "G1 Main Marker" [stack: 0x000000bad9e00000,0x000000bad9f00000] [id=17860]
  0x0000020ef7ea9800 ConcurrentGCThread "G1 Conc#0" [stack: 0x000000bad9f00000,0x000000bada000000] [id=7336]
  0x0000020e94ccf800 ConcurrentGCThread "G1 Conc#1" [stack: 0x000000badc000000,0x000000badc100000] [id=6232]
  0x0000020efe99e800 ConcurrentGCThread "G1 Refine#0" [stack: 0x000000bada000000,0x000000bada100000] [id=16776]
  0x0000020efe99f800 ConcurrentGCThread "G1 Young RemSet Sampling" [stack: 0x000000bada100000,0x000000bada200000] [id=14776]

Threads with active compile tasks:
C2 CompilerThread0  32205 12132       4       com.android.tools.r8.internal.Sr::a (282 bytes)
C1 CompilerThread0  32205 12285       2       com.android.tools.r8.internal.UC::a (45 bytes)
C2 CompilerThread1  32205 10854 %     4       com.android.tools.r8.internal.T6::a @ 2560 (6044 bytes)
C2 CompilerThread2  32205 12189 %     4       com.android.tools.r8.internal.Lv::a @ 256 (455 bytes)

VM state:at safepoint (normal execution)

VM Mutex/Monitor currently owned by a thread:  ([mutex/lock_event])
[0x0000020ef7e5b080] Threads_lock - owner thread: 0x0000020effabb000
[0x0000020ef7e5c280] Heap_lock - owner thread: 0x0000020e9643f800

Heap address: 0x0000000080000000, size: 2048 MB, Compressed Oops mode: 32-bit
Narrow klass base: 0x0000000000000000, Narrow klass shift: 3
Compressed class space size: 1073741824 Address: 0x0000000100000000

Heap:
 garbage-first heap   total 243712K, used 109966K [0x0000000080000000, 0x0000000100000000)
  region size 1024K, 3 young (3072K), 3 survivors (3072K)
 Metaspace       used 96466K, capacity 99228K, committed 99276K, reserved 1134592K
  class space    used 12709K, capacity 13752K, committed 13772K, reserved 1048576K
Heap Regions: E=young(eden), S=young(survivor), O=old, HS=humongous(starts), HC=humongous(continues), CS=collection set, F=free, A=archive, TAMS=top-at-mark-start (previous, next)
|   0|0x0000000080000000, 0x0000000080100000, 0x0000000080100000|100%| O|  |TAMS 0x0000000080100000, 0x0000000080100000| Untracked 
|   1|0x0000000080100000, 0x0000000080200000, 0x0000000080200000|100%| O|  |TAMS 0x0000000080200000, 0x0000000080200000| Untracked 
|   2|0x0000000080200000, 0x0000000080300000, 0x0000000080300000|100%| O|  |TAMS 0x0000000080300000, 0x0000000080300000| Untracked 
|   3|0x0000000080300000, 0x0000000080400000, 0x0000000080400000|100%|HS|  |TAMS 0x0000000080400000, 0x0000000080400000| Complete 
|   4|0x0000000080400000, 0x0000000080500000, 0x0000000080500000|100%|HC|  |TAMS 0x0000000080500000, 0x0000000080500000| Complete 
|   5|0x0000000080500000, 0x0000000080600000, 0x0000000080600000|100%|HC|  |TAMS 0x0000000080600000, 0x0000000080600000| Complete 
|   6|0x0000000080600000, 0x0000000080700000, 0x0000000080700000|100%| O|  |TAMS 0x0000000080700000, 0x0000000080700000| Untracked 
|   7|0x0000000080700000, 0x0000000080800000, 0x0000000080800000|100%| O|  |TAMS 0x0000000080800000, 0x0000000080800000| Untracked 
|   8|0x0000000080800000, 0x0000000080900000, 0x0000000080900000|100%| O|  |TAMS 0x0000000080900000, 0x0000000080900000| Untracked 
|   9|0x0000000080900000, 0x0000000080a00000, 0x0000000080a00000|100%| O|  |TAMS 0x0000000080a00000, 0x0000000080a00000| Untracked 
|  10|0x0000000080a00000, 0x0000000080b00000, 0x0000000080b00000|100%| O|  |TAMS 0x0000000080b00000, 0x0000000080b00000| Untracked 
|  11|0x0000000080b00000, 0x0000000080c00000, 0x0000000080c00000|100%| O|  |TAMS 0x0000000080c00000, 0x0000000080c00000| Untracked 
|  12|0x0000000080c00000, 0x0000000080d00000, 0x0000000080d00000|100%| O|  |TAMS 0x0000000080d00000, 0x0000000080d00000| Untracked 
|  13|0x0000000080d00000, 0x0000000080e00000, 0x0000000080e00000|100%| O|  |TAMS 0x0000000080e00000, 0x0000000080e00000| Untracked 
|  14|0x0000000080e00000, 0x0000000080f00000, 0x0000000080f00000|100%| O|  |TAMS 0x0000000080f00000, 0x0000000080f00000| Untracked 
|  15|0x0000000080f00000, 0x0000000081000000, 0x0000000081000000|100%| O|  |TAMS 0x0000000081000000, 0x0000000081000000| Untracked 
|  16|0x0000000081000000, 0x0000000081100000, 0x0000000081100000|100%| O|  |TAMS 0x0000000081100000, 0x0000000081100000| Untracked 
|  17|0x0000000081100000, 0x0000000081200000, 0x0000000081200000|100%| O|  |TAMS 0x0000000081200000, 0x0000000081200000| Untracked 
|  18|0x0000000081200000, 0x0000000081300000, 0x0000000081300000|100%|HS|  |TAMS 0x0000000081300000, 0x0000000081300000| Complete 
|  19|0x0000000081300000, 0x0000000081400000, 0x0000000081400000|100%| O|  |TAMS 0x0000000081400000, 0x0000000081400000| Untracked 
|  20|0x0000000081400000, 0x0000000081500000, 0x0000000081500000|100%| O|  |TAMS 0x0000000081500000, 0x0000000081500000| Untracked 
|  21|0x0000000081500000, 0x0000000081600000, 0x0000000081600000|100%| O|  |TAMS 0x0000000081600000, 0x0000000081600000| Untracked 
|  22|0x0000000081600000, 0x0000000081700000, 0x0000000081700000|100%|HS|  |TAMS 0x0000000081700000, 0x0000000081700000| Complete 
|  23|0x0000000081700000, 0x0000000081800000, 0x0000000081800000|100%|HS|  |TAMS 0x0000000081800000, 0x0000000081800000| Complete 
|  24|0x0000000081800000, 0x0000000081900000, 0x0000000081900000|100%|HC|  |TAMS 0x0000000081900000, 0x0000000081900000| Complete 
|  25|0x0000000081900000, 0x0000000081a00000, 0x0000000081a00000|100%| O|  |TAMS 0x0000000081a00000, 0x0000000081a00000| Untracked 
|  26|0x0000000081a00000, 0x0000000081b00000, 0x0000000081b00000|100%| O|  |TAMS 0x0000000081b00000, 0x0000000081b00000| Untracked 
|  27|0x0000000081b00000, 0x0000000081c00000, 0x0000000081c00000|100%| O|  |TAMS 0x0000000081c00000, 0x0000000081c00000| Untracked 
|  28|0x0000000081c00000, 0x0000000081d00000, 0x0000000081d00000|100%| O|  |TAMS 0x0000000081d00000, 0x0000000081d00000| Untracked 
|  29|0x0000000081d00000, 0x0000000081e00000, 0x0000000081e00000|100%| O|  |TAMS 0x0000000081e00000, 0x0000000081e00000| Untracked 
|  30|0x0000000081e00000, 0x0000000081f00000, 0x0000000081f00000|100%| O|  |TAMS 0x0000000081f00000, 0x0000000081f00000| Untracked 
|  31|0x0000000081f00000, 0x0000000082000000, 0x0000000082000000|100%| O|  |TAMS 0x0000000082000000, 0x0000000082000000| Untracked 
|  32|0x0000000082000000, 0x0000000082100000, 0x0000000082100000|100%| O|  |TAMS 0x0000000082100000, 0x0000000082100000| Untracked 
|  33|0x0000000082100000, 0x0000000082200000, 0x0000000082200000|100%| O|  |TAMS 0x0000000082200000, 0x0000000082200000| Untracked 
|  34|0x0000000082200000, 0x0000000082300000, 0x0000000082300000|100%| O|  |TAMS 0x0000000082300000, 0x0000000082300000| Untracked 
|  35|0x0000000082300000, 0x0000000082400000, 0x0000000082400000|100%| O|  |TAMS 0x0000000082400000, 0x0000000082400000| Untracked 
|  36|0x0000000082400000, 0x0000000082500000, 0x0000000082500000|100%| O|  |TAMS 0x0000000082500000, 0x0000000082500000| Untracked 
|  37|0x0000000082500000, 0x0000000082600000, 0x0000000082600000|100%| O|  |TAMS 0x0000000082600000, 0x0000000082600000| Untracked 
|  38|0x0000000082600000, 0x0000000082700000, 0x0000000082700000|100%| O|  |TAMS 0x0000000082700000, 0x0000000082700000| Untracked 
|  39|0x0000000082700000, 0x0000000082800000, 0x0000000082800000|100%| O|  |TAMS 0x0000000082800000, 0x0000000082800000| Untracked 
|  40|0x0000000082800000, 0x0000000082900000, 0x0000000082900000|100%| O|  |TAMS 0x0000000082900000, 0x0000000082900000| Untracked 
|  41|0x0000000082900000, 0x0000000082a00000, 0x0000000082a00000|100%| O|  |TAMS 0x0000000082a00000, 0x0000000082a00000| Untracked 
|  42|0x0000000082a00000, 0x0000000082b00000, 0x0000000082b00000|100%| O|  |TAMS 0x0000000082b00000, 0x0000000082b00000| Untracked 
|  43|0x0000000082b00000, 0x0000000082c00000, 0x0000000082c00000|100%| O|  |TAMS 0x0000000082c00000, 0x0000000082c00000| Untracked 
|  44|0x0000000082c00000, 0x0000000082d00000, 0x0000000082d00000|100%| O|  |TAMS 0x0000000082d00000, 0x0000000082d00000| Untracked 
|  45|0x0000000082d00000, 0x0000000082e00000, 0x0000000082e00000|100%| O|  |TAMS 0x0000000082e00000, 0x0000000082e00000| Untracked 
|  46|0x0000000082e00000, 0x0000000082f00000, 0x0000000082f00000|100%| O|  |TAMS 0x0000000082f00000, 0x0000000082f00000| Untracked 
|  47|0x0000000082f00000, 0x0000000083000000, 0x0000000083000000|100%| O|  |TAMS 0x0000000083000000, 0x0000000083000000| Untracked 
|  48|0x0000000083000000, 0x0000000083100000, 0x0000000083100000|100%| O|  |TAMS 0x0000000083100000, 0x0000000083100000| Untracked 
|  49|0x0000000083100000, 0x0000000083200000, 0x0000000083200000|100%| O|  |TAMS 0x0000000083200000, 0x0000000083200000| Untracked 
|  50|0x0000000083200000, 0x0000000083300000, 0x0000000083300000|100%| O|  |TAMS 0x0000000083300000, 0x0000000083300000| Untracked 
|  51|0x0000000083300000, 0x0000000083400000, 0x0000000083400000|100%| O|  |TAMS 0x0000000083400000, 0x0000000083400000| Untracked 
|  52|0x0000000083400000, 0x0000000083500000, 0x0000000083500000|100%| O|  |TAMS 0x0000000083500000, 0x0000000083500000| Untracked 
|  53|0x0000000083500000, 0x0000000083600000, 0x0000000083600000|100%| O|  |TAMS 0x0000000083600000, 0x0000000083600000| Untracked 
|  54|0x0000000083600000, 0x0000000083700000, 0x0000000083700000|100%| O|  |TAMS 0x0000000083700000, 0x0000000083700000| Untracked 
|  55|0x0000000083700000, 0x0000000083800000, 0x0000000083800000|100%| O|  |TAMS 0x0000000083800000, 0x0000000083800000| Untracked 
|  56|0x0000000083800000, 0x0000000083900000, 0x0000000083900000|100%| O|  |TAMS 0x0000000083900000, 0x0000000083900000| Untracked 
|  57|0x0000000083900000, 0x0000000083a00000, 0x0000000083a00000|100%| O|  |TAMS 0x0000000083a00000, 0x0000000083a00000| Untracked 
|  58|0x0000000083a00000, 0x0000000083b00000, 0x0000000083b00000|100%| O|  |TAMS 0x0000000083b00000, 0x0000000083b00000| Untracked 
|  59|0x0000000083b00000, 0x0000000083c00000, 0x0000000083c00000|100%| O|  |TAMS 0x0000000083c00000, 0x0000000083c00000| Untracked 
|  60|0x0000000083c00000, 0x0000000083d00000, 0x0000000083d00000|100%| O|  |TAMS 0x0000000083d00000, 0x0000000083d00000| Untracked 
|  61|0x0000000083d00000, 0x0000000083e00000, 0x0000000083e00000|100%| O|  |TAMS 0x0000000083e00000, 0x0000000083e00000| Untracked 
|  62|0x0000000083e00000, 0x0000000083f00000, 0x0000000083f00000|100%| O|  |TAMS 0x0000000083f00000, 0x0000000083f00000| Untracked 
|  63|0x0000000083f00000, 0x0000000084000000, 0x0000000084000000|100%| O|  |TAMS 0x0000000084000000, 0x0000000084000000| Untracked 
|  64|0x0000000084000000, 0x0000000084100000, 0x0000000084100000|100%| O|  |TAMS 0x0000000084100000, 0x0000000084100000| Untracked 
|  65|0x0000000084100000, 0x0000000084200000, 0x0000000084200000|100%| O|  |TAMS 0x0000000084200000, 0x0000000084200000| Untracked 
|  66|0x0000000084200000, 0x0000000084300000, 0x0000000084300000|100%| O|  |TAMS 0x0000000084300000, 0x0000000084300000| Untracked 
|  67|0x0000000084300000, 0x0000000084400000, 0x0000000084400000|100%| O|  |TAMS 0x0000000084400000, 0x0000000084400000| Untracked 
|  68|0x0000000084400000, 0x0000000084500000, 0x0000000084500000|100%| O|  |TAMS 0x0000000084500000, 0x0000000084500000| Untracked 
|  69|0x0000000084500000, 0x0000000084600000, 0x0000000084600000|100%| O|  |TAMS 0x0000000084600000, 0x0000000084600000| Untracked 
|  70|0x0000000084600000, 0x0000000084700000, 0x0000000084700000|100%| O|  |TAMS 0x0000000084700000, 0x0000000084700000| Untracked 
|  71|0x0000000084700000, 0x0000000084800000, 0x0000000084800000|100%| O|  |TAMS 0x0000000084800000, 0x0000000084800000| Untracked 
|  72|0x0000000084800000, 0x0000000084900000, 0x0000000084900000|100%| O|  |TAMS 0x0000000084900000, 0x0000000084900000| Untracked 
|  73|0x0000000084900000, 0x0000000084a00000, 0x0000000084a00000|100%| O|  |TAMS 0x0000000084a00000, 0x0000000084a00000| Untracked 
|  74|0x0000000084a00000, 0x0000000084b00000, 0x0000000084b00000|100%| O|  |TAMS 0x0000000084b00000, 0x0000000084b00000| Untracked 
|  75|0x0000000084b00000, 0x0000000084c00000, 0x0000000084c00000|100%| O|  |TAMS 0x0000000084c00000, 0x0000000084c00000| Untracked 
|  76|0x0000000084c00000, 0x0000000084d00000, 0x0000000084d00000|100%| O|  |TAMS 0x0000000084d00000, 0x0000000084d00000| Untracked 
|  77|0x0000000084d00000, 0x0000000084e00000, 0x0000000084e00000|100%| O|  |TAMS 0x0000000084e00000, 0x0000000084e00000| Untracked 
|  78|0x0000000084e00000, 0x0000000084f00000, 0x0000000084f00000|100%| O|  |TAMS 0x0000000084f00000, 0x0000000084f00000| Untracked 
|  79|0x0000000084f00000, 0x0000000085000000, 0x0000000085000000|100%| O|  |TAMS 0x0000000085000000, 0x0000000085000000| Untracked 
|  80|0x0000000085000000, 0x0000000085100000, 0x0000000085100000|100%| O|  |TAMS 0x0000000085100000, 0x0000000085100000| Untracked 
|  81|0x0000000085100000, 0x0000000085200000, 0x0000000085200000|100%| O|  |TAMS 0x0000000085200000, 0x0000000085200000| Untracked 
|  82|0x0000000085200000, 0x0000000085300000, 0x0000000085300000|100%| O|  |TAMS 0x0000000085300000, 0x0000000085300000| Untracked 
|  83|0x0000000085300000, 0x0000000085400000, 0x0000000085400000|100%| O|  |TAMS 0x0000000085400000, 0x0000000085400000| Untracked 
|  84|0x0000000085400000, 0x0000000085500000, 0x0000000085500000|100%| O|  |TAMS 0x0000000085500000, 0x0000000085500000| Untracked 
|  85|0x0000000085500000, 0x0000000085600000, 0x0000000085600000|100%| O|  |TAMS 0x0000000085600000, 0x0000000085600000| Untracked 
|  86|0x0000000085600000, 0x0000000085700000, 0x0000000085700000|100%| O|  |TAMS 0x0000000085700000, 0x0000000085700000| Untracked 
|  87|0x0000000085700000, 0x0000000085800000, 0x0000000085800000|100%| O|  |TAMS 0x0000000085800000, 0x0000000085800000| Untracked 
|  88|0x0000000085800000, 0x0000000085900000, 0x0000000085900000|100%| O|  |TAMS 0x0000000085900000, 0x0000000085900000| Untracked 
|  89|0x0000000085900000, 0x0000000085a00000, 0x0000000085a00000|100%| O|  |TAMS 0x0000000085a00000, 0x0000000085a00000| Untracked 
|  90|0x0000000085a00000, 0x0000000085b00000, 0x0000000085b00000|100%| O|  |TAMS 0x0000000085b00000, 0x0000000085b00000| Untracked 
|  91|0x0000000085b00000, 0x0000000085c00000, 0x0000000085c00000|100%| O|  |TAMS 0x0000000085c00000, 0x0000000085c00000| Untracked 
|  92|0x0000000085c00000, 0x0000000085d00000, 0x0000000085d00000|100%| O|  |TAMS 0x0000000085d00000, 0x0000000085d00000| Untracked 
|  93|0x0000000085d00000, 0x0000000085e00000, 0x0000000085e00000|100%| O|  |TAMS 0x0000000085e00000, 0x0000000085e00000| Untracked 
|  94|0x0000000085e00000, 0x0000000085f00000, 0x0000000085f00000|100%| O|  |TAMS 0x0000000085f00000, 0x0000000085f00000| Untracked 
|  95|0x0000000085f00000, 0x0000000086000000, 0x0000000086000000|100%| O|  |TAMS 0x0000000086000000, 0x0000000086000000| Untracked 
|  96|0x0000000086000000, 0x0000000086100000, 0x0000000086100000|100%| O|  |TAMS 0x0000000086100000, 0x0000000086100000| Untracked 
|  97|0x0000000086100000, 0x0000000086200000, 0x0000000086200000|100%| O|  |TAMS 0x0000000086200000, 0x0000000086200000| Untracked 
|  98|0x0000000086200000, 0x0000000086300000, 0x0000000086300000|100%| O|  |TAMS 0x0000000086300000, 0x0000000086300000| Untracked 
|  99|0x0000000086300000, 0x0000000086400000, 0x0000000086400000|100%| O|  |TAMS 0x0000000086400000, 0x0000000086400000| Untracked 
| 100|0x0000000086400000, 0x0000000086500000, 0x0000000086500000|100%| O|  |TAMS 0x00000000864b9e00, 0x0000000086500000| Untracked 
| 101|0x0000000086500000, 0x0000000086600000, 0x0000000086600000|100%| O|  |TAMS 0x0000000086500000, 0x0000000086600000| Untracked 
| 102|0x0000000086600000, 0x0000000086700000, 0x0000000086700000|100%| O|  |TAMS 0x0000000086600000, 0x0000000086700000| Untracked 
| 103|0x0000000086700000, 0x0000000086800000, 0x0000000086800000|100%| O|  |TAMS 0x0000000086700000, 0x0000000086800000| Untracked 
| 104|0x0000000086800000, 0x00000000868e0200, 0x0000000086900000| 87%| O|  |TAMS 0x0000000086800000, 0x00000000868e0200| Untracked 
| 105|0x0000000086900000, 0x0000000086900000, 0x0000000086a00000|  0%| F|  |TAMS 0x0000000086900000, 0x0000000086900000| Untracked 
| 106|0x0000000086a00000, 0x0000000086a00000, 0x0000000086b00000|  0%| F|  |TAMS 0x0000000086a00000, 0x0000000086a00000| Untracked 
| 107|0x0000000086b00000, 0x0000000086b00000, 0x0000000086c00000|  0%| F|  |TAMS 0x0000000086b00000, 0x0000000086b00000| Untracked 
| 108|0x0000000086c00000, 0x0000000086c00000, 0x0000000086d00000|  0%| F|  |TAMS 0x0000000086c00000, 0x0000000086c00000| Untracked 
| 109|0x0000000086d00000, 0x0000000086d00000, 0x0000000086e00000|  0%| F|  |TAMS 0x0000000086d00000, 0x0000000086d00000| Untracked 
| 110|0x0000000086e00000, 0x0000000086e00000, 0x0000000086f00000|  0%| F|  |TAMS 0x0000000086e00000, 0x0000000086e00000| Untracked 
| 111|0x0000000086f00000, 0x0000000086f00000, 0x0000000087000000|  0%| F|  |TAMS 0x0000000086f00000, 0x0000000086f00000| Untracked 
| 112|0x0000000087000000, 0x0000000087000000, 0x0000000087100000|  0%| F|  |TAMS 0x0000000087000000, 0x0000000087000000| Untracked 
| 113|0x0000000087100000, 0x0000000087100000, 0x0000000087200000|  0%| F|  |TAMS 0x0000000087100000, 0x0000000087100000| Untracked 
| 114|0x0000000087200000, 0x0000000087200000, 0x0000000087300000|  0%| F|  |TAMS 0x0000000087200000, 0x0000000087200000| Untracked 
| 115|0x0000000087300000, 0x0000000087300000, 0x0000000087400000|  0%| F|  |TAMS 0x0000000087300000, 0x0000000087300000| Untracked 
| 116|0x0000000087400000, 0x0000000087400000, 0x0000000087500000|  0%| F|  |TAMS 0x0000000087400000, 0x0000000087400000| Untracked 
| 117|0x0000000087500000, 0x0000000087500000, 0x0000000087600000|  0%| F|  |TAMS 0x0000000087500000, 0x0000000087500000| Untracked 
| 118|0x0000000087600000, 0x0000000087600000, 0x0000000087700000|  0%| F|  |TAMS 0x0000000087600000, 0x0000000087600000| Untracked 
| 119|0x0000000087700000, 0x0000000087700000, 0x0000000087800000|  0%| F|  |TAMS 0x0000000087700000, 0x0000000087700000| Untracked 
| 120|0x0000000087800000, 0x0000000087800000, 0x0000000087900000|  0%| F|  |TAMS 0x0000000087800000, 0x0000000087800000| Untracked 
| 121|0x0000000087900000, 0x0000000087900000, 0x0000000087a00000|  0%| F|  |TAMS 0x0000000087900000, 0x0000000087900000| Untracked 
| 122|0x0000000087a00000, 0x0000000087a00000, 0x0000000087b00000|  0%| F|  |TAMS 0x0000000087a00000, 0x0000000087a00000| Untracked 
| 123|0x0000000087b00000, 0x0000000087b00000, 0x0000000087c00000|  0%| F|  |TAMS 0x0000000087b00000, 0x0000000087b00000| Untracked 
| 124|0x0000000087c00000, 0x0000000087c00000, 0x0000000087d00000|  0%| F|  |TAMS 0x0000000087c00000, 0x0000000087c00000| Untracked 
| 125|0x0000000087d00000, 0x0000000087d00000, 0x0000000087e00000|  0%| F|  |TAMS 0x0000000087d00000, 0x0000000087d00000| Untracked 
| 126|0x0000000087e00000, 0x0000000087e00000, 0x0000000087f00000|  0%| F|  |TAMS 0x0000000087e00000, 0x0000000087e00000| Untracked 
| 127|0x0000000087f00000, 0x0000000087f00000, 0x0000000088000000|  0%| F|  |TAMS 0x0000000087f00000, 0x0000000087f00000| Untracked 
| 128|0x0000000088000000, 0x0000000088000000, 0x0000000088100000|  0%| F|  |TAMS 0x0000000088000000, 0x0000000088000000| Untracked 
| 129|0x0000000088100000, 0x0000000088100000, 0x0000000088200000|  0%| F|  |TAMS 0x0000000088100000, 0x0000000088100000| Untracked 
| 130|0x0000000088200000, 0x0000000088200000, 0x0000000088300000|  0%| F|  |TAMS 0x0000000088200000, 0x0000000088200000| Untracked 
| 131|0x0000000088300000, 0x0000000088300000, 0x0000000088400000|  0%| F|  |TAMS 0x0000000088300000, 0x0000000088300000| Untracked 
| 132|0x0000000088400000, 0x0000000088400000, 0x0000000088500000|  0%| F|  |TAMS 0x0000000088400000, 0x0000000088400000| Untracked 
| 133|0x0000000088500000, 0x0000000088500000, 0x0000000088600000|  0%| F|  |TAMS 0x0000000088500000, 0x0000000088500000| Untracked 
| 134|0x0000000088600000, 0x0000000088600000, 0x0000000088700000|  0%| F|  |TAMS 0x0000000088600000, 0x0000000088600000| Untracked 
| 135|0x0000000088700000, 0x0000000088700000, 0x0000000088800000|  0%| F|  |TAMS 0x0000000088700000, 0x0000000088700000| Untracked 
| 136|0x0000000088800000, 0x0000000088883820, 0x0000000088900000| 51%| S|CS|TAMS 0x0000000088800000, 0x0000000088800000| Complete 
| 137|0x0000000088900000, 0x0000000088a00000, 0x0000000088a00000|100%| S|CS|TAMS 0x0000000088900000, 0x0000000088900000| Complete 
| 138|0x0000000088a00000, 0x0000000088a00000, 0x0000000088b00000|  0%| F|  |TAMS 0x0000000088a00000, 0x0000000088a00000| Untracked 
| 139|0x0000000088b00000, 0x0000000088c00000, 0x0000000088c00000|100%| S|CS|TAMS 0x0000000088b00000, 0x0000000088b00000| Complete 
| 140|0x0000000088c00000, 0x0000000088c00000, 0x0000000088d00000|  0%| F|  |TAMS 0x0000000088c00000, 0x0000000088c00000| Untracked 
| 141|0x0000000088d00000, 0x0000000088d00000, 0x0000000088e00000|  0%| F|  |TAMS 0x0000000088d00000, 0x0000000088d00000| Untracked 
| 142|0x0000000088e00000, 0x0000000088e00000, 0x0000000088f00000|  0%| F|  |TAMS 0x0000000088e00000, 0x0000000088e00000| Untracked 
| 143|0x0000000088f00000, 0x0000000088f00000, 0x0000000089000000|  0%| F|  |TAMS 0x0000000088f00000, 0x0000000088f00000| Untracked 
| 144|0x0000000089000000, 0x0000000089000000, 0x0000000089100000|  0%| F|  |TAMS 0x0000000089000000, 0x0000000089000000| Untracked 
| 145|0x0000000089100000, 0x0000000089100000, 0x0000000089200000|  0%| F|  |TAMS 0x0000000089100000, 0x0000000089100000| Untracked 
| 146|0x0000000089200000, 0x0000000089200000, 0x0000000089300000|  0%| F|  |TAMS 0x0000000089200000, 0x0000000089200000| Untracked 
| 147|0x0000000089300000, 0x0000000089300000, 0x0000000089400000|  0%| F|  |TAMS 0x0000000089300000, 0x0000000089300000| Untracked 
| 148|0x0000000089400000, 0x0000000089400000, 0x0000000089500000|  0%| F|  |TAMS 0x0000000089400000, 0x0000000089400000| Untracked 
| 149|0x0000000089500000, 0x0000000089500000, 0x0000000089600000|  0%| F|  |TAMS 0x0000000089500000, 0x0000000089500000| Untracked 
| 150|0x0000000089600000, 0x0000000089600000, 0x0000000089700000|  0%| F|  |TAMS 0x0000000089600000, 0x0000000089600000| Untracked 
| 151|0x0000000089700000, 0x0000000089700000, 0x0000000089800000|  0%| F|  |TAMS 0x0000000089700000, 0x0000000089700000| Untracked 
| 152|0x0000000089800000, 0x0000000089800000, 0x0000000089900000|  0%| F|  |TAMS 0x0000000089800000, 0x0000000089800000| Untracked 
| 153|0x0000000089900000, 0x0000000089900000, 0x0000000089a00000|  0%| F|  |TAMS 0x0000000089900000, 0x0000000089900000| Untracked 
| 154|0x0000000089a00000, 0x0000000089a00000, 0x0000000089b00000|  0%| F|  |TAMS 0x0000000089a00000, 0x0000000089a00000| Untracked 
| 155|0x0000000089b00000, 0x0000000089b00000, 0x0000000089c00000|  0%| F|  |TAMS 0x0000000089b00000, 0x0000000089b00000| Untracked 
| 156|0x0000000089c00000, 0x0000000089c00000, 0x0000000089d00000|  0%| F|  |TAMS 0x0000000089c00000, 0x0000000089c00000| Untracked 
| 157|0x0000000089d00000, 0x0000000089d00000, 0x0000000089e00000|  0%| F|  |TAMS 0x0000000089d00000, 0x0000000089d00000| Untracked 
| 158|0x0000000089e00000, 0x0000000089e00000, 0x0000000089f00000|  0%| F|  |TAMS 0x0000000089e00000, 0x0000000089e00000| Untracked 
| 159|0x0000000089f00000, 0x0000000089f00000, 0x000000008a000000|  0%| F|  |TAMS 0x0000000089f00000, 0x0000000089f00000| Untracked 
| 160|0x000000008a000000, 0x000000008a000000, 0x000000008a100000|  0%| F|  |TAMS 0x000000008a000000, 0x000000008a000000| Untracked 
| 161|0x000000008a100000, 0x000000008a100000, 0x000000008a200000|  0%| F|  |TAMS 0x000000008a100000, 0x000000008a100000| Untracked 
| 162|0x000000008a200000, 0x000000008a200000, 0x000000008a300000|  0%| F|  |TAMS 0x000000008a200000, 0x000000008a200000| Untracked 
| 163|0x000000008a300000, 0x000000008a300000, 0x000000008a400000|  0%| F|  |TAMS 0x000000008a300000, 0x000000008a300000| Untracked 
| 164|0x000000008a400000, 0x000000008a400000, 0x000000008a500000|  0%| F|  |TAMS 0x000000008a400000, 0x000000008a400000| Untracked 
| 165|0x000000008a500000, 0x000000008a500000, 0x000000008a600000|  0%| F|  |TAMS 0x000000008a500000, 0x000000008a500000| Untracked 
| 166|0x000000008a600000, 0x000000008a600000, 0x000000008a700000|  0%| F|  |TAMS 0x000000008a600000, 0x000000008a600000| Untracked 
| 167|0x000000008a700000, 0x000000008a700000, 0x000000008a800000|  0%| F|  |TAMS 0x000000008a700000, 0x000000008a700000| Untracked 
| 168|0x000000008a800000, 0x000000008a800000, 0x000000008a900000|  0%| F|  |TAMS 0x000000008a800000, 0x000000008a800000| Untracked 
| 169|0x000000008a900000, 0x000000008a900000, 0x000000008aa00000|  0%| F|  |TAMS 0x000000008a900000, 0x000000008a900000| Untracked 
| 170|0x000000008aa00000, 0x000000008aa00000, 0x000000008ab00000|  0%| F|  |TAMS 0x000000008aa00000, 0x000000008aa00000| Untracked 
| 171|0x000000008ab00000, 0x000000008ab00000, 0x000000008ac00000|  0%| F|  |TAMS 0x000000008ab00000, 0x000000008ab00000| Untracked 
| 172|0x000000008ac00000, 0x000000008ac00000, 0x000000008ad00000|  0%| F|  |TAMS 0x000000008ac00000, 0x000000008ac00000| Untracked 
| 173|0x000000008ad00000, 0x000000008ad00000, 0x000000008ae00000|  0%| F|  |TAMS 0x000000008ad00000, 0x000000008ad00000| Untracked 
| 174|0x000000008ae00000, 0x000000008ae00000, 0x000000008af00000|  0%| F|  |TAMS 0x000000008ae00000, 0x000000008ae00000| Untracked 
| 175|0x000000008af00000, 0x000000008af00000, 0x000000008b000000|  0%| F|  |TAMS 0x000000008af00000, 0x000000008af00000| Untracked 
| 176|0x000000008b000000, 0x000000008b000000, 0x000000008b100000|  0%| F|  |TAMS 0x000000008b000000, 0x000000008b000000| Untracked 
| 177|0x000000008b100000, 0x000000008b100000, 0x000000008b200000|  0%| F|  |TAMS 0x000000008b100000, 0x000000008b100000| Untracked 
| 178|0x000000008b200000, 0x000000008b200000, 0x000000008b300000|  0%| F|  |TAMS 0x000000008b200000, 0x000000008b200000| Untracked 

Card table byte_map: [0x0000020efbff0000,0x0000020efc3f0000] _byte_map_base: 0x0000020efbbf0000

Marking Bits (Prev, Next): (CMBitMap*) 0x0000020ef7e9e628, (CMBitMap*) 0x0000020ef7e9e660
 Prev Bits: [0x0000020efc7f0000, 0x0000020efe7f0000)
 Next Bits: [0x0000020e8f000000, 0x0000020e91000000)

Polling page: 0x0000020ef75b0000

Metaspace:

Usage:
  Non-class:     83.47 MB capacity,    81.79 MB ( 98%) used,     1.37 MB (  2%) free+waste,   317.06 KB ( <1%) overhead. 
      Class:     13.43 MB capacity,    12.41 MB ( 92%) used,   893.69 KB (  6%) free+waste,   148.75 KB (  1%) overhead. 
       Both:     96.90 MB capacity,    94.21 MB ( 97%) used,     2.24 MB (  2%) free+waste,   465.81 KB ( <1%) overhead. 

Virtual space:
  Non-class space:       84.00 MB reserved,      83.50 MB (>99%) committed 
      Class space:        1.00 GB reserved,      13.45 MB (  1%) committed 
             Both:        1.08 GB reserved,      96.95 MB (  9%) committed 

Chunk freelists:
   Non-Class:  28.00 KB
       Class:  0 bytes
        Both:  28.00 KB

MaxMetaspaceSize: 17179869184.00 GB
CompressedClassSpaceSize: 1.00 GB

CodeHeap 'non-profiled nmethods': size=120000Kb used=7235Kb max_used=7235Kb free=112764Kb
 bounds [0x0000020e87ad0000, 0x0000020e881f0000, 0x0000020e8f000000]
CodeHeap 'profiled nmethods': size=120000Kb used=25655Kb max_used=25655Kb free=94344Kb
 bounds [0x0000020e805a0000, 0x0000020e81eb0000, 0x0000020e87ad0000]
CodeHeap 'non-nmethods': size=5760Kb used=2305Kb max_used=2364Kb free=3454Kb
 bounds [0x0000020e80000000, 0x0000020e80270000, 0x0000020e805a0000]
 total_blobs=13013 nmethods=12099 adapters=825
 compilation: enabled
              stopped_count=0, restarted_count=0
 full_count=0

Compilation events (20 events):
Event: 32.057 Thread 0x0000020effb2e800 nmethod 12270 0x0000020e81eaa990 code [0x0000020e81eaab40, 0x0000020e81eaac88]
Event: 32.057 Thread 0x0000020effb2e800 12234       2       com.android.tools.r8.internal.h2::e (18 bytes)
Event: 32.058 Thread 0x0000020effb2e800 nmethod 12234 0x0000020e81eaad90 code [0x0000020e81eaaf40, 0x0000020e81eab088]
Event: 32.058 Thread 0x0000020effb2e800 12236       2       com.android.tools.r8.ir.regalloc.a$$Lambda$1545/0x0000000100ce3440::accept (8 bytes)
Event: 32.058 Thread 0x0000020effb2e800 nmethod 12236 0x0000020e81eab190 code [0x0000020e81eab360, 0x0000020e81eab4e8]
Event: 32.058 Thread 0x0000020effb2e800 12241       2       com.android.tools.r8.internal.Rr::f2 (14 bytes)
Event: 32.058 Thread 0x0000020effb2e800 nmethod 12241 0x0000020e81eab610 code [0x0000020e81eab7c0, 0x0000020e81eab928]
Event: 32.058 Thread 0x0000020effb2e800 12238       2       com.android.tools.r8.internal.ge::a (6 bytes)
Event: 32.059 Thread 0x0000020effb2e800 nmethod 12238 0x0000020e81eaba10 code [0x0000020e81eabc00, 0x0000020e81eabec8]
Event: 32.059 Thread 0x0000020effb2e800 12239       2       com.android.tools.r8.internal.ja::a (35 bytes)
Event: 32.059 Thread 0x0000020effb2e800 nmethod 12239 0x0000020e81eac090 code [0x0000020e81eac280, 0x0000020e81eac528]
Event: 32.059 Thread 0x0000020effb2e800 12251       2       com.android.tools.r8.internal.nh::isEmpty (13 bytes)
Event: 32.060 Thread 0x0000020effb2e800 nmethod 12251 0x0000020e81eac710 code [0x0000020e81eac8c0, 0x0000020e81eac9d8]
Event: 32.060 Thread 0x0000020effb2e800 12223       2       com.android.tools.r8.internal.Lv::Y (8 bytes)
Event: 32.060 Thread 0x0000020effb2e800 nmethod 12223 0x0000020e81eaca90 code [0x0000020e81eacc40, 0x0000020e81eacd98]
Event: 32.060 Thread 0x0000020effb2e800 12274       2       com.android.tools.r8.internal.N4::a (20 bytes)
Event: 32.060 Thread 0x0000020effb2e800 nmethod 12274 0x0000020e81eace10 code [0x0000020e81eacfe0, 0x0000020e81ead198]
Event: 32.060 Thread 0x0000020effb2e800 12275       2       com.android.tools.r8.internal.Le::a (195 bytes)
Event: 32.062 Thread 0x0000020effb2e800 nmethod 12275 0x0000020e81ead310 code [0x0000020e81ead560, 0x0000020e81eada78]
Event: 32.062 Thread 0x0000020effb2e800 12285       2       com.android.tools.r8.internal.UC::a (45 bytes)

GC Heap History (20 events):
Event: 26.580 GC heap after
{Heap after GC invocations=23 (full 0):
 garbage-first heap   total 152576K, used 67356K [0x0000000080000000, 0x0000000100000000)
  region size 1024K, 5 young (5120K), 5 survivors (5120K)
 Metaspace       used 79533K, capacity 81818K, committed 81868K, reserved 1120256K
  class space    used 10373K, capacity 11185K, committed 11212K, reserved 1048576K
}
Event: 27.461 GC heap before
{Heap before GC invocations=24 (full 0):
 garbage-first heap   total 152576K, used 113436K [0x0000000080000000, 0x0000000100000000)
  region size 1024K, 52 young (53248K), 5 survivors (5120K)
 Metaspace       used 81336K, capacity 83539K, committed 83660K, reserved 1122304K
  class space    used 10563K, capacity 11349K, committed 11468K, reserved 1048576K
}
Event: 27.472 GC heap after
{Heap after GC invocations=25 (full 0):
 garbage-first heap   total 152576K, used 69568K [0x0000000080000000, 0x0000000100000000)
  region size 1024K, 5 young (5120K), 5 survivors (5120K)
 Metaspace       used 81336K, capacity 83539K, committed 83660K, reserved 1122304K
  class space    used 10563K, capacity 11349K, committed 11468K, reserved 1048576K
}
Event: 27.970 GC heap before
{Heap before GC invocations=25 (full 0):
 garbage-first heap   total 152576K, used 115648K [0x0000000080000000, 0x0000000100000000)
  region size 1024K, 51 young (52224K), 5 survivors (5120K)
 Metaspace       used 82927K, capacity 85133K, committed 85324K, reserved 1122304K
  class space    used 10765K, capacity 11578K, committed 11596K, reserved 1048576K
}
Event: 27.980 GC heap after
{Heap after GC invocations=26 (full 0):
 garbage-first heap   total 152576K, used 71303K [0x0000000080000000, 0x0000000100000000)
  region size 1024K, 4 young (4096K), 4 survivors (4096K)
 Metaspace       used 82927K, capacity 85133K, committed 85324K, reserved 1122304K
  class space    used 10765K, capacity 11578K, committed 11596K, reserved 1048576K
}
Event: 28.551 GC heap before
{Heap before GC invocations=26 (full 0):
 garbage-first heap   total 152576K, used 118407K [0x0000000080000000, 0x0000000100000000)
  region size 1024K, 52 young (53248K), 4 survivors (4096K)
 Metaspace       used 84950K, capacity 87288K, committed 87500K, reserved 1124352K
  class space    used 11029K, capacity 11867K, committed 11980K, reserved 1048576K
}
Event: 28.564 GC heap after
{Heap after GC invocations=27 (full 0):
 garbage-first heap   total 152576K, used 76790K [0x0000000080000000, 0x0000000100000000)
  region size 1024K, 7 young (7168K), 7 survivors (7168K)
 Metaspace       used 84950K, capacity 87288K, committed 87500K, reserved 1124352K
  class space    used 11029K, capacity 11867K, committed 11980K, reserved 1048576K
}
Event: 29.031 GC heap before
{Heap before GC invocations=27 (full 0):
 garbage-first heap   total 152576K, used 120822K [0x0000000080000000, 0x0000000100000000)
  region size 1024K, 51 young (52224K), 7 survivors (7168K)
 Metaspace       used 87189K, capacity 89580K, committed 89804K, reserved 1126400K
  class space    used 11335K, capacity 12191K, committed 12236K, reserved 1048576K
}
Event: 29.055 GC heap after
{Heap after GC invocations=28 (full 0):
 garbage-first heap   total 152576K, used 86519K [0x0000000080000000, 0x0000000100000000)
  region size 1024K, 7 young (7168K), 7 survivors (7168K)
 Metaspace       used 87189K, capacity 89580K, committed 89804K, reserved 1126400K
  class space    used 11335K, capacity 12191K, committed 12236K, reserved 1048576K
}
Event: 29.632 GC heap before
{Heap before GC invocations=29 (full 0):
 garbage-first heap   total 152576K, used 121335K [0x0000000080000000, 0x0000000100000000)
  region size 1024K, 42 young (43008K), 7 survivors (7168K)
 Metaspace       used 88849K, capacity 91194K, committed 91596K, reserved 1128448K
  class space    used 11532K, capacity 12381K, committed 12492K, reserved 1048576K
}
Event: 29.648 GC heap after
{Heap after GC invocations=30 (full 0):
 garbage-first heap   total 152576K, used 88907K [0x0000000080000000, 0x0000000100000000)
  region size 1024K, 6 young (6144K), 6 survivors (6144K)
 Metaspace       used 88849K, capacity 91194K, committed 91596K, reserved 1128448K
  class space    used 11532K, capacity 12381K, committed 12492K, reserved 1048576K
}
Event: 29.871 GC heap before
{Heap before GC invocations=30 (full 0):
 garbage-first heap   total 152576K, used 122699K [0x0000000080000000, 0x0000000100000000)
  region size 1024K, 39 young (39936K), 6 survivors (6144K)
 Metaspace       used 89755K, capacity 92075K, committed 92492K, reserved 1128448K
  class space    used 11642K, capacity 12482K, committed 12620K, reserved 1048576K
}
Event: 29.918 GC heap after
{Heap after GC invocations=31 (full 0):
 garbage-first heap   total 183296K, used 95326K [0x0000000080000000, 0x0000000100000000)
  region size 1024K, 5 young (5120K), 5 survivors (5120K)
 Metaspace       used 89755K, capacity 92075K, committed 92492K, reserved 1128448K
  class space    used 11642K, capacity 12482K, committed 12620K, reserved 1048576K
}
Event: 30.433 GC heap before
{Heap before GC invocations=32 (full 0):
 garbage-first heap   total 183296K, used 136286K [0x0000000080000000, 0x0000000100000000)
  region size 1024K, 45 young (46080K), 5 survivors (5120K)
 Metaspace       used 90988K, capacity 93514K, committed 93772K, reserved 1130496K
  class space    used 11857K, capacity 12772K, committed 12876K, reserved 1048576K
}
Event: 30.458 GC heap after
{Heap after GC invocations=33 (full 0):
 garbage-first heap   total 183296K, used 102558K [0x0000000080000000, 0x0000000100000000)
  region size 1024K, 6 young (6144K), 6 survivors (6144K)
 Metaspace       used 90988K, capacity 93514K, committed 93772K, reserved 1130496K
  class space    used 11857K, capacity 12772K, committed 12876K, reserved 1048576K
}
Event: 31.014 GC heap before
{Heap before GC invocations=33 (full 0):
 garbage-first heap   total 183296K, used 140446K [0x0000000080000000, 0x0000000100000000)
  region size 1024K, 44 young (45056K), 6 survivors (6144K)
 Metaspace       used 94286K, capacity 96998K, committed 97228K, reserved 1132544K
  class space    used 12462K, capacity 13470K, committed 13516K, reserved 1048576K
}
Event: 31.033 GC heap after
{Heap after GC invocations=34 (full 0):
 garbage-first heap   total 183296K, used 107533K [0x0000000080000000, 0x0000000100000000)
  region size 1024K, 5 young (5120K), 5 survivors (5120K)
 Metaspace       used 94286K, capacity 96998K, committed 97228K, reserved 1132544K
  class space    used 12462K, capacity 13470K, committed 13516K, reserved 1048576K
}
Event: 31.653 GC heap before
{Heap before GC invocations=35 (full 0):
 garbage-first heap   total 183296K, used 144397K [0x0000000080000000, 0x0000000100000000)
  region size 1024K, 42 young (43008K), 5 survivors (5120K)
 Metaspace       used 95481K, capacity 98227K, committed 98508K, reserved 1134592K
  class space    used 12601K, capacity 13634K, committed 13772K, reserved 1048576K
}
Event: 31.667 GC heap after
{Heap after GC invocations=36 (full 0):
 garbage-first heap   total 183296K, used 108631K [0x0000000080000000, 0x0000000100000000)
  region size 1024K, 2 young (2048K), 2 survivors (2048K)
 Metaspace       used 95481K, capacity 98227K, committed 98508K, reserved 1134592K
  class space    used 12601K, capacity 13634K, committed 13772K, reserved 1048576K
}
Event: 32.071 GC heap before
{Heap before GC invocations=36 (full 0):
 garbage-first heap   total 183296K, used 147543K [0x0000000080000000, 0x0000000100000000)
  region size 1024K, 40 young (40960K), 2 survivors (2048K)
 Metaspace       used 96466K, capacity 99228K, committed 99276K, reserved 1134592K
  class space    used 12709K, capacity 13752K, committed 13772K, reserved 1048576K
}

Deoptimization events (20 events):
Event: 31.945 Thread 0x0000020e9643c800 DEOPT PACKING pc=0x0000020e88197744 sp=0x000000badd8f9900
Event: 31.945 Thread 0x0000020e9643c800 DEOPT UNPACKING pc=0x0000020e800278af sp=0x000000badd8f9828 mode 2
Event: 31.946 Thread 0x0000020e9643c800 Uncommon trap: trap_request=0xffffffde fr.pc=0x0000020e88189744 relative=0x0000000000000164
Event: 31.946 Thread 0x0000020e9643c800 Uncommon trap: reason=class_check action=maybe_recompile pc=0x0000020e88189744 method=com.android.tools.r8.internal.BE.a(Lcom/android/tools/r8/internal/BE;Lcom/android/tools/r8/internal/e8;)I @ 19 c2
Event: 31.946 Thread 0x0000020e9643c800 DEOPT PACKING pc=0x0000020e88189744 sp=0x000000badd8f9c40
Event: 31.946 Thread 0x0000020e9643c800 DEOPT UNPACKING pc=0x0000020e800278af sp=0x000000badd8f9be8 mode 2
Event: 31.946 Thread 0x0000020e9643c800 Uncommon trap: trap_request=0xffffffde fr.pc=0x0000020e88189744 relative=0x0000000000000164
Event: 31.946 Thread 0x0000020e9643c800 Uncommon trap: reason=class_check action=maybe_recompile pc=0x0000020e88189744 method=com.android.tools.r8.internal.BE.a(Lcom/android/tools/r8/internal/BE;Lcom/android/tools/r8/internal/e8;)I @ 19 c2
Event: 31.947 Thread 0x0000020e9643c800 DEOPT PACKING pc=0x0000020e88189744 sp=0x000000badd8f9c40
Event: 31.947 Thread 0x0000020e9643c800 DEOPT UNPACKING pc=0x0000020e800278af sp=0x000000badd8f9be8 mode 2
Event: 31.947 Thread 0x0000020e9643c800 Uncommon trap: trap_request=0xffffffde fr.pc=0x0000020e88189744 relative=0x0000000000000164
Event: 31.947 Thread 0x0000020e9643c800 Uncommon trap: reason=class_check action=maybe_recompile pc=0x0000020e88189744 method=com.android.tools.r8.internal.BE.a(Lcom/android/tools/r8/internal/BE;Lcom/android/tools/r8/internal/e8;)I @ 19 c2
Event: 31.947 Thread 0x0000020e9643c800 DEOPT PACKING pc=0x0000020e88189744 sp=0x000000badd8f9a30
Event: 31.947 Thread 0x0000020e9643c800 DEOPT UNPACKING pc=0x0000020e800278af sp=0x000000badd8f99c0 mode 2
Event: 31.947 Thread 0x0000020e9643c800 Uncommon trap: trap_request=0xffffffde fr.pc=0x0000020e88189744 relative=0x0000000000000164
Event: 31.947 Thread 0x0000020e9643c800 Uncommon trap: reason=class_check action=maybe_recompile pc=0x0000020e88189744 method=com.android.tools.r8.internal.BE.a(Lcom/android/tools/r8/internal/BE;Lcom/android/tools/r8/internal/e8;)I @ 19 c2
Event: 31.947 Thread 0x0000020e9643c800 DEOPT PACKING pc=0x0000020e88189744 sp=0x000000badd8f9c50
Event: 31.947 Thread 0x0000020e9643c800 DEOPT UNPACKING pc=0x0000020e800278af sp=0x000000badd8f9bf8 mode 2
Event: 31.966 Thread 0x0000020e98745000 DEOPT PACKING pc=0x0000020e81e512e3 sp=0x000000bade5f6af0
Event: 31.966 Thread 0x0000020e98745000 DEOPT UNPACKING pc=0x0000020e800276ce sp=0x000000bade5f5fd0 mode 0

Classes redefined (0 events):
No events

Internal exceptions (20 events):
Event: 30.593 Thread 0x0000020e9643c800 Exception <a 'java/lang/IncompatibleClassChangeError'{0x000000008a05e990}: Found class java.lang.Object, but interface was expected> (0x000000008a05e990) thrown at [./src/hotspot/share/interpreter/linkResolver.cpp, line 839]
Event: 30.596 Thread 0x0000020e9643c800 Exception <a 'java/lang/IncompatibleClassChangeError'{0x000000008a069578}: Found class java.lang.Object, but interface was expected> (0x000000008a069578) thrown at [./src/hotspot/share/interpreter/linkResolver.cpp, line 839]
Event: 30.636 Thread 0x0000020e9643e000 Exception <a 'java/lang/NoSuchMethodError'{0x0000000089d69b28}: 'void java.lang.invoke.DirectMethodHandle$Holder.invokeVirtual(java.lang.Object, java.lang.Object, int, java.lang.Object)'> (0x0000000089d69b28) thrown at [./src/hotspot/share/interpreter/linkResolver.cpp, line 773]
Event: 30.636 Thread 0x0000020e96440800 Exception <a 'java/lang/NoSuchMethodError'{0x0000000089a02058}: 'void java.lang.invoke.DirectMethodHandle$Holder.invokeVirtual(java.lang.Object, java.lang.Object, int, java.lang.Object)'> (0x0000000089a02058) thrown at [./src/hotspot/share/interpreter/linkResolver.cpp, line 773]
Event: 30.636 Thread 0x0000020e9643f800 Exception <a 'java/lang/NoSuchMethodError'{0x0000000089b95520}: 'void java.lang.invoke.DirectMethodHandle$Holder.invokeVirtual(java.lang.Object, java.lang.Object, int, java.lang.Object)'> (0x0000000089b95520) thrown at [./src/hotspot/share/interpreter/linkResolver.cpp, line 773]
Event: 30.761 Thread 0x0000020e9643f800 Exception <a 'java/lang/NoSuchMethodError'{0x0000000089622f50}: 'int java.lang.invoke.DirectMethodHandle$Holder.invokeSpecial(java.lang.Object, java.lang.Object, java.lang.Object, int, java.lang.Object)'> (0x0000000089622f50) thrown at [./src/hotspot/share/interpreter/linkResolver.cpp, line 773]
Event: 30.761 Thread 0x0000020e9643c800 Exception <a 'java/lang/NoSuchMethodError'{0x00000000897c5968}: 'int java.lang.invoke.DirectMethodHandle$Holder.invokeSpecial(java.lang.Object, java.lang.Object, java.lang.Object, int, java.lang.Object)'> (0x00000000897c5968) thrown at [./src/hotspot/share/interpreter/linkResolver.cpp, line 773]
Event: 30.764 Thread 0x0000020e9643f000 Exception <a 'java/lang/NoSuchMethodError'{0x0000000089898490}: 'int java.lang.invoke.DirectMethodHandle$Holder.invokeSpecial(java.lang.Object, java.lang.Object, java.lang.Object, int, java.lang.Object)'> (0x0000000089898490) thrown at [./src/hotspot/share/interpreter/linkResolver.cpp, line 773]
Event: 30.782 Thread 0x0000020e96440800 Exception <a 'java/lang/NoSuchMethodError'{0x00000000896947a8}: 'java.lang.Object java.lang.invoke.DirectMethodHandle$Holder.newInvokeSpecial(java.lang.Object, int)'> (0x00000000896947a8) thrown at [./src/hotspot/share/interpreter/linkResolver.cpp, line 773]
Event: 30.783 Thread 0x0000020e94d30000 Exception <a 'java/lang/NoSuchMethodError'{0x0000000089699f30}: 'java.lang.Object java.lang.invoke.DirectMethodHandle$Holder.newInvokeSpecial(java.lang.Object, int)'> (0x0000000089699f30) thrown at [./src/hotspot/share/interpreter/linkResolver.cpp, line 773]
Event: 30.892 Thread 0x0000020e9643f800 Exception <a 'java/lang/NoSuchMethodError'{0x0000000089266310}: 'java.lang.Object java.lang.invoke.DirectMethodHandle$Holder.invokeInterface(java.lang.Object, java.lang.Object, int)'> (0x0000000089266310) thrown at [./src/hotspot/share/interpreter/linkResolver.cpp, line 773]
Event: 30.893 Thread 0x0000020e9643e000 Exception <a 'java/lang/NoSuchMethodError'{0x000000008926f060}: 'java.lang.Object java.lang.invoke.DirectMethodHandle$Holder.invokeInterface(java.lang.Object, java.lang.Object, int)'> (0x000000008926f060) thrown at [./src/hotspot/share/interpreter/linkResolver.cpp, line 773]
Event: 31.055 Thread 0x0000020e94d30000 Exception <a 'java/lang/NoSuchMethodError'{0x000000008b1310d8}: 'java.lang.Object java.lang.invoke.DirectMethodHandle$Holder.invokeSpecial(java.lang.Object, java.lang.Object, java.lang.Object, java.lang.Object, java.lang.Object, java.lang.Object, java.lang.Object, java.lang.Object, java.lang.Object, java.lang.Object, java.lang.Object)'> (0x000000008b1310d8) thrown at [./src/hotspot/share/interpreter/linkResolver.cpp, line 773]
Event: 31.057 Thread 0x0000020e94d30000 Exception <a 'java/lang/NoSuchMethodError'{0x000000008b13ce48}: 'java.lang.Object java.lang.invoke.Invokers$Holder.linkToTargetMethod(java.lang.Object, java.lang.Object, java.lang.Object, java.lang.Object, java.lang.Object, java.lang.Object, java.lang.Object, java.lang.Object, java.lang.Object, java.lang.Object)'> (0x000000008b13ce48) thrown at [./src/hotspot/share/interpreter/linkResolver.cpp, line 773]
Event: 31.220 Thread 0x0000020e94d30000 Exception <a 'java/lang/IncompatibleClassChangeError'{0x000000008a82a930}: Found class java.lang.Object, but interface was expected> (0x000000008a82a930) thrown at [./src/hotspot/share/interpreter/linkResolver.cpp, line 839]
Event: 31.439 Thread 0x0000020e9643c800 Exception <a 'java/lang/NoSuchMethodError'{0x0000000089fe0260}: 'void java.lang.invoke.DirectMethodHandle$Holder.invokeSpecial(java.lang.Object, java.lang.Object, int, java.lang.Object, java.lang.Object, java.lang.Object, java.lang.Object)'> (0x0000000089fe0260) thrown at [./src/hotspot/share/interpreter/linkResolver.cpp, line 773]
Event: 31.445 Thread 0x0000020e9643c800 Exception <a 'java/lang/NoSuchMethodError'{0x0000000089fec0a8}: 'java.lang.Object java.lang.invoke.Invokers$Holder.linkToTargetMethod(java.lang.Object, int, java.lang.Object, java.lang.Object, java.lang.Object, java.lang.Object)'> (0x0000000089fec0a8) thrown at [./src/hotspot/share/interpreter/linkResolver.cpp, line 773]
Event: 31.448 Thread 0x0000020e9643c800 Exception <a 'java/lang/NoSuchMethodError'{0x0000000089ff06b0}: 'void java.lang.invoke.DirectMethodHandle$Holder.invokeSpecial(java.lang.Object, java.lang.Object, java.lang.Object, java.lang.Object, java.lang.Object, java.lang.Object, java.lang.Object, java.lang.Object, java.lang.Object)'> (0x0000000089ff06b0) thrown at [./src/hotspot/share/interpreter/linkResolver.cpp, line 773]
Event: 31.466 Thread 0x0000020e9643c800 Exception <a 'java/lang/NoSuchMethodError'{0x0000000089e45c08}: 'void java.lang.invoke.DirectMethodHandle$Holder.invokeStatic(java.lang.Object, java.lang.Object, java.lang.Object, java.lang.Object, java.lang.Object, java.lang.Object, java.lang.Object, java.lang.Object)'> (0x0000000089e45c08) thrown at [./src/hotspot/share/interpreter/linkResolver.cpp, line 773]
Event: 31.945 Thread 0x0000020e9643c800 Exception <a 'java/lang/IncompatibleClassChangeError'{0x0000000089c4d888}: Found class java.lang.Object, but interface was expected> (0x0000000089c4d888) thrown at [./src/hotspot/share/interpreter/linkResolver.cpp, line 839]

Events (20 events):
Event: 31.948 loading class com/android/tools/r8/graph/y done
Event: 31.949 loading class com/android/tools/r8/internal/Su
Event: 31.949 loading class com/android/tools/r8/internal/Su done
Event: 31.949 loading class com/android/tools/r8/graph/Y
Event: 31.949 loading class com/android/tools/r8/graph/Y done
Event: 31.949 loading class com/android/tools/r8/internal/Su
Event: 31.949 loading class com/android/tools/r8/internal/Su done
Event: 31.949 loading class com/android/tools/r8/internal/Kz
Event: 31.949 loading class com/android/tools/r8/internal/Kz done
Event: 31.950 loading class com/android/tools/r8/internal/Kz
Event: 31.950 loading class com/android/tools/r8/internal/Kz done
Event: 31.950 loading class com/android/tools/r8/dex/m
Event: 31.950 loading class com/android/tools/r8/dex/m done
Event: 31.977 loading class com/android/tools/r8/internal/Dw
Event: 31.977 loading class com/android/tools/r8/internal/Dw done
Event: 31.978 loading class com/android/tools/r8/dex/p
Event: 31.978 loading class com/android/tools/r8/dex/p done
Event: 32.063 loading class com/android/tools/r8/dex/o
Event: 32.063 loading class com/android/tools/r8/dex/o done
Event: 32.063 Executing VM operation: G1CollectForAllocation


Dynamic libraries:
0x00007ff657c40000 - 0x00007ff657c4a000 	C:\Program Files\Android\Android Studio\jre\bin\java.exe
0x00007ff9c78f0000 - 0x00007ff9c7ae5000 	C:\WINDOWS\SYSTEM32\ntdll.dll
0x00007ff9a9190000 - 0x00007ff9a91a5000 	C:\Program Files\Avast Software\Avast\aswhook.dll
0x00007ff9c77d0000 - 0x00007ff9c788d000 	C:\WINDOWS\System32\KERNEL32.DLL
0x00007ff9c5020000 - 0x00007ff9c52e9000 	C:\WINDOWS\System32\KERNELBASE.dll
0x00007ff9c54b0000 - 0x00007ff9c55b0000 	C:\WINDOWS\System32\ucrtbase.dll
0x00007ff9bf2e0000 - 0x00007ff9bf2f7000 	C:\Program Files\Android\Android Studio\jre\bin\VCRUNTIME140.dll
0x00007ff9bf1e0000 - 0x00007ff9bf1f9000 	C:\Program Files\Android\Android Studio\jre\bin\jli.dll
0x00007ff9c6590000 - 0x00007ff9c6730000 	C:\WINDOWS\System32\USER32.dll
0x00007ff9c5320000 - 0x00007ff9c5342000 	C:\WINDOWS\System32\win32u.dll
0x00007ff9c6a20000 - 0x00007ff9c6a4a000 	C:\WINDOWS\System32\GDI32.dll
0x00007ff9c5350000 - 0x00007ff9c545b000 	C:\WINDOWS\System32\gdi32full.dll
0x00007ff9b3770000 - 0x00007ff9b3a0a000 	C:\WINDOWS\WinSxS\amd64_microsoft.windows.common-controls_6595b64144ccf1df_6.0.19041.1110_none_60b5254171f9507e\COMCTL32.dll
0x00007ff9c55b0000 - 0x00007ff9c564d000 	C:\WINDOWS\System32\msvcp_win.dll
0x00007ff9c6f40000 - 0x00007ff9c6fde000 	C:\WINDOWS\System32\msvcrt.dll
0x00007ff9c75a0000 - 0x00007ff9c75d0000 	C:\WINDOWS\System32\IMM32.DLL
0x00007ff9c4cc0000 - 0x00007ff9c4db7000 	C:\Windows\system32\guard64.dll
0x00007ff9c5950000 - 0x00007ff9c59fc000 	C:\WINDOWS\System32\ADVAPI32.dll
0x00007ff9c75d0000 - 0x00007ff9c766b000 	C:\WINDOWS\System32\sechost.dll
0x00007ff9c6730000 - 0x00007ff9c685a000 	C:\WINDOWS\System32\RPCRT4.dll
0x00007ff9c4cb0000 - 0x00007ff9c4cba000 	C:\WINDOWS\system32\version.dll
0x00007ff9c72b0000 - 0x00007ff9c73da000 	C:\WINDOWS\System32\ole32.dll
0x00007ff9c5a00000 - 0x00007ff9c5d55000 	C:\WINDOWS\System32\combase.dll
0x00007ff9c4ca0000 - 0x00007ff9c4cab000 	C:\WINDOWS\system32\fltlib.dll
0x00007ff9c5e50000 - 0x00007ff9c658f000 	C:\WINDOWS\System32\shell32.dll
0x00007ff9a6100000 - 0x00007ff9a619d000 	C:\Program Files\Android\Android Studio\jre\bin\msvcp140.dll
0x00007ff949580000 - 0x00007ff94a04f000 	C:\Program Files\Android\Android Studio\jre\bin\server\jvm.dll
0x00007ff9c6a10000 - 0x00007ff9c6a18000 	C:\WINDOWS\System32\PSAPI.DLL
0x00007ff9b1d90000 - 0x00007ff9b1d99000 	C:\WINDOWS\SYSTEM32\WSOCK32.dll
0x00007ff9c76d0000 - 0x00007ff9c773b000 	C:\WINDOWS\System32\WS2_32.dll
0x00007ff9b3520000 - 0x00007ff9b3547000 	C:\WINDOWS\SYSTEM32\WINMM.dll
0x00007ff9c37c0000 - 0x00007ff9c37d2000 	C:\WINDOWS\SYSTEM32\kernel.appcore.dll
0x00007ff9bf3e0000 - 0x00007ff9bf3f1000 	C:\Program Files\Android\Android Studio\jre\bin\verify.dll
0x00007ff9c34a0000 - 0x00007ff9c3684000 	C:\WINDOWS\SYSTEM32\DBGHELP.DLL
0x00007ff9baff0000 - 0x00007ff9bb01c000 	C:\WINDOWS\SYSTEM32\dbgcore.DLL
0x00007ff9c5810000 - 0x00007ff9c5893000 	C:\WINDOWS\System32\bcryptPrimitives.dll
0x00007ff9beb10000 - 0x00007ff9beb39000 	C:\Program Files\Android\Android Studio\jre\bin\java.dll
0x00007ff9bef80000 - 0x00007ff9bef8b000 	C:\Program Files\Android\Android Studio\jre\bin\jimage.dll
0x00007ff9beaf0000 - 0x00007ff9beb08000 	C:\Program Files\Android\Android Studio\jre\bin\zip.dll
0x00007ff9c2c40000 - 0x00007ff9c33d0000 	C:\WINDOWS\SYSTEM32\windows.storage.dll
0x00007ff9c4960000 - 0x00007ff9c498c000 	C:\WINDOWS\SYSTEM32\Wldp.dll
0x00007ff9c7440000 - 0x00007ff9c74ee000 	C:\WINDOWS\System32\SHCORE.dll
0x00007ff9c5d60000 - 0x00007ff9c5db5000 	C:\WINDOWS\System32\shlwapi.dll
0x00007ff9c4f60000 - 0x00007ff9c4f7f000 	C:\WINDOWS\SYSTEM32\profapi.dll
0x00007ff9bea10000 - 0x00007ff9bea2a000 	C:\Program Files\Android\Android Studio\jre\bin\net.dll
0x00007ff9bd960000 - 0x00007ff9bda68000 	C:\WINDOWS\SYSTEM32\WINHTTP.dll
0x00007ff9c46c0000 - 0x00007ff9c472a000 	C:\WINDOWS\system32\mswsock.dll
0x00007ff9bd8d0000 - 0x00007ff9bd8e4000 	C:\Program Files\Android\Android Studio\jre\bin\nio.dll
0x00007ff9a8d90000 - 0x00007ff9a8db7000 	C:\Users\Mich01\.gradle\native\8bec1ad78214c89d9ad589b4d07fe93259594b29d510b10fafb7a158f7737e5d\windows-amd64\native-platform.dll
0x00007ff9a5fc0000 - 0x00007ff9a60fd000 	C:\Users\Mich01\.gradle\native\53dbd7edfb1c66fb8903c78663c9afc45aea4f116125fa6feffd364cf09443e8\windows-amd64\native-platform-file-events.dll
0x00007ff9bd8a0000 - 0x00007ff9bd8aa000 	C:\Program Files\Android\Android Studio\jre\bin\management.dll
0x00007ff9bc590000 - 0x00007ff9bc59c000 	C:\Program Files\Android\Android Studio\jre\bin\management_ext.dll
0x00007ff9c48b0000 - 0x00007ff9c48c8000 	C:\WINDOWS\SYSTEM32\CRYPTSP.dll
0x00007ff9c3fd0000 - 0x00007ff9c4004000 	C:\WINDOWS\system32\rsaenh.dll
0x00007ff9c52f0000 - 0x00007ff9c5317000 	C:\WINDOWS\System32\bcrypt.dll
0x00007ff9c4ee0000 - 0x00007ff9c4f0e000 	C:\WINDOWS\SYSTEM32\USERENV.dll
0x00007ff9c48d0000 - 0x00007ff9c48dc000 	C:\WINDOWS\SYSTEM32\CRYPTBASE.dll
0x00007ff9c4360000 - 0x00007ff9c439b000 	C:\WINDOWS\SYSTEM32\IPHLPAPI.DLL
0x00007ff9c5e40000 - 0x00007ff9c5e48000 	C:\WINDOWS\System32\NSI.dll
0x00007ff9bb060000 - 0x00007ff9bb077000 	C:\WINDOWS\SYSTEM32\dhcpcsvc6.DLL
0x00007ff9bb040000 - 0x00007ff9bb05d000 	C:\WINDOWS\SYSTEM32\dhcpcsvc.DLL
0x00007ff9c43b0000 - 0x00007ff9c447c000 	C:\WINDOWS\SYSTEM32\DNSAPI.dll

dbghelp: loaded successfully - version: 4.0.5 - missing functions: none
symbol engine: initialized successfully - sym options: 0x614 - pdb path: .;C:\Program Files\Android\Android Studio\jre\bin;C:\WINDOWS\SYSTEM32;C:\Program Files\Avast Software\Avast;C:\WINDOWS\WinSxS\amd64_microsoft.windows.common-controls_6595b64144ccf1df_6.0.19041.1110_none_60b5254171f9507e;C:\Program Files\Android\Android Studio\jre\bin\server;C:\Users\Mich01\.gradle\native\8bec1ad78214c89d9ad589b4d07fe93259594b29d510b10fafb7a158f7737e5d\windows-amd64;C:\Users\Mich01\.gradle\native\53dbd7edfb1c66fb8903c78663c9afc45aea4f116125fa6feffd364cf09443e8\windows-amd64

VM Arguments:
jvm_args: --add-opens=java.base/java.util=ALL-UNNAMED --add-opens=java.base/java.lang=ALL-UNNAMED --add-opens=java.base/java.lang.invoke=ALL-UNNAMED --add-opens=java.base/java.util=ALL-UNNAMED --add-opens=java.prefs/java.util.prefs=ALL-UNNAMED --add-opens=java.prefs/java.util.prefs=ALL-UNNAMED --add-opens=java.base/java.nio.charset=ALL-UNNAMED --add-opens=java.base/java.net=ALL-UNNAMED --add-opens=java.base/java.util.concurrent.atomic=ALL-UNNAMED -Xmx2048m -Dfile.encoding=UTF-8 -Duser.country=US -Duser.language=en -Duser.variant 
java_command: org.gradle.launcher.daemon.bootstrap.GradleDaemon 7.0.2
java_class_path (initial): C:\Users\Mich01\.gradle\wrapper\dists\gradle-7.0.2-bin\857tjihv64xamwrf0h14cai3r\gradle-7.0.2\lib\gradle-launcher-7.0.2.jar
Launcher Type: SUN_STANDARD

[Global flags]
     intx CICompilerCount                          = 4                                         {product} {ergonomic}
     uint ConcGCThreads                            = 2                                         {product} {ergonomic}
     uint G1ConcRefinementThreads                  = 8                                         {product} {ergonomic}
   size_t G1HeapRegionSize                         = 1048576                                   {product} {ergonomic}
    uintx GCDrainStackTargetSize                   = 64                                        {product} {ergonomic}
   size_t InitialHeapSize                          = 130023424                                 {product} {ergonomic}
   size_t MarkStackSize                            = 4194304                                   {product} {ergonomic}
   size_t MaxHeapSize                              = 2147483648                                {product} {command line}
   size_t MaxNewSize                               = 1287651328                                {product} {ergonomic}
   size_t MinHeapDeltaBytes                        = 1048576                                   {product} {ergonomic}
    uintx NonNMethodCodeHeapSize                   = 5836300                                {pd product} {ergonomic}
    uintx NonProfiledCodeHeapSize                  = 122910970                              {pd product} {ergonomic}
    uintx ProfiledCodeHeapSize                     = 122910970                              {pd product} {ergonomic}
    uintx ReservedCodeCacheSize                    = 251658240                              {pd product} {ergonomic}
     bool SegmentedCodeCache                       = true                                      {product} {ergonomic}
     bool UseCompressedClassPointers               = true                                 {lp64_product} {ergonomic}
     bool UseCompressedOops                        = true                                 {lp64_product} {ergonomic}
     bool UseG1GC                                  = true                                      {product} {ergonomic}
     bool UseLargePagesIndividualAllocation        = false                                  {pd product} {ergonomic}

Logging:
Log output configuration:
 #0: stdout all=warning uptime,level,tags
 #1: stderr all=off uptime,level,tags

Environment Variables:
PATH=C:\Users\Mich01\AppData\Local\Programs\Python\Python39\Scripts\;C:\Users\Mich01\AppData\Local\Programs\Python\Python39\;C:\Program Files (x86)\Common Files\Oracle\Java\javapath;C:\WINDOWS\system32;C:\WINDOWS;C:\WINDOWS\System32\Wbem;C:\WINDOWS\System32\WindowsPowerShell\v1.0\;C:\WINDOWS\System32\OpenSSH\;C:\Program Files\Intel\WiFi\bin\;C:\Program Files\Common Files\Intel\WirelessCommon\;C:\Program Files (x86)\Bitvise SSH Client;C:\ProgramData\chocolatey\bin;C:\Program Files (x86)\Common Files\Oracle\Java\javapath;C:\WINDOWS\system32;C:\WINDOWS;C:\WINDOWS\System32\Wbem;C:\WINDOWS\System32\WindowsPowerShell\v1.0\;C:\WINDOWS\System32\OpenSSH\;C:\Program Files\Intel\WiFi\bin\;C:\Program Files\Common Files\Intel\WirelessCommon\;C:\Program Files (x86)\Bitvise SSH Client;C:\Users\Mich01\AppData\Local\Microsoft\WindowsApps;C:\Program Files (x86)\Nmap;C:\Program Files\JetBrains\PyCharm Community Edition 2019.3.4\bin;;C:\Program Files\JetBrains\WebStorm 2020.3.2\bin;;C:\Users\Mich01\AppData\Roaming\Python\Python39\Scripts
USERNAME=Mich01
OS=Windows_NT
PROCESSOR_IDENTIFIER=Intel64 Family 6 Model 142 Stepping 10, GenuineIntel



---------------  S Y S T E M  ---------------

OS: Windows 10 , 64 bit Build 19041 (10.0.19041.1151)
OS uptime: 0 days 2:27 hours

CPU:total 8 (initial active 8) (4 cores per cpu, 2 threads per core) family 6 model 142 stepping 10 microcode 0xe0, cmov, cx8, fxsr, mmx, sse, sse2, sse3, ssse3, sse4.1, sse4.2, popcnt, avx, avx2, aes, clmul, erms, 3dnowpref, lzcnt, ht, tsc, tscinvbit, bmi1, bmi2, adx, fma

Memory: 4k page, system-wide physical 7814M (494M free)
TotalPageFile size 13771M (AvailPageFile size 131M)
current process WorkingSet (physical memory assigned to process): 522M, peak: 522M
current process commit charge ("private bytes"): 573M, peak: 632M

vm_info: OpenJDK 64-Bit Server VM (11.0.10+0-b96-7249189) for windows-amd64 JRE (11.0.10+0-b96-7249189), built on Mar 31 2021 21:44:00 by "builder" with MS VC++ 14.0 (VS2015)

END.
