#
# There is insufficient memory for the Java Runtime Environment to continue.
# Native memory allocation (malloc) failed to allocate 203088 bytes for Chunk::new
# Possible reasons:
#   The system is out of physical RAM or swap space
#   The process is running with CompressedOops enabled, and the Java Heap may be blocking the growth of the native heap
# Possible solutions:
#   Reduce memory load on the system
#   Increase physical memory or swap space
#   Check if swap backing store is full
#   Decrease Java heap size (-Xmx/-Xms)
#   Decrease number of Java threads
#   Decrease Java thread stack sizes (-Xss)
#   Set larger code cache with -XX:ReservedCodeCacheSize=
#   JVM is running with Unscaled Compressed Oops mode in which the Java heap is
#     placed in the first 4GB address space. The Java Heap base address is the
#     maximum limit for the native heap growth. Please use -XX:HeapBaseMinAddress
#     to set the Java Heap base and to place the Java Heap above 4GB virtual address.
# This output file may be truncated or incomplete.
#
#  Out of Memory Error (./src/hotspot/share/memory/arena.cpp:197), pid=14288, tid=17484
#
# JRE version: OpenJDK Runtime Environment (11.0.10) (build 11.0.10+0-b96-7249189)
# Java VM: OpenJDK 64-Bit Server VM (11.0.10+0-b96-7249189, mixed mode, tiered, compressed oops, g1 gc, windows-amd64)
# No core dump will be written. Minidumps are not enabled by default on client versions of Windows
#

---------------  S U M M A R Y ------------

Command Line: --add-opens=java.base/java.util=ALL-UNNAMED --add-opens=java.base/java.lang=ALL-UNNAMED --add-opens=java.base/java.lang.invoke=ALL-UNNAMED --add-opens=java.base/java.util=ALL-UNNAMED --add-opens=java.prefs/java.util.prefs=ALL-UNNAMED --add-opens=java.prefs/java.util.prefs=ALL-UNNAMED --add-opens=java.base/java.nio.charset=ALL-UNNAMED --add-opens=java.base/java.net=ALL-UNNAMED --add-opens=java.base/java.util.concurrent.atomic=ALL-UNNAMED -Xmx2048m -Dfile.encoding=UTF-8 -Duser.country=US -Duser.language=en -Duser.variant org.gradle.launcher.daemon.bootstrap.GradleDaemon 7.0.2

Host: Intel(R) Core(TM) i7-8550U CPU @ 1.80GHz, 8 cores, 7G,  Windows 10 , 64 bit Build 19041 (10.0.19041.1151)
Time: Thu Aug 12 15:24:14 2021 E. Africa Standard Time elapsed time: 8.529251 seconds (0d 0h 0m 8s)

---------------  T H R E A D  ---------------

Current thread (0x0000024a4f4c0800):  JavaThread "C2 CompilerThread0" daemon [_thread_in_native, id=17484, stack(0x0000006344200000,0x0000006344300000)]


Current CompileTask:
C2:   8529 2508  s!   4       jdk.internal.loader.URLClassPath::getLoader (194 bytes)

Stack: [0x0000006344200000,0x0000006344300000]
Native frames: (J=compiled Java code, j=interpreted, Vv=VM code, C=native code)
V  [jvm.dll+0x5ecfaa]
V  [jvm.dll+0x722bd5]
V  [jvm.dll+0x72412d]
V  [jvm.dll+0x7247e3]
V  [jvm.dll+0x242928]
V  [jvm.dll+0xbc4fc]
V  [jvm.dll+0xbca0c]
V  [jvm.dll+0x1fae51]
V  [jvm.dll+0x57fb8d]
V  [jvm.dll+0x58368b]
V  [jvm.dll+0x1fb4a2]
V  [jvm.dll+0x1fa7f4]
V  [jvm.dll+0x18354c]
V  [jvm.dll+0x208ee7]
V  [jvm.dll+0x207731]
V  [jvm.dll+0x6eb1cf]
V  [jvm.dll+0x6e3d45]
V  [jvm.dll+0x5ebe96]
C  [ucrtbase.dll+0x21bb2]
C  [KERNEL32.DLL+0x17034]
C  [ntdll.dll+0x52651]


---------------  P R O C E S S  ---------------

Threads class SMR info:
_java_thread_list=0x0000024a515669e0, length=30, elements={
0x0000024a33fee800, 0x0000024a4f459800, 0x0000024a4f467000, 0x0000024a4f4af800,
0x0000024a4f4b1000, 0x0000024a4f4b4800, 0x0000024a4f4c0800, 0x0000024a4f4c6800,
0x0000024a4f4d3800, 0x0000024a4f627000, 0x0000024a50a6e800, 0x0000024a513f7800,
0x0000024a513f8800, 0x0000024a513f9000, 0x0000024a513fa000, 0x0000024a513f5000,
0x0000024a513f4800, 0x0000024a513fb000, 0x0000024a513f6000, 0x0000024a513f7000,
0x0000024a513c0800, 0x0000024a513c1000, 0x0000024a513c3000, 0x0000024a513c4800,
0x0000024a513c2000, 0x0000024a513c3800, 0x0000024a513be800, 0x0000024a513c5000,
0x0000024a513bf800, 0x0000024a513ca000
}

Java Threads: ( => current thread )
  0x0000024a33fee800 JavaThread "main" [_thread_blocked, id=15604, stack(0x0000006343600000,0x0000006343700000)]
  0x0000024a4f459800 JavaThread "Reference Handler" daemon [_thread_blocked, id=8920, stack(0x0000006343d00000,0x0000006343e00000)]
  0x0000024a4f467000 JavaThread "Finalizer" daemon [_thread_blocked, id=12744, stack(0x0000006343e00000,0x0000006343f00000)]
  0x0000024a4f4af800 JavaThread "Signal Dispatcher" daemon [_thread_blocked, id=11768, stack(0x0000006343f00000,0x0000006344000000)]
  0x0000024a4f4b1000 JavaThread "Attach Listener" daemon [_thread_blocked, id=15052, stack(0x0000006344000000,0x0000006344100000)]
  0x0000024a4f4b4800 JavaThread "Service Thread" daemon [_thread_blocked, id=7360, stack(0x0000006344100000,0x0000006344200000)]
=>0x0000024a4f4c0800 JavaThread "C2 CompilerThread0" daemon [_thread_in_native, id=17484, stack(0x0000006344200000,0x0000006344300000)]
  0x0000024a4f4c6800 JavaThread "C1 CompilerThread0" daemon [_thread_blocked, id=13940, stack(0x0000006344300000,0x0000006344400000)]
  0x0000024a4f4d3800 JavaThread "Sweeper thread" daemon [_thread_blocked, id=17460, stack(0x0000006344400000,0x0000006344500000)]
  0x0000024a4f627000 JavaThread "Common-Cleaner" daemon [_thread_blocked, id=11604, stack(0x0000006344500000,0x0000006344600000)]
  0x0000024a50a6e800 JavaThread "Daemon health stats" [_thread_blocked, id=1664, stack(0x0000006344900000,0x0000006344a00000)]
  0x0000024a513f7800 JavaThread "Incoming local TCP Connector on port 9092" [_thread_in_native, id=17040, stack(0x0000006344700000,0x0000006344800000)]
  0x0000024a513f8800 JavaThread "Daemon periodic checks" [_thread_blocked, id=396, stack(0x0000006344a00000,0x0000006344b00000)]
  0x0000024a513f9000 JavaThread "Daemon" [_thread_blocked, id=18288, stack(0x0000006344b00000,0x0000006344c00000)]
  0x0000024a513fa000 JavaThread "Handler for socket connection from /127.0.0.1:9092 to /127.0.0.1:9093" [_thread_in_native, id=15388, stack(0x0000006344c00000,0x0000006344d00000)]
  0x0000024a513f5000 JavaThread "Cancel handler" [_thread_blocked, id=7144, stack(0x0000006344d00000,0x0000006344e00000)]
  0x0000024a513f4800 JavaThread "Daemon worker" [_thread_in_vm, id=7476, stack(0x0000006344e00000,0x0000006344f00000)]
  0x0000024a513fb000 JavaThread "Asynchronous log dispatcher for DefaultDaemonConnection: socket connection from /127.0.0.1:9092 to /127.0.0.1:9093" [_thread_blocked, id=9196, stack(0x0000006344f00000,0x0000006345000000)]
  0x0000024a513f6000 JavaThread "Stdin handler" [_thread_blocked, id=13944, stack(0x0000006345000000,0x0000006345100000)]
  0x0000024a513f7000 JavaThread "Daemon client event forwarder" [_thread_blocked, id=16544, stack(0x0000006345100000,0x0000006345200000)]
  0x0000024a513c0800 JavaThread "Cache worker for file hash cache (C:\Users\Mich01\.gradle\caches\7.0.2\fileHashes)" [_thread_blocked, id=9884, stack(0x0000006345800000,0x0000006345900000)]
  0x0000024a513c1000 JavaThread "File lock request listener" [_thread_in_native, id=8868, stack(0x0000006345900000,0x0000006345a00000)]
  0x0000024a513c3000 JavaThread "Cache worker for journal cache (C:\Users\Mich01\.gradle\caches\journal-1)" [_thread_blocked, id=17912, stack(0x0000006345b00000,0x0000006345c00000)]
  0x0000024a513c4800 JavaThread "Cache worker for file hash cache (C:\Users\Mich01\AndroidStudioProjects\SpiderMS\.gradle\7.0.2\fileHashes)" [_thread_blocked, id=3220, stack(0x0000006345c00000,0x0000006345d00000)]
  0x0000024a513c2000 JavaThread "File watcher server" daemon [_thread_in_native, id=17196, stack(0x0000006345d00000,0x0000006345e00000)]
  0x0000024a513c3800 JavaThread "File watcher consumer" daemon [_thread_blocked, id=18128, stack(0x0000006345e00000,0x0000006345f00000)]
  0x0000024a513be800 JavaThread "Cache worker for checksums cache (C:\Users\Mich01\AndroidStudioProjects\SpiderMS\.gradle\checksums)" [_thread_blocked, id=14816, stack(0x0000006345f00000,0x0000006346000000)]
  0x0000024a513c5000 JavaThread "Cache worker for cache directory md-supplier (C:\Users\Mich01\.gradle\caches\7.0.2\md-supplier)" [_thread_blocked, id=14312, stack(0x0000006346000000,0x0000006346100000)]
  0x0000024a513bf800 JavaThread "Cache worker for cache directory md-rule (C:\Users\Mich01\.gradle\caches\7.0.2\md-rule)" [_thread_blocked, id=9112, stack(0x0000006346100000,0x0000006346200000)]
  0x0000024a513ca000 JavaThread "Cache worker for execution history cache (C:\Users\Mich01\.gradle\caches\7.0.2\executionHistory)" [_thread_blocked, id=4024, stack(0x0000006346200000,0x0000006346300000)]

Other Threads:
  0x0000024a4f453800 VMThread "VM Thread" [stack: 0x0000006343c00000,0x0000006343d00000] [id=17212]
  0x0000024a4f652000 WatcherThread [stack: 0x0000006344600000,0x0000006344700000] [id=10676]
  0x0000024a34007800 GCTaskThread "GC Thread#0" [stack: 0x0000006343700000,0x0000006343800000] [id=17380]
  0x0000024a4fa86000 GCTaskThread "GC Thread#1" [stack: 0x0000006344800000,0x0000006344900000] [id=3464]
  0x0000024a5029e800 GCTaskThread "GC Thread#2" [stack: 0x0000006345200000,0x0000006345300000] [id=9956]
  0x0000024a51394000 GCTaskThread "GC Thread#3" [stack: 0x0000006345300000,0x0000006345400000] [id=17048]
  0x0000024a51401800 GCTaskThread "GC Thread#4" [stack: 0x0000006345400000,0x0000006345500000] [id=16980]
  0x0000024a5043a800 GCTaskThread "GC Thread#5" [stack: 0x0000006345500000,0x0000006345600000] [id=16568]
  0x0000024a51076000 GCTaskThread "GC Thread#6" [stack: 0x0000006345600000,0x0000006345700000] [id=16800]
  0x0000024a50bdf800 GCTaskThread "GC Thread#7" [stack: 0x0000006345700000,0x0000006345800000] [id=4408]
  0x0000024a34037800 ConcurrentGCThread "G1 Main Marker" [stack: 0x0000006343800000,0x0000006343900000] [id=17372]
  0x0000024a3403d000 ConcurrentGCThread "G1 Conc#0" [stack: 0x0000006343900000,0x0000006343a00000] [id=8436]
  0x0000024a501ed000 ConcurrentGCThread "G1 Conc#1" [stack: 0x0000006345a00000,0x0000006345b00000] [id=16848]
  0x0000024a4c202800 ConcurrentGCThread "G1 Refine#0" [stack: 0x0000006343a00000,0x0000006343b00000] [id=2428]
  0x0000024a4c203800 ConcurrentGCThread "G1 Young RemSet Sampling" [stack: 0x0000006343b00000,0x0000006343c00000] [id=8580]

Threads with active compile tasks:
C2 CompilerThread0   8704 2508  s!   4       jdk.internal.loader.URLClassPath::getLoader (194 bytes)

VM state:not at safepoint (normal execution)

VM Mutex/Monitor currently owned by a thread: None

Heap address: 0x0000000080000000, size: 2048 MB, Compressed Oops mode: 32-bit
Narrow klass base: 0x0000000000000000, Narrow klass shift: 3
Compressed class space size: 1073741824 Address: 0x0000000100000000

Heap:
 garbage-first heap   total 126976K, used 68696K [0x0000000080000000, 0x0000000100000000)
  region size 1024K, 53 young (54272K), 3 survivors (3072K)
 Metaspace       used 32665K, capacity 33469K, committed 33536K, reserved 1081344K
  class space    used 4239K, capacity 4544K, committed 4608K, reserved 1048576K
Heap Regions: E=young(eden), S=young(survivor), O=old, HS=humongous(starts), HC=humongous(continues), CS=collection set, F=free, A=archive, TAMS=top-at-mark-start (previous, next)
|   0|0x0000000080000000, 0x0000000080100000, 0x0000000080100000|100%| O|  |TAMS 0x0000000080100000, 0x0000000080000000| Untracked 
|   1|0x0000000080100000, 0x0000000080200000, 0x0000000080200000|100%| O|  |TAMS 0x0000000080200000, 0x0000000080100000| Untracked 
|   2|0x0000000080200000, 0x0000000080300000, 0x0000000080300000|100%| O|  |TAMS 0x0000000080300000, 0x0000000080200000| Untracked 
|   3|0x0000000080300000, 0x0000000080400000, 0x0000000080400000|100%|HS|  |TAMS 0x0000000080400000, 0x0000000080300000| Complete 
|   4|0x0000000080400000, 0x0000000080500000, 0x0000000080500000|100%|HC|  |TAMS 0x0000000080500000, 0x0000000080400000| Complete 
|   5|0x0000000080500000, 0x0000000080600000, 0x0000000080600000|100%|HC|  |TAMS 0x0000000080600000, 0x0000000080500000| Complete 
|   6|0x0000000080600000, 0x0000000080700000, 0x0000000080700000|100%| O|  |TAMS 0x0000000080700000, 0x0000000080600000| Untracked 
|   7|0x0000000080700000, 0x0000000080800000, 0x0000000080800000|100%| O|  |TAMS 0x0000000080800000, 0x0000000080700000| Untracked 
|   8|0x0000000080800000, 0x0000000080900000, 0x0000000080900000|100%| O|  |TAMS 0x0000000080900000, 0x0000000080800000| Untracked 
|   9|0x0000000080900000, 0x0000000080a00000, 0x0000000080a00000|100%| O|  |TAMS 0x0000000080a00000, 0x0000000080900000| Untracked 
|  10|0x0000000080a00000, 0x0000000080b00000, 0x0000000080b00000|100%| O|  |TAMS 0x0000000080b00000, 0x0000000080a00000| Untracked 
|  11|0x0000000080b00000, 0x0000000080c00000, 0x0000000080c00000|100%| O|  |TAMS 0x0000000080c00000, 0x0000000080b00000| Untracked 
|  12|0x0000000080c00000, 0x0000000080d00000, 0x0000000080d00000|100%| O|  |TAMS 0x0000000080d00000, 0x0000000080c00000| Untracked 
|  13|0x0000000080d00000, 0x0000000080e00000, 0x0000000080e00000|100%| O|  |TAMS 0x0000000080e00000, 0x0000000080d00000| Untracked 
|  14|0x0000000080e00000, 0x0000000080f00000, 0x0000000080f00000|100%| O|  |TAMS 0x0000000080f00000, 0x0000000080e00000| Untracked 
|  15|0x0000000080f00000, 0x0000000080f8a800, 0x0000000081000000| 54%| O|  |TAMS 0x0000000080f8a800, 0x0000000080f00000| Untracked 
|  16|0x0000000081000000, 0x0000000081000000, 0x0000000081100000|  0%| F|  |TAMS 0x0000000081000000, 0x0000000081000000| Untracked 
|  17|0x0000000081100000, 0x0000000081100000, 0x0000000081200000|  0%| F|  |TAMS 0x0000000081100000, 0x0000000081100000| Untracked 
|  18|0x0000000081200000, 0x0000000081200000, 0x0000000081300000|  0%| F|  |TAMS 0x0000000081200000, 0x0000000081200000| Untracked 
|  19|0x0000000081300000, 0x0000000081300000, 0x0000000081400000|  0%| F|  |TAMS 0x0000000081300000, 0x0000000081300000| Untracked 
|  20|0x0000000081400000, 0x0000000081400000, 0x0000000081500000|  0%| F|  |TAMS 0x0000000081400000, 0x0000000081400000| Untracked 
|  21|0x0000000081500000, 0x0000000081500000, 0x0000000081600000|  0%| F|  |TAMS 0x0000000081500000, 0x0000000081500000| Untracked 
|  22|0x0000000081600000, 0x0000000081600000, 0x0000000081700000|  0%| F|  |TAMS 0x0000000081600000, 0x0000000081600000| Untracked 
|  23|0x0000000081700000, 0x0000000081700000, 0x0000000081800000|  0%| F|  |TAMS 0x0000000081700000, 0x0000000081700000| Untracked 
|  24|0x0000000081800000, 0x0000000081800000, 0x0000000081900000|  0%| F|  |TAMS 0x0000000081800000, 0x0000000081800000| Untracked 
|  25|0x0000000081900000, 0x0000000081900000, 0x0000000081a00000|  0%| F|  |TAMS 0x0000000081900000, 0x0000000081900000| Untracked 
|  26|0x0000000081a00000, 0x0000000081a00000, 0x0000000081b00000|  0%| F|  |TAMS 0x0000000081a00000, 0x0000000081a00000| Untracked 
|  27|0x0000000081b00000, 0x0000000081b00000, 0x0000000081c00000|  0%| F|  |TAMS 0x0000000081b00000, 0x0000000081b00000| Untracked 
|  28|0x0000000081c00000, 0x0000000081c00000, 0x0000000081d00000|  0%| F|  |TAMS 0x0000000081c00000, 0x0000000081c00000| Untracked 
|  29|0x0000000081d00000, 0x0000000081d00000, 0x0000000081e00000|  0%| F|  |TAMS 0x0000000081d00000, 0x0000000081d00000| Untracked 
|  30|0x0000000081e00000, 0x0000000081e00000, 0x0000000081f00000|  0%| F|  |TAMS 0x0000000081e00000, 0x0000000081e00000| Untracked 
|  31|0x0000000081f00000, 0x0000000081f00000, 0x0000000082000000|  0%| F|  |TAMS 0x0000000081f00000, 0x0000000081f00000| Untracked 
|  32|0x0000000082000000, 0x0000000082000000, 0x0000000082100000|  0%| F|  |TAMS 0x0000000082000000, 0x0000000082000000| Untracked 
|  33|0x0000000082100000, 0x0000000082100000, 0x0000000082200000|  0%| F|  |TAMS 0x0000000082100000, 0x0000000082100000| Untracked 
|  34|0x0000000082200000, 0x0000000082200000, 0x0000000082300000|  0%| F|  |TAMS 0x0000000082200000, 0x0000000082200000| Untracked 
|  35|0x0000000082300000, 0x0000000082300000, 0x0000000082400000|  0%| F|  |TAMS 0x0000000082300000, 0x0000000082300000| Untracked 
|  36|0x0000000082400000, 0x0000000082400000, 0x0000000082500000|  0%| F|  |TAMS 0x0000000082400000, 0x0000000082400000| Untracked 
|  37|0x0000000082500000, 0x0000000082500000, 0x0000000082600000|  0%| F|  |TAMS 0x0000000082500000, 0x0000000082500000| Untracked 
|  38|0x0000000082600000, 0x0000000082600000, 0x0000000082700000|  0%| F|  |TAMS 0x0000000082600000, 0x0000000082600000| Untracked 
|  39|0x0000000082700000, 0x0000000082700000, 0x0000000082800000|  0%| F|  |TAMS 0x0000000082700000, 0x0000000082700000| Untracked 
|  40|0x0000000082800000, 0x0000000082800000, 0x0000000082900000|  0%| F|  |TAMS 0x0000000082800000, 0x0000000082800000| Untracked 
|  41|0x0000000082900000, 0x0000000082900000, 0x0000000082a00000|  0%| F|  |TAMS 0x0000000082900000, 0x0000000082900000| Untracked 
|  42|0x0000000082a00000, 0x0000000082a00000, 0x0000000082b00000|  0%| F|  |TAMS 0x0000000082a00000, 0x0000000082a00000| Untracked 
|  43|0x0000000082b00000, 0x0000000082b00000, 0x0000000082c00000|  0%| F|  |TAMS 0x0000000082b00000, 0x0000000082b00000| Untracked 
|  44|0x0000000082c00000, 0x0000000082c00000, 0x0000000082d00000|  0%| F|  |TAMS 0x0000000082c00000, 0x0000000082c00000| Untracked 
|  45|0x0000000082d00000, 0x0000000082d00000, 0x0000000082e00000|  0%| F|  |TAMS 0x0000000082d00000, 0x0000000082d00000| Untracked 
|  46|0x0000000082e00000, 0x0000000082e00000, 0x0000000082f00000|  0%| F|  |TAMS 0x0000000082e00000, 0x0000000082e00000| Untracked 
|  47|0x0000000082f00000, 0x0000000082f00000, 0x0000000083000000|  0%| F|  |TAMS 0x0000000082f00000, 0x0000000082f00000| Untracked 
|  48|0x0000000083000000, 0x0000000083000000, 0x0000000083100000|  0%| F|  |TAMS 0x0000000083000000, 0x0000000083000000| Untracked 
|  49|0x0000000083100000, 0x0000000083100000, 0x0000000083200000|  0%| F|  |TAMS 0x0000000083100000, 0x0000000083100000| Untracked 
|  50|0x0000000083200000, 0x0000000083200000, 0x0000000083300000|  0%| F|  |TAMS 0x0000000083200000, 0x0000000083200000| Untracked 
|  51|0x0000000083300000, 0x0000000083300000, 0x0000000083400000|  0%| F|  |TAMS 0x0000000083300000, 0x0000000083300000| Untracked 
|  52|0x0000000083400000, 0x0000000083400000, 0x0000000083500000|  0%| F|  |TAMS 0x0000000083400000, 0x0000000083400000| Untracked 
|  53|0x0000000083500000, 0x0000000083500000, 0x0000000083600000|  0%| F|  |TAMS 0x0000000083500000, 0x0000000083500000| Untracked 
|  54|0x0000000083600000, 0x0000000083600000, 0x0000000083700000|  0%| F|  |TAMS 0x0000000083600000, 0x0000000083600000| Untracked 
|  55|0x0000000083700000, 0x0000000083700000, 0x0000000083800000|  0%| F|  |TAMS 0x0000000083700000, 0x0000000083700000| Untracked 
|  56|0x0000000083800000, 0x0000000083800000, 0x0000000083900000|  0%| F|  |TAMS 0x0000000083800000, 0x0000000083800000| Untracked 
|  57|0x0000000083900000, 0x0000000083900000, 0x0000000083a00000|  0%| F|  |TAMS 0x0000000083900000, 0x0000000083900000| Untracked 
|  58|0x0000000083a00000, 0x0000000083a00000, 0x0000000083b00000|  0%| F|  |TAMS 0x0000000083a00000, 0x0000000083a00000| Untracked 
|  59|0x0000000083b00000, 0x0000000083b00000, 0x0000000083c00000|  0%| F|  |TAMS 0x0000000083b00000, 0x0000000083b00000| Untracked 
|  60|0x0000000083c00000, 0x0000000083c00000, 0x0000000083d00000|  0%| F|  |TAMS 0x0000000083c00000, 0x0000000083c00000| Untracked 
|  61|0x0000000083d00000, 0x0000000083d00000, 0x0000000083e00000|  0%| F|  |TAMS 0x0000000083d00000, 0x0000000083d00000| Untracked 
|  62|0x0000000083e00000, 0x0000000083e00000, 0x0000000083f00000|  0%| F|  |TAMS 0x0000000083e00000, 0x0000000083e00000| Untracked 
|  63|0x0000000083f00000, 0x0000000083f00000, 0x0000000084000000|  0%| F|  |TAMS 0x0000000083f00000, 0x0000000083f00000| Untracked 
|  64|0x0000000084000000, 0x0000000084000000, 0x0000000084100000|  0%| F|  |TAMS 0x0000000084000000, 0x0000000084000000| Untracked 
|  65|0x0000000084100000, 0x0000000084100000, 0x0000000084200000|  0%| F|  |TAMS 0x0000000084100000, 0x0000000084100000| Untracked 
|  66|0x0000000084200000, 0x0000000084200000, 0x0000000084300000|  0%| F|  |TAMS 0x0000000084200000, 0x0000000084200000| Untracked 
|  67|0x0000000084300000, 0x0000000084300000, 0x0000000084400000|  0%| F|  |TAMS 0x0000000084300000, 0x0000000084300000| Untracked 
|  68|0x0000000084400000, 0x0000000084400000, 0x0000000084500000|  0%| F|  |TAMS 0x0000000084400000, 0x0000000084400000| Untracked 
|  69|0x0000000084500000, 0x000000008458b830, 0x0000000084600000| 54%| S|CS|TAMS 0x0000000084500000, 0x0000000084500000| Complete 
|  70|0x0000000084600000, 0x0000000084700000, 0x0000000084700000|100%| S|CS|TAMS 0x0000000084600000, 0x0000000084600000| Complete 
|  71|0x0000000084700000, 0x0000000084800000, 0x0000000084800000|100%| S|CS|TAMS 0x0000000084700000, 0x0000000084700000| Complete 
|  72|0x0000000084800000, 0x0000000084800000, 0x0000000084900000|  0%| F|  |TAMS 0x0000000084800000, 0x0000000084800000| Untracked 
|  73|0x0000000084900000, 0x0000000084900000, 0x0000000084a00000|  0%| F|  |TAMS 0x0000000084900000, 0x0000000084900000| Untracked 
|  74|0x0000000084a00000, 0x0000000084a80800, 0x0000000084b00000| 50%| E|  |TAMS 0x0000000084a00000, 0x0000000084a00000| Complete 
|  75|0x0000000084b00000, 0x0000000084c00000, 0x0000000084c00000|100%| E|CS|TAMS 0x0000000084b00000, 0x0000000084b00000| Complete 
|  76|0x0000000084c00000, 0x0000000084d00000, 0x0000000084d00000|100%| E|CS|TAMS 0x0000000084c00000, 0x0000000084c00000| Complete 
|  77|0x0000000084d00000, 0x0000000084e00000, 0x0000000084e00000|100%| E|CS|TAMS 0x0000000084d00000, 0x0000000084d00000| Complete 
|  78|0x0000000084e00000, 0x0000000084f00000, 0x0000000084f00000|100%| E|CS|TAMS 0x0000000084e00000, 0x0000000084e00000| Complete 
|  79|0x0000000084f00000, 0x0000000085000000, 0x0000000085000000|100%| E|CS|TAMS 0x0000000084f00000, 0x0000000084f00000| Complete 
|  80|0x0000000085000000, 0x0000000085100000, 0x0000000085100000|100%| E|CS|TAMS 0x0000000085000000, 0x0000000085000000| Complete 
|  81|0x0000000085100000, 0x0000000085200000, 0x0000000085200000|100%| E|CS|TAMS 0x0000000085100000, 0x0000000085100000| Complete 
|  82|0x0000000085200000, 0x0000000085300000, 0x0000000085300000|100%| E|CS|TAMS 0x0000000085200000, 0x0000000085200000| Complete 
|  83|0x0000000085300000, 0x0000000085400000, 0x0000000085400000|100%| E|CS|TAMS 0x0000000085300000, 0x0000000085300000| Complete 
|  84|0x0000000085400000, 0x0000000085500000, 0x0000000085500000|100%| E|CS|TAMS 0x0000000085400000, 0x0000000085400000| Complete 
|  85|0x0000000085500000, 0x0000000085600000, 0x0000000085600000|100%| E|CS|TAMS 0x0000000085500000, 0x0000000085500000| Complete 
|  86|0x0000000085600000, 0x0000000085700000, 0x0000000085700000|100%| E|CS|TAMS 0x0000000085600000, 0x0000000085600000| Complete 
|  87|0x0000000085700000, 0x0000000085800000, 0x0000000085800000|100%| E|CS|TAMS 0x0000000085700000, 0x0000000085700000| Complete 
|  88|0x0000000085800000, 0x0000000085900000, 0x0000000085900000|100%| E|CS|TAMS 0x0000000085800000, 0x0000000085800000| Complete 
|  89|0x0000000085900000, 0x0000000085a00000, 0x0000000085a00000|100%| E|CS|TAMS 0x0000000085900000, 0x0000000085900000| Complete 
|  90|0x0000000085a00000, 0x0000000085b00000, 0x0000000085b00000|100%| E|CS|TAMS 0x0000000085a00000, 0x0000000085a00000| Complete 
|  91|0x0000000085b00000, 0x0000000085c00000, 0x0000000085c00000|100%| E|CS|TAMS 0x0000000085b00000, 0x0000000085b00000| Complete 
|  92|0x0000000085c00000, 0x0000000085d00000, 0x0000000085d00000|100%| E|CS|TAMS 0x0000000085c00000, 0x0000000085c00000| Complete 
|  93|0x0000000085d00000, 0x0000000085e00000, 0x0000000085e00000|100%| E|CS|TAMS 0x0000000085d00000, 0x0000000085d00000| Complete 
|  94|0x0000000085e00000, 0x0000000085f00000, 0x0000000085f00000|100%| E|CS|TAMS 0x0000000085e00000, 0x0000000085e00000| Complete 
|  95|0x0000000085f00000, 0x0000000086000000, 0x0000000086000000|100%| E|CS|TAMS 0x0000000085f00000, 0x0000000085f00000| Complete 
|  96|0x0000000086000000, 0x0000000086100000, 0x0000000086100000|100%| E|CS|TAMS 0x0000000086000000, 0x0000000086000000| Complete 
|  97|0x0000000086100000, 0x0000000086200000, 0x0000000086200000|100%| E|CS|TAMS 0x0000000086100000, 0x0000000086100000| Complete 
|  98|0x0000000086200000, 0x0000000086300000, 0x0000000086300000|100%| E|CS|TAMS 0x0000000086200000, 0x0000000086200000| Complete 
|  99|0x0000000086300000, 0x0000000086400000, 0x0000000086400000|100%| E|CS|TAMS 0x0000000086300000, 0x0000000086300000| Complete 
| 100|0x0000000086400000, 0x0000000086500000, 0x0000000086500000|100%| E|CS|TAMS 0x0000000086400000, 0x0000000086400000| Complete 
| 101|0x0000000086500000, 0x0000000086600000, 0x0000000086600000|100%| E|CS|TAMS 0x0000000086500000, 0x0000000086500000| Complete 
| 102|0x0000000086600000, 0x0000000086700000, 0x0000000086700000|100%| E|CS|TAMS 0x0000000086600000, 0x0000000086600000| Complete 
| 103|0x0000000086700000, 0x0000000086800000, 0x0000000086800000|100%| E|CS|TAMS 0x0000000086700000, 0x0000000086700000| Complete 
| 104|0x0000000086800000, 0x0000000086900000, 0x0000000086900000|100%| E|CS|TAMS 0x0000000086800000, 0x0000000086800000| Complete 
| 105|0x0000000086900000, 0x0000000086a00000, 0x0000000086a00000|100%| E|CS|TAMS 0x0000000086900000, 0x0000000086900000| Complete 
| 106|0x0000000086a00000, 0x0000000086b00000, 0x0000000086b00000|100%| E|CS|TAMS 0x0000000086a00000, 0x0000000086a00000| Complete 
| 107|0x0000000086b00000, 0x0000000086c00000, 0x0000000086c00000|100%| E|CS|TAMS 0x0000000086b00000, 0x0000000086b00000| Complete 
| 108|0x0000000086c00000, 0x0000000086d00000, 0x0000000086d00000|100%| E|CS|TAMS 0x0000000086c00000, 0x0000000086c00000| Complete 
| 109|0x0000000086d00000, 0x0000000086e00000, 0x0000000086e00000|100%| E|CS|TAMS 0x0000000086d00000, 0x0000000086d00000| Complete 
| 110|0x0000000086e00000, 0x0000000086f00000, 0x0000000086f00000|100%| E|CS|TAMS 0x0000000086e00000, 0x0000000086e00000| Complete 
| 111|0x0000000086f00000, 0x0000000087000000, 0x0000000087000000|100%| E|CS|TAMS 0x0000000086f00000, 0x0000000086f00000| Complete 
| 112|0x0000000087000000, 0x0000000087100000, 0x0000000087100000|100%| E|CS|TAMS 0x0000000087000000, 0x0000000087000000| Complete 
| 113|0x0000000087100000, 0x0000000087200000, 0x0000000087200000|100%| E|CS|TAMS 0x0000000087100000, 0x0000000087100000| Complete 
| 114|0x0000000087200000, 0x0000000087300000, 0x0000000087300000|100%| E|CS|TAMS 0x0000000087200000, 0x0000000087200000| Complete 
| 115|0x0000000087300000, 0x0000000087400000, 0x0000000087400000|100%| E|CS|TAMS 0x0000000087300000, 0x0000000087300000| Complete 
| 116|0x0000000087400000, 0x0000000087500000, 0x0000000087500000|100%| E|CS|TAMS 0x0000000087400000, 0x0000000087400000| Complete 
| 117|0x0000000087500000, 0x0000000087600000, 0x0000000087600000|100%| E|CS|TAMS 0x0000000087500000, 0x0000000087500000| Complete 
| 118|0x0000000087600000, 0x0000000087700000, 0x0000000087700000|100%| E|CS|TAMS 0x0000000087600000, 0x0000000087600000| Complete 
| 119|0x0000000087700000, 0x0000000087800000, 0x0000000087800000|100%| E|CS|TAMS 0x0000000087700000, 0x0000000087700000| Complete 
| 120|0x0000000087800000, 0x0000000087900000, 0x0000000087900000|100%| E|CS|TAMS 0x0000000087800000, 0x0000000087800000| Complete 
| 121|0x0000000087900000, 0x0000000087a00000, 0x0000000087a00000|100%| E|CS|TAMS 0x0000000087900000, 0x0000000087900000| Complete 
| 122|0x0000000087a00000, 0x0000000087b00000, 0x0000000087b00000|100%| E|CS|TAMS 0x0000000087a00000, 0x0000000087a00000| Complete 
| 123|0x0000000087b00000, 0x0000000087c00000, 0x0000000087c00000|100%| E|CS|TAMS 0x0000000087b00000, 0x0000000087b00000| Complete 

Card table byte_map: [0x0000024a47960000,0x0000024a47d60000] _byte_map_base: 0x0000024a47560000

Marking Bits (Prev, Next): (CMBitMap*) 0x0000024a3402ea60, (CMBitMap*) 0x0000024a3402ea28
 Prev Bits: [0x0000024a4a160000, 0x0000024a4c160000)
 Next Bits: [0x0000024a48160000, 0x0000024a4a160000)

Polling page: 0x0000024a32700000

Metaspace:

Usage:
  Non-class:     28.50 MB capacity,    28.00 MB ( 98%) used,   440.70 KB (  2%) free+waste,    68.44 KB ( <1%) overhead. 
      Class:      4.47 MB capacity,     4.17 MB ( 93%) used,   268.08 KB (  6%) free+waste,    33.88 KB ( <1%) overhead. 
       Both:     32.97 MB capacity,    32.17 MB ( 98%) used,   708.77 KB (  2%) free+waste,   102.31 KB ( <1%) overhead. 

Virtual space:
  Non-class space:       34.00 MB reserved,      28.75 MB ( 85%) committed 
      Class space:        1.00 GB reserved,       4.50 MB ( <1%) committed 
             Both:        1.03 GB reserved,      33.25 MB (  3%) committed 

Chunk freelists:
   Non-Class:  3.00 KB
       Class:  0 bytes
        Both:  3.00 KB

MaxMetaspaceSize: 17179869184.00 GB
CompressedClassSpaceSize: 1.00 GB

CodeHeap 'non-profiled nmethods': size=120000Kb used=1196Kb max_used=1196Kb free=118804Kb
 bounds [0x0000024a3f5c0000, 0x0000024a3f830000, 0x0000024a46af0000]
CodeHeap 'profiled nmethods': size=120000Kb used=5663Kb max_used=5663Kb free=114336Kb
 bounds [0x0000024a38090000, 0x0000024a38620000, 0x0000024a3f5c0000]
CodeHeap 'non-nmethods': size=5760Kb used=1167Kb max_used=1202Kb free=4593Kb
 bounds [0x0000024a37af0000, 0x0000024a37d60000, 0x0000024a38090000]
 total_blobs=3175 nmethods=2663 adapters=423
 compilation: enabled
              stopped_count=0, restarted_count=0
 full_count=0

Compilation events (20 events):
Event: 8.508 Thread 0x0000024a4f4c6800 2617       2       java.lang.PublicMethods$MethodList::filter (104 bytes)
Event: 8.510 Thread 0x0000024a4f4c6800 nmethod 2617 0x0000024a385f6110 code [0x0000024a385f6300, 0x0000024a385f6838]
Event: 8.511 Thread 0x0000024a4f4c6800 2618       2       org.codehaus.groovy.util.ManagedReference::<init> (40 bytes)
Event: 8.512 Thread 0x0000024a4f4c6800 nmethod 2618 0x0000024a385f6b90 code [0x0000024a385f6d60, 0x0000024a385f6f98]
Event: 8.512 Thread 0x0000024a4f4c6800 2619       2       org.codehaus.groovy.util.ManagedReference::<init> (14 bytes)
Event: 8.512 Thread 0x0000024a4f4c6800 nmethod 2619 0x0000024a385f7090 code [0x0000024a385f7240, 0x0000024a385f7368]
Event: 8.512 Thread 0x0000024a4f4c6800 2620       2       org.codehaus.groovy.util.ReferenceManager$1::afterReferenceCreation (57 bytes)
Event: 8.513 Thread 0x0000024a4f4c6800 nmethod 2620 0x0000024a385f7490 code [0x0000024a385f7660, 0x0000024a385f7858]
Event: 8.518 Thread 0x0000024a4f4c6800 2622       2       org.codehaus.groovy.util.LockableObject::lock (25 bytes)
Event: 8.520 Thread 0x0000024a4f4c6800 nmethod 2622 0x0000024a385f7990 code [0x0000024a385f7ba0, 0x0000024a385f7f18]
Event: 8.520 Thread 0x0000024a4f4c6800 2623       2       org.codehaus.groovy.util.LockableObject::unlock (7 bytes)
Event: 8.520 Thread 0x0000024a4f4c6800 nmethod 2623 0x0000024a385f8190 code [0x0000024a385f8360, 0x0000024a385f84f8]
Event: 8.520 Thread 0x0000024a4f4c6800 2624       2       org.codehaus.groovy.util.LockableObject::tryRelease (45 bytes)
Event: 8.521 Thread 0x0000024a4f4c6800 nmethod 2624 0x0000024a385f8610 code [0x0000024a385f87c0, 0x0000024a385f89c8]
Event: 8.522 Thread 0x0000024a4f4c6800 2625       2       java.lang.ClassValue$Entry::version (8 bytes)
Event: 8.522 Thread 0x0000024a4f4c6800 nmethod 2625 0x0000024a385f8a90 code [0x0000024a385f8c40, 0x0000024a385f8d98]
Event: 8.522 Thread 0x0000024a4f4c6800 2626       2       java.lang.Class::getMethodsRecursive (99 bytes)
Event: 8.523 Thread 0x0000024a4f4c6800 nmethod 2626 0x0000024a385f8e90 code [0x0000024a385f90a0, 0x0000024a385f9448]
Event: 8.523 Thread 0x0000024a4f4c6800 2627       2       java.util.concurrent.atomic.AtomicInteger::<init> (5 bytes)
Event: 8.523 Thread 0x0000024a4f4c6800 nmethod 2627 0x0000024a385f9710 code [0x0000024a385f98c0, 0x0000024a385f99b8]

GC Heap History (8 events):
Event: 1.895 GC heap before
{Heap before GC invocations=0 (full 0):
 garbage-first heap   total 126976K, used 29696K [0x0000000080000000, 0x0000000100000000)
  region size 1024K, 24 young (24576K), 0 survivors (0K)
 Metaspace       used 9805K, capacity 9990K, committed 10112K, reserved 1058816K
  class space    used 1022K, capacity 1102K, committed 1152K, reserved 1048576K
}
Event: 1.910 GC heap after
{Heap after GC invocations=1 (full 0):
 garbage-first heap   total 126976K, used 9063K [0x0000000080000000, 0x0000000100000000)
  region size 1024K, 3 young (3072K), 3 survivors (3072K)
 Metaspace       used 9805K, capacity 9990K, committed 10112K, reserved 1058816K
  class space    used 1022K, capacity 1102K, committed 1152K, reserved 1048576K
}
Event: 6.261 GC heap before
{Heap before GC invocations=1 (full 0):
 garbage-first heap   total 126976K, used 81767K [0x0000000080000000, 0x0000000100000000)
  region size 1024K, 74 young (75776K), 3 survivors (3072K)
 Metaspace       used 17660K, capacity 18090K, committed 18176K, reserved 1064960K
  class space    used 2084K, capacity 2236K, committed 2304K, reserved 1048576K
}
Event: 6.271 GC heap after
{Heap after GC invocations=2 (full 0):
 garbage-first heap   total 126976K, used 15950K [0x0000000080000000, 0x0000000100000000)
  region size 1024K, 10 young (10240K), 10 survivors (10240K)
 Metaspace       used 17660K, capacity 18090K, committed 18176K, reserved 1064960K
  class space    used 2084K, capacity 2236K, committed 2304K, reserved 1048576K
}
Event: 6.700 GC heap before
{Heap before GC invocations=2 (full 0):
 garbage-first heap   total 126976K, used 38478K [0x0000000080000000, 0x0000000100000000)
  region size 1024K, 34 young (34816K), 10 survivors (10240K)
 Metaspace       used 20631K, capacity 21122K, committed 21248K, reserved 1067008K
  class space    used 2522K, capacity 2720K, committed 2816K, reserved 1048576K
}
Event: 6.710 GC heap after
{Heap after GC invocations=3 (full 0):
 garbage-first heap   total 126976K, used 16936K [0x0000000080000000, 0x0000000100000000)
  region size 1024K, 1 young (1024K), 1 survivors (1024K)
 Metaspace       used 20631K, capacity 21122K, committed 21248K, reserved 1067008K
  class space    used 2522K, capacity 2720K, committed 2816K, reserved 1048576K
}
Event: 7.569 GC heap before
{Heap before GC invocations=4 (full 0):
 garbage-first heap   total 126976K, used 68136K [0x0000000080000000, 0x0000000100000000)
  region size 1024K, 52 young (53248K), 1 survivors (1024K)
 Metaspace       used 25866K, capacity 26489K, committed 26752K, reserved 1077248K
  class space    used 3386K, capacity 3599K, committed 3712K, reserved 1048576K
}
Event: 7.573 GC heap after
{Heap after GC invocations=5 (full 0):
 garbage-first heap   total 126976K, used 18520K [0x0000000080000000, 0x0000000100000000)
  region size 1024K, 3 young (3072K), 3 survivors (3072K)
 Metaspace       used 25866K, capacity 26489K, committed 26752K, reserved 1077248K
  class space    used 3386K, capacity 3599K, committed 3712K, reserved 1048576K
}

Deoptimization events (20 events):
Event: 7.439 Thread 0x0000024a513f4800 Uncommon trap: trap_request=0xffffff7e fr.pc=0x0000024a3f6bb0bc relative=0x000000000000015c
Event: 7.439 Thread 0x0000024a513f4800 Uncommon trap: reason=predicate action=maybe_recompile pc=0x0000024a3f6bb0bc method=com.google.common.base.CharMatcher.indexIn(Ljava/lang/CharSequence;I)I @ 19 c2
Event: 7.439 Thread 0x0000024a513f4800 DEOPT PACKING pc=0x0000024a3f6bb0bc sp=0x0000006344efbc80
Event: 7.439 Thread 0x0000024a513f4800 DEOPT UNPACKING pc=0x0000024a37b178af sp=0x0000006344efbc10 mode 2
Event: 7.480 Thread 0x0000024a513f4800 Uncommon trap: trap_request=0xffffffde fr.pc=0x0000024a3f6a39a8 relative=0x00000000000002e8
Event: 7.480 Thread 0x0000024a513f4800 Uncommon trap: reason=class_check action=maybe_recompile pc=0x0000024a3f6a39a8 method=java.util.Collections$SetFromMap.remove(Ljava/lang/Object;)Z @ 5 c2
Event: 7.480 Thread 0x0000024a513f4800 DEOPT PACKING pc=0x0000024a3f6a39a8 sp=0x0000006344efc690
Event: 7.480 Thread 0x0000024a513f4800 DEOPT UNPACKING pc=0x0000024a37b178af sp=0x0000006344efc688 mode 2
Event: 7.480 Thread 0x0000024a513f4800 Uncommon trap: trap_request=0xffffffde fr.pc=0x0000024a3f6a39a8 relative=0x00000000000002e8
Event: 7.480 Thread 0x0000024a513f4800 Uncommon trap: reason=class_check action=maybe_recompile pc=0x0000024a3f6a39a8 method=java.util.Collections$SetFromMap.remove(Ljava/lang/Object;)Z @ 5 c2
Event: 7.480 Thread 0x0000024a513f4800 DEOPT PACKING pc=0x0000024a3f6a39a8 sp=0x0000006344efc610
Event: 7.480 Thread 0x0000024a513f4800 DEOPT UNPACKING pc=0x0000024a37b178af sp=0x0000006344efc608 mode 2
Event: 7.507 Thread 0x0000024a513f4800 Uncommon trap: trap_request=0xffffff4d fr.pc=0x0000024a3f5e6e34 relative=0x00000000000004f4
Event: 7.507 Thread 0x0000024a513f4800 Uncommon trap: reason=unstable_if action=reinterpret pc=0x0000024a3f5e6e34 method=java.util.Properties$LineReader.readLine()I @ 249 c2
Event: 7.507 Thread 0x0000024a513f4800 DEOPT PACKING pc=0x0000024a3f5e6e34 sp=0x0000006344efbad0
Event: 7.507 Thread 0x0000024a513f4800 DEOPT UNPACKING pc=0x0000024a37b178af sp=0x0000006344efba60 mode 2
Event: 7.795 Thread 0x0000024a513f4800 Uncommon trap: trap_request=0xffffff4d fr.pc=0x0000024a3f6bf24c relative=0x000000000000020c
Event: 7.795 Thread 0x0000024a513f4800 Uncommon trap: reason=unstable_if action=reinterpret pc=0x0000024a3f6bf24c method=java.util.HashMap.hash(Ljava/lang/Object;)I @ 1 c2
Event: 7.795 Thread 0x0000024a513f4800 DEOPT PACKING pc=0x0000024a3f6bf24c sp=0x0000006344ef9420
Event: 7.795 Thread 0x0000024a513f4800 DEOPT UNPACKING pc=0x0000024a37b178af sp=0x0000006344ef9358 mode 2

Classes redefined (0 events):
No events

Internal exceptions (20 events):
Event: 7.109 Thread 0x0000024a513f4800 Exception <a 'java/lang/NoSuchMethodError'{0x00000000862a8418}: 'void java.lang.invoke.DirectMethodHandle$Holder.invokeSpecial(java.lang.Object, java.lang.Object, java.lang.Object, java.lang.Object, java.lang.Object, java.lang.Object)'> (0x00000000862a8418) thrown at [./src/hotspot/share/interpreter/linkResolver.cpp, line 773]
Event: 7.122 Thread 0x0000024a513f4800 Exception <a 'java/lang/NoSuchMethodError'{0x000000008610e140}: 'void java.lang.invoke.DirectMethodHandle$Holder.invokeSpecial(java.lang.Object, java.lang.Object, java.lang.Object, java.lang.Object, java.lang.Object, java.lang.Object, java.lang.Object)'> (0x000000008610e140) thrown at [./src/hotspot/share/interpreter/linkResolver.cpp, line 773]
Event: 7.123 Thread 0x0000024a513f4800 Exception <a 'java/lang/NoSuchMethodError'{0x0000000086116388}: 'java.lang.Object java.lang.invoke.Invokers$Holder.linkToTargetMethod(java.lang.Object, java.lang.Object, java.lang.Object, java.lang.Object, java.lang.Object, java.lang.Object)'> (0x0000000086116388) thrown at [./src/hotspot/share/interpreter/linkResolver.cpp, line 773]
Event: 7.312 Thread 0x0000024a513f4800 Exception <a 'java/lang/NoSuchMethodError'{0x0000000085451138}: 'void java.lang.invoke.DirectMethodHandle$Holder.invokeStaticInit(java.lang.Object, java.lang.Object)'> (0x0000000085451138) thrown at [./src/hotspot/share/interpreter/linkResolver.cpp, line 773]
Event: 7.471 Thread 0x0000024a513f4800 Exception <a 'java/lang/NoSuchMethodError'{0x0000000084e759c8}: 'void java.lang.invoke.DirectMethodHandle$Holder.invokeStatic(java.lang.Object, java.lang.Object, java.lang.Object, java.lang.Object)'> (0x0000000084e759c8) thrown at [./src/hotspot/share/interpreter/linkResolver.cpp, line 773]
Event: 7.474 Thread 0x0000024a513f4800 Exception <a 'java/lang/NoSuchMethodError'{0x0000000084ee5978}: 'int java.lang.invoke.DirectMethodHandle$Holder.invokeInterface(java.lang.Object, java.lang.Object)'> (0x0000000084ee5978) thrown at [./src/hotspot/share/interpreter/linkResolver.cpp, line 773]
Event: 7.646 Thread 0x0000024a513f4800 Exception <a 'java/lang/NoSuchMethodError'{0x0000000087600b60}: 'java.lang.Object java.lang.invoke.DirectMethodHandle$Holder.invokeSpecialIFC(java.lang.Object, java.lang.Object, java.lang.Object, java.lang.Object)'> (0x0000000087600b60) thrown at [./src/hotspot/share/interpreter/linkResolver.cpp, line 773]
Event: 7.656 Thread 0x0000024a513f4800 Exception <a 'java/lang/NoSuchMethodError'{0x00000000876db2d0}: 'java.lang.Object java.lang.invoke.DirectMethodHandle$Holder.invokeSpecial(java.lang.Object, java.lang.Object, java.lang.Object, java.lang.Object, java.lang.Object, java.lang.Object, java.lang.Object, java.lang.Object, java.lang.Object, java.lang.Object, java.lang.Object, java.lang.Object, java.lang.Object)'> (0x00000000876db2d0) thrown at [./src/hotspot/share/interpreter/linkResolver.cpp, line 773]
Event: 7.657 Thread 0x0000024a513f4800 Exception <a 'java/lang/NoSuchMethodError'{0x00000000876ec558}: 'java.lang.Object java.lang.invoke.DirectMethodHandle$Holder.invokeSpecial(java.lang.Object, java.lang.Object, java.lang.Object, java.lang.Object, java.lang.Object, java.lang.Object, java.lang.Object, java.lang.Object, java.lang.Object, java.lang.Object, java.lang.Object, java.lang.Object)'> (0x00000000876ec558) thrown at [./src/hotspot/share/interpreter/linkResolver.cpp, line 773]
Event: 7.657 Thread 0x0000024a513f4800 Exception <a 'java/lang/NoSuchMethodError'{0x00000000876f1680}: 'java.lang.Object java.lang.invoke.Invokers$Holder.linkToTargetMethod(java.lang.Object, java.lang.Object, java.lang.Object, java.lang.Object, java.lang.Object, java.lang.Object, java.lang.Object, java.lang.Object, java.lang.Object, java.lang.Object, java.lang.Object)'> (0x00000000876f1680) thrown at [./src/hotspot/share/interpreter/linkResolver.cpp, line 773]
Event: 7.670 Thread 0x0000024a513f4800 Exception <a 'java/lang/NoSuchMethodError'{0x0000000087431440}: 'java.lang.Object java.lang.invoke.DirectMethodHandle$Holder.invokeSpecial(java.lang.Object, java.lang.Object, java.lang.Object, java.lang.Object, java.lang.Object, java.lang.Object, java.lang.Object, java.lang.Object, java.lang.Object, java.lang.Object, java.lang.Object, java.lang.Object, java.lang.Object, java.lang.Object)'> (0x0000000087431440) thrown at [./src/hotspot/share/interpreter/linkResolver.cpp, line 773]
Event: 7.671 Thread 0x0000024a513f4800 Exception <a 'java/lang/NoSuchMethodError'{0x0000000087442a38}: 'java.lang.Object java.lang.invoke.Invokers$Holder.linkToTargetMethod(java.lang.Object, java.lang.Object, java.lang.Object, java.lang.Object, java.lang.Object, java.lang.Object, java.lang.Object, java.lang.Object, java.lang.Object, java.lang.Object, java.lang.Object, java.lang.Object)'> (0x0000000087442a38) thrown at [./src/hotspot/share/interpreter/linkResolver.cpp, line 773]
Event: 7.678 Thread 0x0000024a513f4800 Exception <a 'java/lang/NoSuchMethodError'{0x00000000874d3950}: 'java.lang.Object java.lang.invoke.DirectMethodHandle$Holder.invokeStaticInit(java.lang.Object, java.lang.Object, java.lang.Object, java.lang.Object)'> (0x00000000874d3950) thrown at [./src/hotspot/share/interpreter/linkResolver.cpp, line 773]
Event: 7.795 Thread 0x0000024a513f4800 Implicit null exception at 0x0000024a3f6bf075 to 0x0000024a3f6bf23c
Event: 8.402 Thread 0x0000024a513f4800 Exception <a 'java/lang/NoSuchMethodError'{0x0000000085089190}: 'void java.lang.invoke.DirectMethodHandle$Holder.invokeStaticInit(java.lang.Object, java.lang.Object, java.lang.Object)'> (0x0000000085089190) thrown at [./src/hotspot/share/interpreter/linkResolver.cpp, line 773]
Event: 8.404 Thread 0x0000024a513f4800 Exception <a 'java/lang/NoSuchMethodError'{0x000000008508ff68}: 'void java.lang.invoke.DirectMethodHandle$Holder.invokeStaticInit(java.lang.Object, java.lang.Object, java.lang.Object, java.lang.Object)'> (0x000000008508ff68) thrown at [./src/hotspot/share/interpreter/linkResolver.cpp, line 773]
Event: 8.410 Thread 0x0000024a513f4800 Exception <a 'java/lang/NoSuchMethodError'{0x00000000850b25a0}: 'void java.lang.invoke.DirectMethodHandle$Holder.invokeStaticInit(java.lang.Object, java.lang.Object, java.lang.Object, java.lang.Object, java.lang.Object)'> (0x00000000850b25a0) thrown at [./src/hotspot/share/interpreter/linkResolver.cpp, line 773]
Event: 8.412 Thread 0x0000024a513f4800 Exception <a 'java/lang/NoSuchMethodError'{0x00000000850b9cb0}: 'int java.lang.invoke.DirectMethodHandle$Holder.invokeStaticInit(java.lang.Object, java.lang.Object, java.lang.Object)'> (0x00000000850b9cb0) thrown at [./src/hotspot/share/interpreter/linkResolver.cpp, line 773]
Event: 8.475 Thread 0x0000024a513f4800 Exception <a 'java/lang/NoSuchMethodError'{0x0000000084f18ee0}: 'int java.lang.invoke.DirectMethodHandle$Holder.invokeStaticInit(java.lang.Object, java.lang.Object, java.lang.Object, java.lang.Object)'> (0x0000000084f18ee0) thrown at [./src/hotspot/share/interpreter/linkResolver.cpp, line 773]
Event: 8.476 Thread 0x0000024a513f4800 Exception <a 'java/lang/IncompatibleClassChangeError'{0x0000000084f22440}: Found class java.lang.Object, but interface was expected> (0x0000000084f22440) thrown at [./src/hotspot/share/interpreter/linkResolver.cpp, line 839]

Events (20 events):
Event: 8.497 loading class java/lang/ClassFormatError
Event: 8.497 loading class java/lang/ClassFormatError done
Event: 8.514 loading class java/lang/ProcessHandle$Info
Event: 8.514 loading class java/lang/ProcessHandle$Info done
Event: 8.514 loading class java/util/concurrent/CompletableFuture
Event: 8.516 loading class java/util/concurrent/CompletionStage
Event: 8.517 loading class java/util/concurrent/CompletionStage done
Event: 8.517 loading class java/util/concurrent/CompletableFuture done
Event: 8.517 loading class java/lang/ProcessHandle
Event: 8.518 loading class java/lang/ProcessHandle done
Event: 8.519 loading class groovy/lang/GString$1
Event: 8.519 loading class groovy/lang/GString$1 done
Event: 8.520 loading class groovy/lang/StringWriterIOException
Event: 8.520 loading class groovy/lang/StringWriterIOException done
Event: 8.521 loading class org/codehaus/groovy/runtime/GStringImpl
Event: 8.521 loading class org/codehaus/groovy/runtime/GStringImpl done
Event: 8.521 loading class java/io/UnsupportedEncodingException
Event: 8.521 loading class java/io/UnsupportedEncodingException done
Event: 8.523 loading class org/codehaus/groovy/runtime/DefaultGroovyMethods
Event: 8.523 loading class org/codehaus/groovy/runtime/DefaultGroovyMethods done


Dynamic libraries:
0x00007ff657c40000 - 0x00007ff657c4a000 	C:\Program Files\Android\Android Studio\jre\bin\java.exe
0x00007ff9c78f0000 - 0x00007ff9c7ae5000 	C:\WINDOWS\SYSTEM32\ntdll.dll
0x00007ff9a9190000 - 0x00007ff9a91a5000 	C:\Program Files\Avast Software\Avast\aswhook.dll
0x00007ff9c77d0000 - 0x00007ff9c788d000 	C:\WINDOWS\System32\KERNEL32.DLL
0x00007ff9c5020000 - 0x00007ff9c52e9000 	C:\WINDOWS\System32\KERNELBASE.dll
0x00007ff9c54b0000 - 0x00007ff9c55b0000 	C:\WINDOWS\System32\ucrtbase.dll
0x00007ff9bf1c0000 - 0x00007ff9bf1d9000 	C:\Program Files\Android\Android Studio\jre\bin\jli.dll
0x00007ff9bd8b0000 - 0x00007ff9bd8c7000 	C:\Program Files\Android\Android Studio\jre\bin\VCRUNTIME140.dll
0x00007ff9c6590000 - 0x00007ff9c6730000 	C:\WINDOWS\System32\USER32.dll
0x00007ff9c5320000 - 0x00007ff9c5342000 	C:\WINDOWS\System32\win32u.dll
0x00007ff9c6a20000 - 0x00007ff9c6a4a000 	C:\WINDOWS\System32\GDI32.dll
0x00007ff9b3770000 - 0x00007ff9b3a0a000 	C:\WINDOWS\WinSxS\amd64_microsoft.windows.common-controls_6595b64144ccf1df_6.0.19041.1110_none_60b5254171f9507e\COMCTL32.dll
0x00007ff9c5350000 - 0x00007ff9c545b000 	C:\WINDOWS\System32\gdi32full.dll
0x00007ff9c6f40000 - 0x00007ff9c6fde000 	C:\WINDOWS\System32\msvcrt.dll
0x00007ff9c55b0000 - 0x00007ff9c564d000 	C:\WINDOWS\System32\msvcp_win.dll
0x00007ff9c75a0000 - 0x00007ff9c75d0000 	C:\WINDOWS\System32\IMM32.DLL
0x00007ff9c4cc0000 - 0x00007ff9c4db7000 	C:\Windows\system32\guard64.dll
0x00007ff9c5950000 - 0x00007ff9c59fc000 	C:\WINDOWS\System32\ADVAPI32.dll
0x00007ff9c75d0000 - 0x00007ff9c766b000 	C:\WINDOWS\System32\sechost.dll
0x00007ff9c6730000 - 0x00007ff9c685a000 	C:\WINDOWS\System32\RPCRT4.dll
0x00007ff9c4cb0000 - 0x00007ff9c4cba000 	C:\WINDOWS\system32\version.dll
0x00007ff9c72b0000 - 0x00007ff9c73da000 	C:\WINDOWS\System32\ole32.dll
0x00007ff9c5a00000 - 0x00007ff9c5d55000 	C:\WINDOWS\System32\combase.dll
0x00007ff9c4ca0000 - 0x00007ff9c4cab000 	C:\WINDOWS\system32\fltlib.dll
0x00007ff9c5e50000 - 0x00007ff9c658f000 	C:\WINDOWS\System32\shell32.dll
0x00007ff9a5f20000 - 0x00007ff9a5fbd000 	C:\Program Files\Android\Android Studio\jre\bin\msvcp140.dll
0x00007ff949580000 - 0x00007ff94a04f000 	C:\Program Files\Android\Android Studio\jre\bin\server\jvm.dll
0x00007ff9c6a10000 - 0x00007ff9c6a18000 	C:\WINDOWS\System32\PSAPI.DLL
0x00007ff9b1d90000 - 0x00007ff9b1d99000 	C:\WINDOWS\SYSTEM32\WSOCK32.dll
0x00007ff9c76d0000 - 0x00007ff9c773b000 	C:\WINDOWS\System32\WS2_32.dll
0x00007ff9b3520000 - 0x00007ff9b3547000 	C:\WINDOWS\SYSTEM32\WINMM.dll
0x00007ff9c37c0000 - 0x00007ff9c37d2000 	C:\WINDOWS\SYSTEM32\kernel.appcore.dll
0x00007ff9bf3e0000 - 0x00007ff9bf3f1000 	C:\Program Files\Android\Android Studio\jre\bin\verify.dll
0x00007ff9c34a0000 - 0x00007ff9c3684000 	C:\WINDOWS\SYSTEM32\DBGHELP.DLL
0x00007ff9baff0000 - 0x00007ff9bb01c000 	C:\WINDOWS\SYSTEM32\dbgcore.DLL
0x00007ff9c5810000 - 0x00007ff9c5893000 	C:\WINDOWS\System32\bcryptPrimitives.dll
0x00007ff9beb10000 - 0x00007ff9beb39000 	C:\Program Files\Android\Android Studio\jre\bin\java.dll
0x00007ff9bef80000 - 0x00007ff9bef8b000 	C:\Program Files\Android\Android Studio\jre\bin\jimage.dll
0x00007ff9beaf0000 - 0x00007ff9beb08000 	C:\Program Files\Android\Android Studio\jre\bin\zip.dll
0x00007ff9c2c40000 - 0x00007ff9c33d0000 	C:\WINDOWS\SYSTEM32\windows.storage.dll
0x00007ff9c4960000 - 0x00007ff9c498c000 	C:\WINDOWS\SYSTEM32\Wldp.dll
0x00007ff9c7440000 - 0x00007ff9c74ee000 	C:\WINDOWS\System32\SHCORE.dll
0x00007ff9c5d60000 - 0x00007ff9c5db5000 	C:\WINDOWS\System32\shlwapi.dll
0x00007ff9c4f60000 - 0x00007ff9c4f7f000 	C:\WINDOWS\SYSTEM32\profapi.dll
0x00007ff9bea10000 - 0x00007ff9bea2a000 	C:\Program Files\Android\Android Studio\jre\bin\net.dll
0x00007ff9bd960000 - 0x00007ff9bda68000 	C:\WINDOWS\SYSTEM32\WINHTTP.dll
0x00007ff9c46c0000 - 0x00007ff9c472a000 	C:\WINDOWS\system32\mswsock.dll
0x00007ff9bd8d0000 - 0x00007ff9bd8e4000 	C:\Program Files\Android\Android Studio\jre\bin\nio.dll
0x00007ff9a8d90000 - 0x00007ff9a8db7000 	C:\Users\Mich01\.gradle\native\8bec1ad78214c89d9ad589b4d07fe93259594b29d510b10fafb7a158f7737e5d\windows-amd64\native-platform.dll
0x00007ff9a5fc0000 - 0x00007ff9a60fd000 	C:\Users\Mich01\.gradle\native\53dbd7edfb1c66fb8903c78663c9afc45aea4f116125fa6feffd364cf09443e8\windows-amd64\native-platform-file-events.dll
0x00007ff9bd8a0000 - 0x00007ff9bd8aa000 	C:\Program Files\Android\Android Studio\jre\bin\management.dll
0x00007ff9bc590000 - 0x00007ff9bc59c000 	C:\Program Files\Android\Android Studio\jre\bin\management_ext.dll
0x00007ff9c48b0000 - 0x00007ff9c48c8000 	C:\WINDOWS\SYSTEM32\CRYPTSP.dll
0x00007ff9c3fd0000 - 0x00007ff9c4004000 	C:\WINDOWS\system32\rsaenh.dll
0x00007ff9c52f0000 - 0x00007ff9c5317000 	C:\WINDOWS\System32\bcrypt.dll
0x00007ff9c4ee0000 - 0x00007ff9c4f0e000 	C:\WINDOWS\SYSTEM32\USERENV.dll
0x00007ff9c48d0000 - 0x00007ff9c48dc000 	C:\WINDOWS\SYSTEM32\CRYPTBASE.dll
0x00007ff9c4360000 - 0x00007ff9c439b000 	C:\WINDOWS\SYSTEM32\IPHLPAPI.DLL
0x00007ff9c5e40000 - 0x00007ff9c5e48000 	C:\WINDOWS\System32\NSI.dll
0x00007ff9bb060000 - 0x00007ff9bb077000 	C:\WINDOWS\SYSTEM32\dhcpcsvc6.DLL
0x00007ff9bb040000 - 0x00007ff9bb05d000 	C:\WINDOWS\SYSTEM32\dhcpcsvc.DLL
0x00007ff9c43b0000 - 0x00007ff9c447c000 	C:\WINDOWS\SYSTEM32\DNSAPI.dll

dbghelp: loaded successfully - version: 4.0.5 - missing functions: none
symbol engine: initialized successfully - sym options: 0x614 - pdb path: .;C:\Program Files\Android\Android Studio\jre\bin;C:\WINDOWS\SYSTEM32;C:\Program Files\Avast Software\Avast;C:\WINDOWS\WinSxS\amd64_microsoft.windows.common-controls_6595b64144ccf1df_6.0.19041.1110_none_60b5254171f9507e;C:\Program Files\Android\Android Studio\jre\bin\server;C:\Users\Mich01\.gradle\native\8bec1ad78214c89d9ad589b4d07fe93259594b29d510b10fafb7a158f7737e5d\windows-amd64;C:\Users\Mich01\.gradle\native\53dbd7edfb1c66fb8903c78663c9afc45aea4f116125fa6feffd364cf09443e8\windows-amd64

VM Arguments:
jvm_args: --add-opens=java.base/java.util=ALL-UNNAMED --add-opens=java.base/java.lang=ALL-UNNAMED --add-opens=java.base/java.lang.invoke=ALL-UNNAMED --add-opens=java.base/java.util=ALL-UNNAMED --add-opens=java.prefs/java.util.prefs=ALL-UNNAMED --add-opens=java.prefs/java.util.prefs=ALL-UNNAMED --add-opens=java.base/java.nio.charset=ALL-UNNAMED --add-opens=java.base/java.net=ALL-UNNAMED --add-opens=java.base/java.util.concurrent.atomic=ALL-UNNAMED -Xmx2048m -Dfile.encoding=UTF-8 -Duser.country=US -Duser.language=en -Duser.variant 
java_command: org.gradle.launcher.daemon.bootstrap.GradleDaemon 7.0.2
java_class_path (initial): C:\Users\Mich01\.gradle\wrapper\dists\gradle-7.0.2-bin\857tjihv64xamwrf0h14cai3r\gradle-7.0.2\lib\gradle-launcher-7.0.2.jar
Launcher Type: SUN_STANDARD

[Global flags]
     intx CICompilerCount                          = 4                                         {product} {ergonomic}
     uint ConcGCThreads                            = 2                                         {product} {ergonomic}
     uint G1ConcRefinementThreads                  = 8                                         {product} {ergonomic}
   size_t G1HeapRegionSize                         = 1048576                                   {product} {ergonomic}
    uintx GCDrainStackTargetSize                   = 64                                        {product} {ergonomic}
   size_t InitialHeapSize                          = 130023424                                 {product} {ergonomic}
   size_t MarkStackSize                            = 4194304                                   {product} {ergonomic}
   size_t MaxHeapSize                              = 2147483648                                {product} {command line}
   size_t MaxNewSize                               = 1287651328                                {product} {ergonomic}
   size_t MinHeapDeltaBytes                        = 1048576                                   {product} {ergonomic}
    uintx NonNMethodCodeHeapSize                   = 5836300                                {pd product} {ergonomic}
    uintx NonProfiledCodeHeapSize                  = 122910970                              {pd product} {ergonomic}
    uintx ProfiledCodeHeapSize                     = 122910970                              {pd product} {ergonomic}
    uintx ReservedCodeCacheSize                    = 251658240                              {pd product} {ergonomic}
     bool SegmentedCodeCache                       = true                                      {product} {ergonomic}
     bool UseCompressedClassPointers               = true                                 {lp64_product} {ergonomic}
     bool UseCompressedOops                        = true                                 {lp64_product} {ergonomic}
     bool UseG1GC                                  = true                                      {product} {ergonomic}
     bool UseLargePagesIndividualAllocation        = false                                  {pd product} {ergonomic}

Logging:
Log output configuration:
 #0: stdout all=warning uptime,level,tags
 #1: stderr all=off uptime,level,tags

Environment Variables:
PATH=C:\Users\Mich01\AppData\Local\Programs\Python\Python39\Scripts\;C:\Users\Mich01\AppData\Local\Programs\Python\Python39\;C:\Program Files (x86)\Common Files\Oracle\Java\javapath;C:\WINDOWS\system32;C:\WINDOWS;C:\WINDOWS\System32\Wbem;C:\WINDOWS\System32\WindowsPowerShell\v1.0\;C:\WINDOWS\System32\OpenSSH\;C:\Program Files\Intel\WiFi\bin\;C:\Program Files\Common Files\Intel\WirelessCommon\;C:\Program Files (x86)\Bitvise SSH Client;C:\ProgramData\chocolatey\bin;C:\Program Files (x86)\Common Files\Oracle\Java\javapath;C:\WINDOWS\system32;C:\WINDOWS;C:\WINDOWS\System32\Wbem;C:\WINDOWS\System32\WindowsPowerShell\v1.0\;C:\WINDOWS\System32\OpenSSH\;C:\Program Files\Intel\WiFi\bin\;C:\Program Files\Common Files\Intel\WirelessCommon\;C:\Program Files (x86)\Bitvise SSH Client;C:\Users\Mich01\AppData\Local\Microsoft\WindowsApps;C:\Program Files (x86)\Nmap;C:\Program Files\JetBrains\PyCharm Community Edition 2019.3.4\bin;;C:\Program Files\JetBrains\WebStorm 2020.3.2\bin;;C:\Users\Mich01\AppData\Roaming\Python\Python39\Scripts
USERNAME=Mich01
OS=Windows_NT
PROCESSOR_IDENTIFIER=Intel64 Family 6 Model 142 Stepping 10, GenuineIntel



---------------  S Y S T E M  ---------------

OS: Windows 10 , 64 bit Build 19041 (10.0.19041.1151)
OS uptime: 0 days 2:25 hours

CPU:total 8 (initial active 8) (4 cores per cpu, 2 threads per core) family 6 model 142 stepping 10 microcode 0xe0, cmov, cx8, fxsr, mmx, sse, sse2, sse3, ssse3, sse4.1, sse4.2, popcnt, avx, avx2, aes, clmul, erms, 3dnowpref, lzcnt, ht, tsc, tscinvbit, bmi1, bmi2, adx, fma

Memory: 4k page, system-wide physical 7814M (334M free)
TotalPageFile size 13771M (AvailPageFile size 0M)
current process WorkingSet (physical memory assigned to process): 221M, peak: 221M
current process commit charge ("private bytes"): 286M, peak: 286M

vm_info: OpenJDK 64-Bit Server VM (11.0.10+0-b96-7249189) for windows-amd64 JRE (11.0.10+0-b96-7249189), built on Mar 31 2021 21:44:00 by "builder" with MS VC++ 14.0 (VS2015)

END.
