#
# There is insufficient memory for the Java Runtime Environment to continue.
# Native memory allocation (mmap) failed to map 216006656 bytes for Failed to commit area from 0x000000008ce00000 to 0x0000000099c00000 of length 216006656.
# Possible reasons:
#   The system is out of physical RAM or swap space
#   The process is running with CompressedOops enabled, and the Java Heap may be blocking the growth of the native heap
# Possible solutions:
#   Reduce memory load on the system
#   Increase physical memory or swap space
#   Check if swap backing store is full
#   Decrease Java heap size (-Xmx/-Xms)
#   Decrease number of Java threads
#   Decrease Java thread stack sizes (-Xss)
#   Set larger code cache with -XX:ReservedCodeCacheSize=
#   JVM is running with Unscaled Compressed Oops mode in which the Java heap is
#     placed in the first 4GB address space. The Java Heap base address is the
#     maximum limit for the native heap growth. Please use -XX:HeapBaseMinAddress
#     to set the Java Heap base and to place the Java Heap above 4GB virtual address.
# This output file may be truncated or incomplete.
#
#  Out of Memory Error (./src/hotspot/os/windows/os_windows.cpp:3301), pid=16888, tid=11004
#
# JRE version: OpenJDK Runtime Environment (11.0.10) (build 11.0.10+0-b96-7249189)
# Java VM: OpenJDK 64-Bit Server VM (11.0.10+0-b96-7249189, mixed mode, tiered, compressed oops, g1 gc, windows-amd64)
# No core dump will be written. Minidumps are not enabled by default on client versions of Windows
#

---------------  S U M M A R Y ------------

Command Line: --add-opens=java.base/java.util=ALL-UNNAMED --add-opens=java.base/java.lang=ALL-UNNAMED --add-opens=java.base/java.lang.invoke=ALL-UNNAMED --add-opens=java.base/java.util=ALL-UNNAMED --add-opens=java.prefs/java.util.prefs=ALL-UNNAMED --add-opens=java.prefs/java.util.prefs=ALL-UNNAMED --add-opens=java.base/java.nio.charset=ALL-UNNAMED --add-opens=java.base/java.net=ALL-UNNAMED --add-opens=java.base/java.util.concurrent.atomic=ALL-UNNAMED -Xmx2048m -Dfile.encoding=UTF-8 -Duser.country=US -Duser.language=en -Duser.variant org.gradle.launcher.daemon.bootstrap.GradleDaemon 7.0.2

Host: Intel(R) Core(TM) i7-8550U CPU @ 1.80GHz, 8 cores, 7G,  Windows 10 , 64 bit Build 19041 (10.0.19041.1151)
Time: Thu Aug 12 15:26:12 2021 E. Africa Standard Time elapsed time: 90.522803 seconds (0d 0h 1m 30s)

---------------  T H R E A D  ---------------

Current thread (0x00000269e5000000):  VMThread "VM Thread" [stack: 0x0000007e88200000,0x0000007e88300000] [id=11004]

Stack: [0x0000007e88200000,0x0000007e88300000]
[error occurred during error reporting (printing stack bounds), id 0xc0000005, EXCEPTION_ACCESS_VIOLATION (0xc0000005) at pc=0x00000269cd640f2d]

Native frames: (J=compiled Java code, j=interpreted, Vv=VM code, C=native code)
V  [jvm.dll+0x5ecfaa]
V  [jvm.dll+0x722bd5]
V  [jvm.dll+0x72412d]
V  [jvm.dll+0x724745]
V  [jvm.dll+0x7246fb]
V  [jvm.dll+0x5ec348]
V  [jvm.dll+0x5ecad8]
C  [ntdll.dll+0xa217f]
C  [ntdll.dll+0x51454]
C  [ntdll.dll+0xa0cae]
C  0x00000269cd640f2d

VM_Operation (0x0000007e8b4f9040): G1CollectForAllocation, mode: safepoint, requested by thread 0x00000269ea97d000


---------------  P R O C E S S  ---------------

Threads class SMR info:
_java_thread_list=0x00000269e8b81900, length=62, elements={
0x00000269c9b90800, 0x00000269e5006000, 0x00000269e500e000, 0x00000269e505f800,
0x00000269e5060000, 0x00000269e5062000, 0x00000269e5068800, 0x00000269e506f000,
0x00000269e507e000, 0x00000269e51da000, 0x00000269e72fa800, 0x00000269e7125800,
0x00000269e7d16000, 0x00000269e67cd000, 0x00000269e6a03800, 0x00000269e701c000,
0x00000269e640b800, 0x00000269e6411000, 0x00000269e55f9800, 0x00000269e55fa800,
0x00000269e55f4800, 0x00000269e55f8000, 0x00000269e55f9000, 0x00000269e55f7000,
0x00000269e55fb000, 0x00000269e55f6800, 0x00000269e55f5800, 0x00000269ea976800,
0x00000269ea975000, 0x00000269ea974000, 0x00000269ea977800, 0x00000269ea97a000,
0x00000269ea97e000, 0x00000269ea97f000, 0x00000269ea97b800, 0x00000269ea980800,
0x00000269ea97f800, 0x00000269ea981800, 0x00000269ea982000, 0x00000269ea97c800,
0x00000269ea97d000, 0x00000269ea983000, 0x00000269eab60000, 0x00000269eab5a000,
0x00000269eab5c800, 0x00000269eab5b800, 0x00000269eab60800, 0x00000269eab5d800,
0x00000269eab5f000, 0x00000269eab5b000, 0x00000269eab61800, 0x00000269eab62000,
0x00000269eab63000, 0x00000269eab64000, 0x00000269eab5e000, 0x00000269eab64800,
0x00000269eab65800, 0x00000269eab66800, 0x00000269eab67000, 0x00000269eab68000,
0x00000269eab69000, 0x00000269e628f800
}

Java Threads: ( => current thread )
  0x00000269c9b90800 JavaThread "main" [_thread_blocked, id=18416, stack(0x0000007e87c00000,0x0000007e87d00000)]
  0x00000269e5006000 JavaThread "Reference Handler" daemon [_thread_blocked, id=6856, stack(0x0000007e88300000,0x0000007e88400000)]
  0x00000269e500e000 JavaThread "Finalizer" daemon [_thread_blocked, id=9832, stack(0x0000007e88400000,0x0000007e88500000)]
  0x00000269e505f800 JavaThread "Signal Dispatcher" daemon [_thread_blocked, id=18344, stack(0x0000007e88500000,0x0000007e88600000)]
  0x00000269e5060000 JavaThread "Attach Listener" daemon [_thread_blocked, id=2996, stack(0x0000007e88600000,0x0000007e88700000)]
  0x00000269e5062000 JavaThread "Service Thread" daemon [_thread_blocked, id=14476, stack(0x0000007e88700000,0x0000007e88800000)]
  0x00000269e5068800 JavaThread "C2 CompilerThread0" daemon [_thread_blocked, id=11984, stack(0x0000007e88800000,0x0000007e88900000)]
  0x00000269e506f000 JavaThread "C1 CompilerThread0" daemon [_thread_blocked, id=18176, stack(0x0000007e88900000,0x0000007e88a00000)]
  0x00000269e507e000 JavaThread "Sweeper thread" daemon [_thread_blocked, id=16748, stack(0x0000007e88a00000,0x0000007e88b00000)]
  0x00000269e51da000 JavaThread "Common-Cleaner" daemon [_thread_blocked, id=3400, stack(0x0000007e88b00000,0x0000007e88c00000)]
  0x00000269e72fa800 JavaThread "Daemon health stats" [_thread_blocked, id=7224, stack(0x0000007e88f00000,0x0000007e89000000)]
  0x00000269e7125800 JavaThread "Incoming local TCP Connector on port 6520" [_thread_in_native, id=7444, stack(0x0000007e88d00000,0x0000007e88e00000)]
  0x00000269e7d16000 JavaThread "Daemon periodic checks" [_thread_blocked, id=13556, stack(0x0000007e89000000,0x0000007e89100000)]
  0x00000269e67cd000 JavaThread "Daemon" [_thread_blocked, id=17016, stack(0x0000007e89100000,0x0000007e89200000)]
  0x00000269e6a03800 JavaThread "Handler for socket connection from /127.0.0.1:6520 to /127.0.0.1:6521" [_thread_in_native, id=8860, stack(0x0000007e89200000,0x0000007e89300000)]
  0x00000269e701c000 JavaThread "Cancel handler" [_thread_blocked, id=9856, stack(0x0000007e89300000,0x0000007e89400000)]
  0x00000269e640b800 JavaThread "Daemon worker" [_thread_blocked, id=17488, stack(0x0000007e89400000,0x0000007e89500000)]
  0x00000269e6411000 JavaThread "Asynchronous log dispatcher for DefaultDaemonConnection: socket connection from /127.0.0.1:6520 to /127.0.0.1:6521" [_thread_blocked, id=14628, stack(0x0000007e89600000,0x0000007e89700000)]
  0x00000269e55f9800 JavaThread "Daemon client event forwarder" [_thread_blocked, id=2360, stack(0x0000007e89800000,0x0000007e89900000)]
  0x00000269e55fa800 JavaThread "Cache worker for file hash cache (C:\Users\Mich01\.gradle\caches\7.0.2\fileHashes)" [_thread_blocked, id=17520, stack(0x0000007e89f00000,0x0000007e8a000000)]
  0x00000269e55f4800 JavaThread "File lock request listener" [_thread_in_native, id=17756, stack(0x0000007e8a000000,0x0000007e8a100000)]
  0x00000269e55f8000 JavaThread "Cache worker for journal cache (C:\Users\Mich01\.gradle\caches\journal-1)" [_thread_blocked, id=17840, stack(0x0000007e8a100000,0x0000007e8a200000)]
  0x00000269e55f9000 JavaThread "Cache worker for file hash cache (C:\Users\Mich01\AndroidStudioProjects\SpiderMS\.gradle\7.0.2\fileHashes)" [_thread_blocked, id=17212, stack(0x0000007e8a300000,0x0000007e8a400000)]
  0x00000269e55f7000 JavaThread "File watcher server" daemon [_thread_blocked, id=11768, stack(0x0000007e8a400000,0x0000007e8a500000)]
  0x00000269e55fb000 JavaThread "File watcher consumer" daemon [_thread_blocked, id=15052, stack(0x0000007e8a500000,0x0000007e8a600000)]
  0x00000269e55f6800 JavaThread "Cache worker for checksums cache (C:\Users\Mich01\AndroidStudioProjects\SpiderMS\.gradle\checksums)" [_thread_blocked, id=7360, stack(0x0000007e8a600000,0x0000007e8a700000)]
  0x00000269e55f5800 JavaThread "Cache worker for cache directory md-supplier (C:\Users\Mich01\.gradle\caches\7.0.2\md-supplier)" [_thread_blocked, id=17460, stack(0x0000007e8a700000,0x0000007e8a800000)]
  0x00000269ea976800 JavaThread "Cache worker for cache directory md-rule (C:\Users\Mich01\.gradle\caches\7.0.2\md-rule)" [_thread_blocked, id=3464, stack(0x0000007e8a800000,0x0000007e8a900000)]
  0x00000269ea975000 JavaThread "Cache worker for execution history cache (C:\Users\Mich01\.gradle\caches\7.0.2\executionHistory)" [_thread_blocked, id=15604, stack(0x0000007e8a900000,0x0000007e8aa00000)]
  0x00000269ea974000 JavaThread "jar transforms" [_thread_blocked, id=4408, stack(0x0000007e8aa00000,0x0000007e8ab00000)]
  0x00000269ea977800 JavaThread "jar transforms Thread 2" [_thread_blocked, id=3220, stack(0x0000007e8ab00000,0x0000007e8ac00000)]
  0x00000269ea97a000 JavaThread "Cache worker for file content cache (C:\Users\Mich01\.gradle\caches\7.0.2\fileContent)" [_thread_blocked, id=18128, stack(0x0000007e8ac00000,0x0000007e8ad00000)]
  0x00000269ea97e000 JavaThread "Cache worker for dependencies-accessors (C:\Users\Mich01\AndroidStudioProjects\SpiderMS\.gradle\7.0.2\dependencies-accessors)" [_thread_blocked, id=4024, stack(0x0000007e8ad00000,0x0000007e8ae00000)]
  0x00000269ea97f000 JavaThread "jar transforms Thread 3" [_thread_blocked, id=17484, stack(0x0000007e8ae00000,0x0000007e8af00000)]
  0x00000269ea97b800 JavaThread "Cache worker for Build Output Cleanup Cache (C:\Users\Mich01\AndroidStudioProjects\SpiderMS\.gradle\buildOutputCleanup)" [_thread_blocked, id=11284, stack(0x0000007e8af00000,0x0000007e8b000000)]
  0x00000269ea980800 JavaThread "Build operations" [_thread_blocked, id=17304, stack(0x0000007e8a200000,0x0000007e8a300000)]
  0x00000269ea97f800 JavaThread "Build operations Thread 2" [_thread_blocked, id=14872, stack(0x0000007e8b000000,0x0000007e8b100000)]
  0x00000269ea981800 JavaThread "Build operations Thread 3" [_thread_blocked, id=18304, stack(0x0000007e8b100000,0x0000007e8b200000)]
  0x00000269ea982000 JavaThread "Build operations Thread 4" [_thread_blocked, id=17272, stack(0x0000007e8b200000,0x0000007e8b300000)]
  0x00000269ea97c800 JavaThread "Build operations Thread 5" [_thread_blocked, id=2868, stack(0x0000007e8b300000,0x0000007e8b400000)]
  0x00000269ea97d000 JavaThread "Build operations Thread 6" [_thread_blocked, id=3500, stack(0x0000007e8b400000,0x0000007e8b500000)]
  0x00000269ea983000 JavaThread "Build operations Thread 7" [_thread_blocked, id=16248, stack(0x0000007e8b500000,0x0000007e8b600000)]
  0x00000269eab60000 JavaThread "Build operations Thread 8" [_thread_blocked, id=7640, stack(0x0000007e8b600000,0x0000007e8b700000)]
  0x00000269eab5a000 JavaThread "jar transforms Thread 4" [_thread_blocked, id=648, stack(0x0000007e8b700000,0x0000007e8b800000)]
  0x00000269eab5c800 JavaThread "jar transforms Thread 5" [_thread_blocked, id=1856, stack(0x0000007e8b800000,0x0000007e8b900000)]
  0x00000269eab5b800 JavaThread "jar transforms Thread 6" [_thread_blocked, id=10892, stack(0x0000007e8b900000,0x0000007e8ba00000)]
  0x00000269eab60800 JavaThread "jar transforms Thread 7" [_thread_blocked, id=18164, stack(0x0000007e8ba00000,0x0000007e8bb00000)]
  0x00000269eab5d800 JavaThread "jar transforms Thread 8" [_thread_blocked, id=12044, stack(0x0000007e8bb00000,0x0000007e8bc00000)]
  0x00000269eab5f000 JavaThread "Memory manager" [_thread_blocked, id=7336, stack(0x0000007e87900000,0x0000007e87a00000)]
  0x00000269eab5b000 JavaThread "build event listener" [_thread_blocked, id=16776, stack(0x0000007e87a00000,0x0000007e87b00000)]
  0x00000269eab61800 JavaThread "Execution worker for ':'" [_thread_blocked, id=14776, stack(0x0000007e87b00000,0x0000007e87c00000)]
  0x00000269eab62000 JavaThread "Execution worker for ':' Thread 2" [_thread_blocked, id=9876, stack(0x0000007e89700000,0x0000007e89800000)]
  0x00000269eab63000 JavaThread "Execution worker for ':' Thread 3" [_thread_blocked, id=2068, stack(0x0000007e8be00000,0x0000007e8bf00000)]
  0x00000269eab64000 JavaThread "Execution worker for ':' Thread 4" [_thread_blocked, id=11640, stack(0x0000007e8bf00000,0x0000007e8c000000)]
  0x00000269eab5e000 JavaThread "Execution worker for ':' Thread 5" [_thread_blocked, id=17424, stack(0x0000007e8c000000,0x0000007e8c100000)]
  0x00000269eab64800 JavaThread "Execution worker for ':' Thread 6" [_thread_blocked, id=17740, stack(0x0000007e8c100000,0x0000007e8c200000)]
  0x00000269eab65800 JavaThread "Execution worker for ':' Thread 7" [_thread_blocked, id=16448, stack(0x0000007e8c200000,0x0000007e8c300000)]
  0x00000269eab66800 JavaThread "Cache worker for execution history cache (C:\Users\Mich01\AndroidStudioProjects\SpiderMS\.gradle\7.0.2\executionHistory)" [_thread_blocked, id=13120, stack(0x0000007e8c300000,0x0000007e8c400000)]
  0x00000269eab67000 JavaThread "WorkerExecutor Queue" [_thread_blocked, id=18108, stack(0x0000007e8c500000,0x0000007e8c600000)]
  0x00000269eab68000 JavaThread "pool-3-thread-1" [_thread_blocked, id=18292, stack(0x0000007e8c600000,0x0000007e8c700000)]
  0x00000269eab69000 JavaThread "stderr" [_thread_in_native, id=10064, stack(0x0000007e8c700000,0x0000007e8c800000)]
  0x00000269e628f800 JavaThread "stdout" [_thread_in_native, id=16956, stack(0x0000007e8c800000,0x0000007e8c900000)]

Other Threads:
=>0x00000269e5000000 VMThread "VM Thread" [stack: 0x0000007e88200000,0x0000007e88300000] [id=11004]
  0x00000269e5203000 WatcherThread [stack: 0x0000007e88c00000,0x0000007e88d00000] [id=15596]
  0x00000269c9ba7000 GCTaskThread "GC Thread#0" [stack: 0x0000007e87d00000,0x0000007e87e00000] [id=16868]
  0x00000269e5d9d800 GCTaskThread "GC Thread#1" [stack: 0x0000007e88e00000,0x0000007e88f00000] [id=16292]
  0x00000269e6411800 GCTaskThread "GC Thread#2" [stack: 0x0000007e89900000,0x0000007e89a00000] [id=1808]
  0x00000269e589d800 GCTaskThread "GC Thread#3" [stack: 0x0000007e89a00000,0x0000007e89b00000] [id=7908]
  0x00000269e742d800 GCTaskThread "GC Thread#4" [stack: 0x0000007e89b00000,0x0000007e89c00000] [id=6812]
  0x00000269e742e000 GCTaskThread "GC Thread#5" [stack: 0x0000007e89c00000,0x0000007e89d00000] [id=8156]
  0x00000269e7d10800 GCTaskThread "GC Thread#6" [stack: 0x0000007e89d00000,0x0000007e89e00000] [id=7572]
  0x00000269e7d11000 GCTaskThread "GC Thread#7" [stack: 0x0000007e89e00000,0x0000007e89f00000] [id=4664]
  0x00000269c9bd8800 ConcurrentGCThread "G1 Main Marker" [stack: 0x0000007e87e00000,0x0000007e87f00000] [id=8816]
  0x00000269c9bd9800 ConcurrentGCThread "G1 Conc#0" [stack: 0x0000007e87f00000,0x0000007e88000000] [id=15640]
  0x00000269e597a800 ConcurrentGCThread "G1 Conc#1" [stack: 0x0000007e89500000,0x0000007e89600000] [id=9076]
  0x00000269e3fec000 ConcurrentGCThread "G1 Refine#0" [stack: 0x0000007e88000000,0x0000007e88100000] [id=3292]
  0x00000269e3fed800 ConcurrentGCThread "G1 Young RemSet Sampling" [stack: 0x0000007e88100000,0x0000007e88200000] [id=17732]

Threads with active compile tasks:
C2 CompilerThread0  90651 12971       4       com.android.tools.r8.internal.nh::a (990 bytes)
C1 CompilerThread0  90651 13012       3       com.android.tools.r8.internal.Le::a (3140 bytes)

VM state:at safepoint (normal execution)

VM Mutex/Monitor currently owned by a thread:  ([mutex/lock_event])
[0x00000269c9b8c020] Threads_lock - owner thread: 0x00000269e5000000
[0x00000269c9b8bba0] Heap_lock - owner thread: 0x00000269ea97d000

Heap address: 0x0000000080000000, size: 2048 MB, Compressed Oops mode: 32-bit
Narrow klass base: 0x0000000000000000, Narrow klass shift: 3
Compressed class space size: 1073741824 Address: 0x0000000100000000

Heap:
 garbage-first heap   total 421888K, used 118278K [0x0000000080000000, 0x0000000100000000)
  region size 1024K, 5 young (5120K), 5 survivors (5120K)
 Metaspace       used 102024K, capacity 104703K, committed 106060K, reserved 1140736K
  class space    used 13393K, capacity 14379K, committed 14924K, reserved 1048576K
Heap Regions: E=young(eden), S=young(survivor), O=old, HS=humongous(starts), HC=humongous(continues), CS=collection set, F=free, A=archive, TAMS=top-at-mark-start (previous, next)
|   0|0x0000000080000000, 0x0000000080100000, 0x0000000080100000|100%| O|  |TAMS 0x0000000080100000, 0x0000000080100000| Untracked 
|   1|0x0000000080100000, 0x0000000080200000, 0x0000000080200000|100%| O|  |TAMS 0x0000000080200000, 0x0000000080200000| Untracked 
|   2|0x0000000080200000, 0x0000000080300000, 0x0000000080300000|100%| O|  |TAMS 0x0000000080300000, 0x0000000080300000| Untracked 
|   3|0x0000000080300000, 0x0000000080400000, 0x0000000080400000|100%|HS|  |TAMS 0x0000000080400000, 0x0000000080400000| Complete 
|   4|0x0000000080400000, 0x0000000080500000, 0x0000000080500000|100%|HC|  |TAMS 0x0000000080500000, 0x0000000080500000| Complete 
|   5|0x0000000080500000, 0x0000000080600000, 0x0000000080600000|100%|HC|  |TAMS 0x0000000080600000, 0x0000000080600000| Complete 
|   6|0x0000000080600000, 0x0000000080700000, 0x0000000080700000|100%| O|  |TAMS 0x0000000080700000, 0x0000000080700000| Untracked 
|   7|0x0000000080700000, 0x0000000080800000, 0x0000000080800000|100%| O|  |TAMS 0x0000000080800000, 0x0000000080800000| Untracked 
|   8|0x0000000080800000, 0x0000000080900000, 0x0000000080900000|100%| O|  |TAMS 0x0000000080900000, 0x0000000080900000| Untracked 
|   9|0x0000000080900000, 0x0000000080a00000, 0x0000000080a00000|100%| O|  |TAMS 0x0000000080a00000, 0x0000000080a00000| Untracked 
|  10|0x0000000080a00000, 0x0000000080b00000, 0x0000000080b00000|100%| O|  |TAMS 0x0000000080b00000, 0x0000000080b00000| Untracked 
|  11|0x0000000080b00000, 0x0000000080c00000, 0x0000000080c00000|100%| O|  |TAMS 0x0000000080c00000, 0x0000000080c00000| Untracked 
|  12|0x0000000080c00000, 0x0000000080d00000, 0x0000000080d00000|100%| O|  |TAMS 0x0000000080d00000, 0x0000000080d00000| Untracked 
|  13|0x0000000080d00000, 0x0000000080e00000, 0x0000000080e00000|100%| O|  |TAMS 0x0000000080e00000, 0x0000000080e00000| Untracked 
|  14|0x0000000080e00000, 0x0000000080f00000, 0x0000000080f00000|100%| O|  |TAMS 0x0000000080f00000, 0x0000000080f00000| Untracked 
|  15|0x0000000080f00000, 0x0000000081000000, 0x0000000081000000|100%| O|  |TAMS 0x0000000081000000, 0x0000000081000000| Untracked 
|  16|0x0000000081000000, 0x0000000081100000, 0x0000000081100000|100%|HS|  |TAMS 0x0000000081100000, 0x0000000081100000| Complete 
|  17|0x0000000081100000, 0x0000000081200000, 0x0000000081200000|100%| O|  |TAMS 0x0000000081200000, 0x0000000081200000| Untracked 
|  18|0x0000000081200000, 0x0000000081300000, 0x0000000081300000|100%| O|  |TAMS 0x0000000081300000, 0x0000000081300000| Untracked 
|  19|0x0000000081300000, 0x0000000081400000, 0x0000000081400000|100%| O|  |TAMS 0x0000000081400000, 0x0000000081400000| Untracked 
|  20|0x0000000081400000, 0x0000000081500000, 0x0000000081500000|100%| O|  |TAMS 0x0000000081500000, 0x0000000081500000| Untracked 
|  21|0x0000000081500000, 0x0000000081600000, 0x0000000081600000|100%| O|  |TAMS 0x0000000081600000, 0x0000000081600000| Untracked 
|  22|0x0000000081600000, 0x0000000081700000, 0x0000000081700000|100%| O|  |TAMS 0x0000000081700000, 0x0000000081700000| Untracked 
|  23|0x0000000081700000, 0x0000000081800000, 0x0000000081800000|100%|HS|  |TAMS 0x0000000081800000, 0x0000000081800000| Complete 
|  24|0x0000000081800000, 0x0000000081900000, 0x0000000081900000|100%|HS|  |TAMS 0x0000000081900000, 0x0000000081900000| Complete 
|  25|0x0000000081900000, 0x0000000081a00000, 0x0000000081a00000|100%|HC|  |TAMS 0x0000000081a00000, 0x0000000081a00000| Complete 
|  26|0x0000000081a00000, 0x0000000081b00000, 0x0000000081b00000|100%| O|  |TAMS 0x0000000081b00000, 0x0000000081b00000| Untracked 
|  27|0x0000000081b00000, 0x0000000081c00000, 0x0000000081c00000|100%| O|  |TAMS 0x0000000081c00000, 0x0000000081c00000| Untracked 
|  28|0x0000000081c00000, 0x0000000081d00000, 0x0000000081d00000|100%| O|  |TAMS 0x0000000081d00000, 0x0000000081d00000| Untracked 
|  29|0x0000000081d00000, 0x0000000081e00000, 0x0000000081e00000|100%| O|  |TAMS 0x0000000081e00000, 0x0000000081e00000| Untracked 
|  30|0x0000000081e00000, 0x0000000081f00000, 0x0000000081f00000|100%| O|  |TAMS 0x0000000081f00000, 0x0000000081f00000| Untracked 
|  31|0x0000000081f00000, 0x0000000082000000, 0x0000000082000000|100%| O|  |TAMS 0x0000000082000000, 0x0000000082000000| Untracked 
|  32|0x0000000082000000, 0x0000000082100000, 0x0000000082100000|100%| O|  |TAMS 0x0000000082100000, 0x0000000082100000| Untracked 
|  33|0x0000000082100000, 0x0000000082200000, 0x0000000082200000|100%| O|  |TAMS 0x0000000082200000, 0x0000000082200000| Untracked 
|  34|0x0000000082200000, 0x0000000082300000, 0x0000000082300000|100%| O|  |TAMS 0x0000000082300000, 0x0000000082300000| Untracked 
|  35|0x0000000082300000, 0x0000000082400000, 0x0000000082400000|100%| O|  |TAMS 0x0000000082400000, 0x0000000082400000| Untracked 
|  36|0x0000000082400000, 0x0000000082500000, 0x0000000082500000|100%| O|  |TAMS 0x0000000082500000, 0x0000000082500000| Untracked 
|  37|0x0000000082500000, 0x0000000082600000, 0x0000000082600000|100%| O|  |TAMS 0x0000000082600000, 0x0000000082600000| Untracked 
|  38|0x0000000082600000, 0x0000000082700000, 0x0000000082700000|100%| O|  |TAMS 0x0000000082700000, 0x0000000082700000| Untracked 
|  39|0x0000000082700000, 0x0000000082800000, 0x0000000082800000|100%| O|  |TAMS 0x0000000082800000, 0x0000000082800000| Untracked 
|  40|0x0000000082800000, 0x0000000082900000, 0x0000000082900000|100%| O|  |TAMS 0x0000000082900000, 0x0000000082900000| Untracked 
|  41|0x0000000082900000, 0x0000000082a00000, 0x0000000082a00000|100%| O|  |TAMS 0x0000000082a00000, 0x0000000082a00000| Untracked 
|  42|0x0000000082a00000, 0x0000000082b00000, 0x0000000082b00000|100%| O|  |TAMS 0x0000000082b00000, 0x0000000082b00000| Untracked 
|  43|0x0000000082b00000, 0x0000000082c00000, 0x0000000082c00000|100%| O|  |TAMS 0x0000000082c00000, 0x0000000082c00000| Untracked 
|  44|0x0000000082c00000, 0x0000000082d00000, 0x0000000082d00000|100%| O|  |TAMS 0x0000000082d00000, 0x0000000082d00000| Untracked 
|  45|0x0000000082d00000, 0x0000000082e00000, 0x0000000082e00000|100%| O|  |TAMS 0x0000000082e00000, 0x0000000082e00000| Untracked 
|  46|0x0000000082e00000, 0x0000000082f00000, 0x0000000082f00000|100%| O|  |TAMS 0x0000000082f00000, 0x0000000082f00000| Untracked 
|  47|0x0000000082f00000, 0x0000000083000000, 0x0000000083000000|100%| O|  |TAMS 0x0000000083000000, 0x0000000083000000| Untracked 
|  48|0x0000000083000000, 0x0000000083100000, 0x0000000083100000|100%| O|  |TAMS 0x0000000083100000, 0x0000000083100000| Untracked 
|  49|0x0000000083100000, 0x0000000083200000, 0x0000000083200000|100%| O|  |TAMS 0x0000000083200000, 0x0000000083200000| Untracked 
|  50|0x0000000083200000, 0x0000000083300000, 0x0000000083300000|100%| O|  |TAMS 0x0000000083300000, 0x0000000083300000| Untracked 
|  51|0x0000000083300000, 0x0000000083400000, 0x0000000083400000|100%| O|  |TAMS 0x0000000083400000, 0x0000000083400000| Untracked 
|  52|0x0000000083400000, 0x0000000083500000, 0x0000000083500000|100%| O|  |TAMS 0x0000000083500000, 0x0000000083500000| Untracked 
|  53|0x0000000083500000, 0x0000000083600000, 0x0000000083600000|100%| O|  |TAMS 0x0000000083600000, 0x0000000083600000| Untracked 
|  54|0x0000000083600000, 0x0000000083700000, 0x0000000083700000|100%| O|  |TAMS 0x0000000083700000, 0x0000000083700000| Untracked 
|  55|0x0000000083700000, 0x0000000083800000, 0x0000000083800000|100%| O|  |TAMS 0x0000000083800000, 0x0000000083800000| Untracked 
|  56|0x0000000083800000, 0x0000000083900000, 0x0000000083900000|100%| O|  |TAMS 0x0000000083900000, 0x0000000083900000| Untracked 
|  57|0x0000000083900000, 0x0000000083a00000, 0x0000000083a00000|100%| O|  |TAMS 0x0000000083a00000, 0x0000000083a00000| Untracked 
|  58|0x0000000083a00000, 0x0000000083b00000, 0x0000000083b00000|100%| O|  |TAMS 0x0000000083b00000, 0x0000000083b00000| Untracked 
|  59|0x0000000083b00000, 0x0000000083c00000, 0x0000000083c00000|100%| O|  |TAMS 0x0000000083c00000, 0x0000000083c00000| Untracked 
|  60|0x0000000083c00000, 0x0000000083d00000, 0x0000000083d00000|100%| O|  |TAMS 0x0000000083d00000, 0x0000000083d00000| Untracked 
|  61|0x0000000083d00000, 0x0000000083e00000, 0x0000000083e00000|100%| O|  |TAMS 0x0000000083e00000, 0x0000000083e00000| Untracked 
|  62|0x0000000083e00000, 0x0000000083f00000, 0x0000000083f00000|100%| O|  |TAMS 0x0000000083f00000, 0x0000000083f00000| Untracked 
|  63|0x0000000083f00000, 0x0000000084000000, 0x0000000084000000|100%| O|  |TAMS 0x0000000084000000, 0x0000000084000000| Untracked 
|  64|0x0000000084000000, 0x0000000084100000, 0x0000000084100000|100%| O|  |TAMS 0x0000000084100000, 0x0000000084100000| Untracked 
|  65|0x0000000084100000, 0x0000000084200000, 0x0000000084200000|100%| O|  |TAMS 0x0000000084200000, 0x0000000084200000| Untracked 
|  66|0x0000000084200000, 0x0000000084300000, 0x0000000084300000|100%| O|  |TAMS 0x0000000084300000, 0x0000000084300000| Untracked 
|  67|0x0000000084300000, 0x0000000084400000, 0x0000000084400000|100%| O|  |TAMS 0x0000000084400000, 0x0000000084400000| Untracked 
|  68|0x0000000084400000, 0x0000000084500000, 0x0000000084500000|100%| O|  |TAMS 0x0000000084500000, 0x0000000084500000| Untracked 
|  69|0x0000000084500000, 0x0000000084600000, 0x0000000084600000|100%| O|  |TAMS 0x0000000084600000, 0x0000000084600000| Untracked 
|  70|0x0000000084600000, 0x0000000084700000, 0x0000000084700000|100%| O|  |TAMS 0x0000000084700000, 0x0000000084700000| Untracked 
|  71|0x0000000084700000, 0x0000000084800000, 0x0000000084800000|100%| O|  |TAMS 0x0000000084800000, 0x0000000084800000| Untracked 
|  72|0x0000000084800000, 0x0000000084900000, 0x0000000084900000|100%| O|  |TAMS 0x0000000084900000, 0x0000000084900000| Untracked 
|  73|0x0000000084900000, 0x0000000084a00000, 0x0000000084a00000|100%| O|  |TAMS 0x0000000084a00000, 0x0000000084a00000| Untracked 
|  74|0x0000000084a00000, 0x0000000084b00000, 0x0000000084b00000|100%| O|  |TAMS 0x0000000084b00000, 0x0000000084b00000| Untracked 
|  75|0x0000000084b00000, 0x0000000084c00000, 0x0000000084c00000|100%| O|  |TAMS 0x0000000084c00000, 0x0000000084c00000| Untracked 
|  76|0x0000000084c00000, 0x0000000084d00000, 0x0000000084d00000|100%| O|  |TAMS 0x0000000084d00000, 0x0000000084d00000| Untracked 
|  77|0x0000000084d00000, 0x0000000084e00000, 0x0000000084e00000|100%| O|  |TAMS 0x0000000084e00000, 0x0000000084e00000| Untracked 
|  78|0x0000000084e00000, 0x0000000084f00000, 0x0000000084f00000|100%| O|  |TAMS 0x0000000084f00000, 0x0000000084f00000| Untracked 
|  79|0x0000000084f00000, 0x0000000085000000, 0x0000000085000000|100%| O|  |TAMS 0x0000000085000000, 0x0000000085000000| Untracked 
|  80|0x0000000085000000, 0x0000000085100000, 0x0000000085100000|100%| O|  |TAMS 0x0000000085100000, 0x0000000085100000| Untracked 
|  81|0x0000000085100000, 0x0000000085200000, 0x0000000085200000|100%| O|  |TAMS 0x0000000085200000, 0x0000000085200000| Untracked 
|  82|0x0000000085200000, 0x0000000085300000, 0x0000000085300000|100%| O|  |TAMS 0x0000000085300000, 0x0000000085300000| Untracked 
|  83|0x0000000085300000, 0x0000000085400000, 0x0000000085400000|100%| O|  |TAMS 0x0000000085400000, 0x0000000085400000| Untracked 
|  84|0x0000000085400000, 0x0000000085500000, 0x0000000085500000|100%| O|  |TAMS 0x0000000085500000, 0x0000000085500000| Untracked 
|  85|0x0000000085500000, 0x0000000085600000, 0x0000000085600000|100%| O|  |TAMS 0x0000000085600000, 0x0000000085600000| Untracked 
|  86|0x0000000085600000, 0x0000000085700000, 0x0000000085700000|100%| O|  |TAMS 0x0000000085700000, 0x0000000085700000| Untracked 
|  87|0x0000000085700000, 0x0000000085800000, 0x0000000085800000|100%| O|  |TAMS 0x0000000085800000, 0x0000000085800000| Untracked 
|  88|0x0000000085800000, 0x0000000085900000, 0x0000000085900000|100%| O|  |TAMS 0x0000000085900000, 0x0000000085900000| Untracked 
|  89|0x0000000085900000, 0x0000000085a00000, 0x0000000085a00000|100%| O|  |TAMS 0x0000000085a00000, 0x0000000085a00000| Untracked 
|  90|0x0000000085a00000, 0x0000000085b00000, 0x0000000085b00000|100%| O|  |TAMS 0x0000000085b00000, 0x0000000085b00000| Untracked 
|  91|0x0000000085b00000, 0x0000000085c00000, 0x0000000085c00000|100%| O|  |TAMS 0x0000000085c00000, 0x0000000085c00000| Untracked 
|  92|0x0000000085c00000, 0x0000000085d00000, 0x0000000085d00000|100%| O|  |TAMS 0x0000000085d00000, 0x0000000085d00000| Untracked 
|  93|0x0000000085d00000, 0x0000000085e00000, 0x0000000085e00000|100%| O|  |TAMS 0x0000000085e00000, 0x0000000085e00000| Untracked 
|  94|0x0000000085e00000, 0x0000000085f00000, 0x0000000085f00000|100%| O|  |TAMS 0x0000000085f00000, 0x0000000085f00000| Untracked 
|  95|0x0000000085f00000, 0x0000000086000000, 0x0000000086000000|100%| O|  |TAMS 0x0000000086000000, 0x0000000086000000| Untracked 
|  96|0x0000000086000000, 0x0000000086100000, 0x0000000086100000|100%| O|  |TAMS 0x0000000086100000, 0x0000000086100000| Untracked 
|  97|0x0000000086100000, 0x0000000086200000, 0x0000000086200000|100%| O|  |TAMS 0x0000000086200000, 0x0000000086200000| Untracked 
|  98|0x0000000086200000, 0x0000000086300000, 0x0000000086300000|100%| O|  |TAMS 0x0000000086300000, 0x0000000086300000| Untracked 
|  99|0x0000000086300000, 0x0000000086400000, 0x0000000086400000|100%| O|  |TAMS 0x00000000863ad800, 0x0000000086400000| Untracked 
| 100|0x0000000086400000, 0x0000000086500000, 0x0000000086500000|100%| O|  |TAMS 0x0000000086400000, 0x0000000086500000| Untracked 
| 101|0x0000000086500000, 0x0000000086600000, 0x0000000086600000|100%| O|  |TAMS 0x0000000086500000, 0x0000000086600000| Untracked 
| 102|0x0000000086600000, 0x0000000086700000, 0x0000000086700000|100%| O|  |TAMS 0x0000000086600000, 0x0000000086700000| Untracked 
| 103|0x0000000086700000, 0x0000000086800000, 0x0000000086800000|100%| O|  |TAMS 0x0000000086700000, 0x0000000086800000| Untracked 
| 104|0x0000000086800000, 0x0000000086900000, 0x0000000086900000|100%| O|  |TAMS 0x0000000086800000, 0x0000000086900000| Untracked 
| 105|0x0000000086900000, 0x0000000086a00000, 0x0000000086a00000|100%| O|  |TAMS 0x0000000086900000, 0x0000000086a00000| Untracked 
| 106|0x0000000086a00000, 0x0000000086b00000, 0x0000000086b00000|100%| O|  |TAMS 0x0000000086a00000, 0x0000000086b00000| Untracked 
| 107|0x0000000086b00000, 0x0000000086c00000, 0x0000000086c00000|100%| O|  |TAMS 0x0000000086b00000, 0x0000000086c00000| Untracked 
| 108|0x0000000086c00000, 0x0000000086d00000, 0x0000000086d00000|100%| O|  |TAMS 0x0000000086c00000, 0x0000000086d00000| Untracked 
| 109|0x0000000086d00000, 0x0000000086e00000, 0x0000000086e00000|100%| O|  |TAMS 0x0000000086d00000, 0x0000000086e00000| Untracked 
| 110|0x0000000086e00000, 0x0000000086f00000, 0x0000000086f00000|100%| O|  |TAMS 0x0000000086e00000, 0x0000000086f00000| Untracked 
| 111|0x0000000086f00000, 0x0000000086f59a00, 0x0000000087000000| 35%| O|  |TAMS 0x0000000086f00000, 0x0000000086f59a00| Untracked 
| 112|0x0000000087000000, 0x0000000087000000, 0x0000000087100000|  0%| F|  |TAMS 0x0000000087000000, 0x0000000087000000| Untracked 
| 113|0x0000000087100000, 0x0000000087100000, 0x0000000087200000|  0%| F|  |TAMS 0x0000000087100000, 0x0000000087100000| Untracked 
| 114|0x0000000087200000, 0x0000000087200000, 0x0000000087300000|  0%| F|  |TAMS 0x0000000087200000, 0x0000000087200000| Untracked 
| 115|0x0000000087300000, 0x0000000087300000, 0x0000000087400000|  0%| F|  |TAMS 0x0000000087300000, 0x0000000087300000| Untracked 
| 116|0x0000000087400000, 0x0000000087400000, 0x0000000087500000|  0%| F|  |TAMS 0x0000000087400000, 0x0000000087400000| Untracked 
| 117|0x0000000087500000, 0x0000000087500000, 0x0000000087600000|  0%| F|  |TAMS 0x0000000087500000, 0x0000000087500000| Untracked 
| 118|0x0000000087600000, 0x0000000087600000, 0x0000000087700000|  0%| F|  |TAMS 0x0000000087600000, 0x0000000087600000| Untracked 
| 119|0x0000000087700000, 0x0000000087700000, 0x0000000087800000|  0%| F|  |TAMS 0x0000000087700000, 0x0000000087700000| Untracked 
| 120|0x0000000087800000, 0x0000000087800000, 0x0000000087900000|  0%| F|  |TAMS 0x0000000087800000, 0x0000000087800000| Untracked 
| 121|0x0000000087900000, 0x0000000087900000, 0x0000000087a00000|  0%| F|  |TAMS 0x0000000087900000, 0x0000000087900000| Untracked 
| 122|0x0000000087a00000, 0x0000000087a00000, 0x0000000087b00000|  0%| F|  |TAMS 0x0000000087a00000, 0x0000000087a00000| Untracked 
| 123|0x0000000087b00000, 0x0000000087b00000, 0x0000000087c00000|  0%| F|  |TAMS 0x0000000087b00000, 0x0000000087b00000| Untracked 
| 124|0x0000000087c00000, 0x0000000087c00000, 0x0000000087d00000|  0%| F|  |TAMS 0x0000000087c00000, 0x0000000087c00000| Untracked 
| 125|0x0000000087d00000, 0x0000000087d00000, 0x0000000087e00000|  0%| F|  |TAMS 0x0000000087d00000, 0x0000000087d00000| Untracked 
| 126|0x0000000087e00000, 0x0000000087e00000, 0x0000000087f00000|  0%| F|  |TAMS 0x0000000087e00000, 0x0000000087e00000| Untracked 
| 127|0x0000000087f00000, 0x0000000087f00000, 0x0000000088000000|  0%| F|  |TAMS 0x0000000087f00000, 0x0000000087f00000| Untracked 
| 128|0x0000000088000000, 0x0000000088000000, 0x0000000088100000|  0%| F|  |TAMS 0x0000000088000000, 0x0000000088000000| Untracked 
| 129|0x0000000088100000, 0x0000000088100000, 0x0000000088200000|  0%| F|  |TAMS 0x0000000088100000, 0x0000000088100000| Untracked 
| 130|0x0000000088200000, 0x0000000088200000, 0x0000000088300000|  0%| F|  |TAMS 0x0000000088200000, 0x0000000088200000| Untracked 
| 131|0x0000000088300000, 0x0000000088300000, 0x0000000088400000|  0%| F|  |TAMS 0x0000000088300000, 0x0000000088300000| Untracked 
| 132|0x0000000088400000, 0x0000000088400000, 0x0000000088500000|  0%| F|  |TAMS 0x0000000088400000, 0x0000000088400000| Untracked 
| 133|0x0000000088500000, 0x0000000088500000, 0x0000000088600000|  0%| F|  |TAMS 0x0000000088500000, 0x0000000088500000| Untracked 
| 134|0x0000000088600000, 0x0000000088600000, 0x0000000088700000|  0%| F|  |TAMS 0x0000000088600000, 0x0000000088600000| Untracked 
| 135|0x0000000088700000, 0x0000000088700000, 0x0000000088800000|  0%| F|  |TAMS 0x0000000088700000, 0x0000000088700000| Untracked 
| 136|0x0000000088800000, 0x0000000088800000, 0x0000000088900000|  0%| F|  |TAMS 0x0000000088800000, 0x0000000088800000| Untracked 
| 137|0x0000000088900000, 0x0000000088900000, 0x0000000088a00000|  0%| F|  |TAMS 0x0000000088900000, 0x0000000088900000| Untracked 
| 138|0x0000000088a00000, 0x0000000088a00000, 0x0000000088b00000|  0%| F|  |TAMS 0x0000000088a00000, 0x0000000088a00000| Untracked 
| 139|0x0000000088b00000, 0x0000000088b00000, 0x0000000088c00000|  0%| F|  |TAMS 0x0000000088b00000, 0x0000000088b00000| Untracked 
| 140|0x0000000088c00000, 0x0000000088c00000, 0x0000000088d00000|  0%| F|  |TAMS 0x0000000088c00000, 0x0000000088c00000| Untracked 
| 141|0x0000000088d00000, 0x0000000088d00000, 0x0000000088e00000|  0%| F|  |TAMS 0x0000000088d00000, 0x0000000088d00000| Untracked 
| 142|0x0000000088e00000, 0x0000000088e00000, 0x0000000088f00000|  0%| F|  |TAMS 0x0000000088e00000, 0x0000000088e00000| Untracked 
| 143|0x0000000088f00000, 0x0000000088f00000, 0x0000000089000000|  0%| F|  |TAMS 0x0000000088f00000, 0x0000000088f00000| Untracked 
| 144|0x0000000089000000, 0x0000000089027fa8, 0x0000000089100000| 15%| S|CS|TAMS 0x0000000089000000, 0x0000000089000000| Complete 
| 145|0x0000000089100000, 0x0000000089200000, 0x0000000089200000|100%| S|CS|TAMS 0x0000000089100000, 0x0000000089100000| Complete 
| 146|0x0000000089200000, 0x0000000089300000, 0x0000000089300000|100%| S|CS|TAMS 0x0000000089200000, 0x0000000089200000| Complete 
| 147|0x0000000089300000, 0x0000000089400000, 0x0000000089400000|100%| S|CS|TAMS 0x0000000089300000, 0x0000000089300000| Complete 
| 148|0x0000000089400000, 0x0000000089400000, 0x0000000089500000|  0%| F|  |TAMS 0x0000000089400000, 0x0000000089400000| Untracked 
| 149|0x0000000089500000, 0x0000000089500000, 0x0000000089600000|  0%| F|  |TAMS 0x0000000089500000, 0x0000000089500000| Untracked 
| 150|0x0000000089600000, 0x0000000089600000, 0x0000000089700000|  0%| F|  |TAMS 0x0000000089600000, 0x0000000089600000| Untracked 
| 151|0x0000000089700000, 0x0000000089700000, 0x0000000089800000|  0%| F|  |TAMS 0x0000000089700000, 0x0000000089700000| Untracked 
| 152|0x0000000089800000, 0x0000000089800000, 0x0000000089900000|  0%| F|  |TAMS 0x0000000089800000, 0x0000000089800000| Untracked 
| 153|0x0000000089900000, 0x0000000089900000, 0x0000000089a00000|  0%| F|  |TAMS 0x0000000089900000, 0x0000000089900000| Untracked 
| 154|0x0000000089a00000, 0x0000000089a00000, 0x0000000089b00000|  0%| F|  |TAMS 0x0000000089a00000, 0x0000000089a00000| Untracked 
| 155|0x0000000089b00000, 0x0000000089c00000, 0x0000000089c00000|100%| S|CS|TAMS 0x0000000089b00000, 0x0000000089b00000| Complete 
| 156|0x0000000089c00000, 0x0000000089c00000, 0x0000000089d00000|  0%| F|  |TAMS 0x0000000089c00000, 0x0000000089c00000| Untracked 
| 157|0x0000000089d00000, 0x0000000089d00000, 0x0000000089e00000|  0%| F|  |TAMS 0x0000000089d00000, 0x0000000089d00000| Untracked 
| 158|0x0000000089e00000, 0x0000000089e00000, 0x0000000089f00000|  0%| F|  |TAMS 0x0000000089e00000, 0x0000000089e00000| Untracked 
| 159|0x0000000089f00000, 0x0000000089f00000, 0x000000008a000000|  0%| F|  |TAMS 0x0000000089f00000, 0x0000000089f00000| Untracked 
| 160|0x000000008a000000, 0x000000008a000000, 0x000000008a100000|  0%| F|  |TAMS 0x000000008a000000, 0x000000008a000000| Untracked 
| 161|0x000000008a100000, 0x000000008a100000, 0x000000008a200000|  0%| F|  |TAMS 0x000000008a100000, 0x000000008a100000| Untracked 
| 162|0x000000008a200000, 0x000000008a200000, 0x000000008a300000|  0%| F|  |TAMS 0x000000008a200000, 0x000000008a200000| Untracked 
| 163|0x000000008a300000, 0x000000008a300000, 0x000000008a400000|  0%| F|  |TAMS 0x000000008a300000, 0x000000008a300000| Untracked 
| 164|0x000000008a400000, 0x000000008a400000, 0x000000008a500000|  0%| F|  |TAMS 0x000000008a400000, 0x000000008a400000| Untracked 
| 165|0x000000008a500000, 0x000000008a500000, 0x000000008a600000|  0%| F|  |TAMS 0x000000008a500000, 0x000000008a500000| Untracked 
| 166|0x000000008a600000, 0x000000008a600000, 0x000000008a700000|  0%| F|  |TAMS 0x000000008a600000, 0x000000008a600000| Untracked 
| 167|0x000000008a700000, 0x000000008a700000, 0x000000008a800000|  0%| F|  |TAMS 0x000000008a700000, 0x000000008a700000| Untracked 
| 168|0x000000008a800000, 0x000000008a800000, 0x000000008a900000|  0%| F|  |TAMS 0x000000008a800000, 0x000000008a800000| Untracked 
| 169|0x000000008a900000, 0x000000008a900000, 0x000000008aa00000|  0%| F|  |TAMS 0x000000008a900000, 0x000000008a900000| Untracked 
| 170|0x000000008aa00000, 0x000000008aa00000, 0x000000008ab00000|  0%| F|  |TAMS 0x000000008aa00000, 0x000000008aa00000| Untracked 
| 171|0x000000008ab00000, 0x000000008ab00000, 0x000000008ac00000|  0%| F|  |TAMS 0x000000008ab00000, 0x000000008ab00000| Untracked 
| 172|0x000000008ac00000, 0x000000008ac00000, 0x000000008ad00000|  0%| F|  |TAMS 0x000000008ac00000, 0x000000008ac00000| Untracked 
| 173|0x000000008ad00000, 0x000000008ad00000, 0x000000008ae00000|  0%| F|  |TAMS 0x000000008ad00000, 0x000000008ad00000| Untracked 
| 174|0x000000008ae00000, 0x000000008ae00000, 0x000000008af00000|  0%| F|  |TAMS 0x000000008ae00000, 0x000000008ae00000| Untracked 
| 175|0x000000008af00000, 0x000000008af00000, 0x000000008b000000|  0%| F|  |TAMS 0x000000008af00000, 0x000000008af00000| Untracked 
| 176|0x000000008b000000, 0x000000008b000000, 0x000000008b100000|  0%| F|  |TAMS 0x000000008b000000, 0x000000008b000000| Untracked 
| 177|0x000000008b100000, 0x000000008b100000, 0x000000008b200000|  0%| F|  |TAMS 0x000000008b100000, 0x000000008b100000| Untracked 
| 178|0x000000008b200000, 0x000000008b200000, 0x000000008b300000|  0%| F|  |TAMS 0x000000008b200000, 0x000000008b200000| Untracked 
| 179|0x000000008b300000, 0x000000008b300000, 0x000000008b400000|  0%| F|  |TAMS 0x000000008b300000, 0x000000008b300000| Untracked 
| 180|0x000000008b400000, 0x000000008b400000, 0x000000008b500000|  0%| F|  |TAMS 0x000000008b400000, 0x000000008b400000| Untracked 
| 181|0x000000008b500000, 0x000000008b500000, 0x000000008b600000|  0%| F|  |TAMS 0x000000008b500000, 0x000000008b500000| Untracked 
| 182|0x000000008b600000, 0x000000008b600000, 0x000000008b700000|  0%| F|  |TAMS 0x000000008b600000, 0x000000008b600000| Untracked 
| 183|0x000000008b700000, 0x000000008b700000, 0x000000008b800000|  0%| F|  |TAMS 0x000000008b700000, 0x000000008b700000| Untracked 
| 184|0x000000008b800000, 0x000000008b800000, 0x000000008b900000|  0%| F|  |TAMS 0x000000008b800000, 0x000000008b800000| Untracked 
| 185|0x000000008b900000, 0x000000008b900000, 0x000000008ba00000|  0%| F|  |TAMS 0x000000008b900000, 0x000000008b900000| Untracked 
| 186|0x000000008ba00000, 0x000000008ba00000, 0x000000008bb00000|  0%| F|  |TAMS 0x000000008ba00000, 0x000000008ba00000| Untracked 
| 187|0x000000008bb00000, 0x000000008bb00000, 0x000000008bc00000|  0%| F|  |TAMS 0x000000008bb00000, 0x000000008bb00000| Untracked 
| 188|0x000000008bc00000, 0x000000008bc00000, 0x000000008bd00000|  0%| F|  |TAMS 0x000000008bc00000, 0x000000008bc00000| Untracked 
| 189|0x000000008bd00000, 0x000000008bd00000, 0x000000008be00000|  0%| F|  |TAMS 0x000000008bd00000, 0x000000008bd00000| Untracked 
| 190|0x000000008be00000, 0x000000008be00000, 0x000000008bf00000|  0%| F|  |TAMS 0x000000008be00000, 0x000000008be00000| Untracked 
| 191|0x000000008bf00000, 0x000000008bf00000, 0x000000008c000000|  0%| F|  |TAMS 0x000000008bf00000, 0x000000008bf00000| Untracked 
| 192|0x000000008c000000, 0x000000008c000000, 0x000000008c100000|  0%| F|  |TAMS 0x000000008c000000, 0x000000008c000000| Untracked 
| 193|0x000000008c100000, 0x000000008c100000, 0x000000008c200000|  0%| F|  |TAMS 0x000000008c100000, 0x000000008c100000| Untracked 
| 194|0x000000008c200000, 0x000000008c200000, 0x000000008c300000|  0%| F|  |TAMS 0x000000008c200000, 0x000000008c200000| Untracked 
| 195|0x000000008c300000, 0x000000008c300000, 0x000000008c400000|  0%| F|  |TAMS 0x000000008c300000, 0x000000008c300000| Untracked 
| 196|0x000000008c400000, 0x000000008c400000, 0x000000008c500000|  0%| F|  |TAMS 0x000000008c400000, 0x000000008c400000| Untracked 
| 197|0x000000008c500000, 0x000000008c500000, 0x000000008c600000|  0%| F|  |TAMS 0x000000008c500000, 0x000000008c500000| Untracked 
| 198|0x000000008c600000, 0x000000008c600000, 0x000000008c700000|  0%| F|  |TAMS 0x000000008c600000, 0x000000008c600000| Untracked 
| 199|0x000000008c700000, 0x000000008c700000, 0x000000008c800000|  0%| F|  |TAMS 0x000000008c700000, 0x000000008c700000| Untracked 
| 200|0x000000008c800000, 0x000000008c800000, 0x000000008c900000|  0%| F|  |TAMS 0x000000008c800000, 0x000000008c800000| Untracked 
| 201|0x000000008c900000, 0x000000008c900000, 0x000000008ca00000|  0%| F|  |TAMS 0x000000008c900000, 0x000000008c900000| Untracked 
| 202|0x000000008ca00000, 0x000000008ca00000, 0x000000008cb00000|  0%| F|  |TAMS 0x000000008ca00000, 0x000000008ca00000| Untracked 
| 203|0x000000008cb00000, 0x000000008cb00000, 0x000000008cc00000|  0%| F|  |TAMS 0x000000008cb00000, 0x000000008cb00000| Untracked 
| 204|0x000000008cc00000, 0x000000008cc00000, 0x000000008cd00000|  0%| F|  |TAMS 0x000000008cc00000, 0x000000008cc00000| Untracked 
| 205|0x000000008cd00000, 0x000000008cd00000, 0x000000008ce00000|  0%| F|  |TAMS 0x000000008cd00000, 0x000000008cd00000| Untracked 

Card table byte_map: [0x00000269dd4a0000,0x00000269dd8a0000] _byte_map_base: 0x00000269dd0a0000

Marking Bits (Prev, Next): (CMBitMap*) 0x00000269c9bcf8a0, (CMBitMap*) 0x00000269c9bcf868
 Prev Bits: [0x00000269dfca0000, 0x00000269e1ca0000)
 Next Bits: [0x00000269ddca0000, 0x00000269dfca0000)

Polling page: 0x00000269c82f0000

Metaspace:

Usage:
  Non-class:     88.21 MB capacity,    86.55 MB ( 98%) used,     1.34 MB (  2%) free+waste,   318.94 KB ( <1%) overhead. 
      Class:     14.04 MB capacity,    13.08 MB ( 93%) used,   840.58 KB (  6%) free+waste,   145.31 KB (  1%) overhead. 
       Both:    102.25 MB capacity,    99.63 MB ( 97%) used,     2.16 MB (  2%) free+waste,   464.25 KB ( <1%) overhead. 

Virtual space:
  Non-class space:       90.00 MB reserved,      89.00 MB ( 99%) committed 
      Class space:        1.00 GB reserved,      14.57 MB (  1%) committed 
             Both:        1.09 GB reserved,     103.57 MB (  9%) committed 

Chunk freelists:
   Non-Class:  812.00 KB
       Class:  533.00 KB
        Both:  1.31 MB

MaxMetaspaceSize: 17179869184.00 GB
CompressedClassSpaceSize: 1.00 GB

CodeHeap 'non-profiled nmethods': size=120000Kb used=5290Kb max_used=5290Kb free=114710Kb
 bounds [0x00000269d5110000, 0x00000269d5640000, 0x00000269dc640000]
CodeHeap 'profiled nmethods': size=120000Kb used=25997Kb max_used=25997Kb free=94002Kb
 bounds [0x00000269cdbe0000, 0x00000269cf550000, 0x00000269d5110000]
CodeHeap 'non-nmethods': size=5760Kb used=2326Kb max_used=2360Kb free=3433Kb
 bounds [0x00000269cd640000, 0x00000269cd8b0000, 0x00000269cdbe0000]
 total_blobs=13159 nmethods=12217 adapters=852
 compilation: enabled
              stopped_count=0, restarted_count=0
 full_count=0

Compilation events (20 events):
Event: 90.414 Thread 0x00000269e506f000 nmethod 12974 0x00000269cf517f90 code [0x00000269cf519100, 0x00000269cf5256d8]
Event: 90.414 Thread 0x00000269e506f000 12993       3       com.android.tools.r8.internal.E7::a (704 bytes)
Event: 90.429 Thread 0x00000269e506f000 nmethod 12993 0x00000269cf52a190 code [0x00000269cf52ac20, 0x00000269cf5331e8]
Event: 90.429 Thread 0x00000269e506f000 12996       3       java.util.ArrayList::remove (76 bytes)
Event: 90.430 Thread 0x00000269e506f000 nmethod 12996 0x00000269cf535810 code [0x00000269cf535a00, 0x00000269cf535ed8]
Event: 90.430 Thread 0x00000269e506f000 12992 %     3       com.android.tools.r8.internal.s2::a @ 6 (36 bytes)
Event: 90.430 Thread 0x00000269e506f000 nmethod 12992% 0x00000269cf536110 code [0x00000269cf5362e0, 0x00000269cf536668]
Event: 90.430 Thread 0x00000269e506f000 12999       3       com.android.tools.r8.internal.pf::forEach (37 bytes)
Event: 90.431 Thread 0x00000269e506f000 nmethod 12999 0x00000269cf536810 code [0x00000269cf536a00, 0x00000269cf536e28]
Event: 90.431 Thread 0x00000269e506f000 12997 %     3       com.android.tools.r8.internal.gw::apply @ 2 (47 bytes)
Event: 90.432 Thread 0x00000269e506f000 nmethod 12997% 0x00000269cf536f90 code [0x00000269cf5371a0, 0x00000269cf537768]
Event: 90.432 Thread 0x00000269e506f000 13002 %     3       com.android.tools.r8.internal.l2::a @ 27 (219 bytes)
Event: 90.433 Thread 0x00000269e506f000 nmethod 13002% 0x00000269cf537910 code [0x00000269cf537bc0, 0x00000269cf5388f8]
Event: 90.434 Thread 0x00000269e506f000 12959 %     3       com.android.tools.r8.internal.Le::a @ 336 (704 bytes)
Event: 90.438 Thread 0x00000269e506f000 nmethod 12959% 0x00000269cf538d10 code [0x00000269cf5391c0, 0x00000269cf53b938]
Event: 90.438 Thread 0x00000269e506f000 13007       3       com.android.tools.r8.internal.UC::a (45 bytes)
Event: 90.440 Thread 0x00000269e506f000 nmethod 13007 0x00000269cf53c790 code [0x00000269cf53ca00, 0x00000269cf53d3f8]
Event: 90.440 Thread 0x00000269e506f000 12921       2       com.android.tools.r8.internal.E7::p (1053 bytes)
Event: 90.454 Thread 0x00000269e506f000 nmethod 12921 0x00000269cf53d810 code [0x00000269cf53df60, 0x00000269cf540f98]
Event: 90.454 Thread 0x00000269e506f000 13012       3       com.android.tools.r8.internal.Le::a (3140 bytes)

GC Heap History (20 events):
Event: 87.397 GC heap after
{Heap after GC invocations=38 (full 0):
 garbage-first heap   total 152576K, used 88892K [0x0000000080000000, 0x0000000100000000)
  region size 1024K, 4 young (4096K), 4 survivors (4096K)
 Metaspace       used 101386K, capacity 104135K, committed 105292K, reserved 1140736K
  class space    used 13400K, capacity 14426K, committed 14924K, reserved 1048576K
}
Event: 87.570 GC heap before
{Heap before GC invocations=38 (full 0):
 garbage-first heap   total 152576K, used 120636K [0x0000000080000000, 0x0000000100000000)
  region size 1024K, 36 young (36864K), 4 survivors (4096K)
 Metaspace       used 101462K, capacity 104235K, committed 105548K, reserved 1140736K
  class space    used 13424K, capacity 14459K, committed 14924K, reserved 1048576K
}
Event: 87.592 GC heap after
{Heap after GC invocations=39 (full 0):
 garbage-first heap   total 152576K, used 91384K [0x0000000080000000, 0x0000000100000000)
  region size 1024K, 5 young (5120K), 5 survivors (5120K)
 Metaspace       used 101462K, capacity 104235K, committed 105548K, reserved 1140736K
  class space    used 13424K, capacity 14459K, committed 14924K, reserved 1048576K
}
Event: 87.826 GC heap before
{Heap before GC invocations=39 (full 0):
 garbage-first heap   total 152576K, used 122104K [0x0000000080000000, 0x0000000100000000)
  region size 1024K, 36 young (36864K), 5 survivors (5120K)
 Metaspace       used 101572K, capacity 104380K, committed 105548K, reserved 1140736K
  class space    used 13436K, capacity 14462K, committed 14924K, reserved 1048576K
}
Event: 87.835 GC heap after
{Heap after GC invocations=40 (full 0):
 garbage-first heap   total 152576K, used 93808K [0x0000000080000000, 0x0000000100000000)
  region size 1024K, 5 young (5120K), 5 survivors (5120K)
 Metaspace       used 101572K, capacity 104380K, committed 105548K, reserved 1140736K
  class space    used 13436K, capacity 14462K, committed 14924K, reserved 1048576K
}
Event: 88.096 GC heap before
{Heap before GC invocations=41 (full 0):
 garbage-first heap   total 152576K, used 124528K [0x0000000080000000, 0x0000000100000000)
  region size 1024K, 35 young (35840K), 5 survivors (5120K)
 Metaspace       used 101720K, capacity 104516K, committed 105804K, reserved 1140736K
  class space    used 13440K, capacity 14463K, committed 14924K, reserved 1048576K
}
Event: 88.103 GC heap after
{Heap after GC invocations=42 (full 0):
 garbage-first heap   total 152576K, used 94564K [0x0000000080000000, 0x0000000100000000)
  region size 1024K, 3 young (3072K), 3 survivors (3072K)
 Metaspace       used 101720K, capacity 104516K, committed 105804K, reserved 1140736K
  class space    used 13440K, capacity 14463K, committed 14924K, reserved 1048576K
}
Event: 88.238 GC heap before
{Heap before GC invocations=42 (full 0):
 garbage-first heap   total 152576K, used 125284K [0x0000000080000000, 0x0000000100000000)
  region size 1024K, 33 young (33792K), 3 survivors (3072K)
 Metaspace       used 101827K, capacity 104644K, committed 105804K, reserved 1140736K
  class space    used 13440K, capacity 14463K, committed 14924K, reserved 1048576K
}
Event: 88.270 GC heap after
{Heap after GC invocations=43 (full 0):
 garbage-first heap   total 152576K, used 95919K [0x0000000080000000, 0x0000000100000000)
  region size 1024K, 3 young (3072K), 3 survivors (3072K)
 Metaspace       used 101827K, capacity 104644K, committed 105804K, reserved 1140736K
  class space    used 13440K, capacity 14463K, committed 14924K, reserved 1048576K
}
Event: 88.452 GC heap before
{Heap before GC invocations=43 (full 0):
 garbage-first heap   total 152576K, used 126639K [0x0000000080000000, 0x0000000100000000)
  region size 1024K, 33 young (33792K), 3 survivors (3072K)
 Metaspace       used 101876K, capacity 104652K, committed 105804K, reserved 1140736K
  class space    used 13441K, capacity 14464K, committed 14924K, reserved 1048576K
}
Event: 88.461 GC heap after
{Heap after GC invocations=44 (full 0):
 garbage-first heap   total 152576K, used 97233K [0x0000000080000000, 0x0000000100000000)
  region size 1024K, 4 young (4096K), 4 survivors (4096K)
 Metaspace       used 101876K, capacity 104652K, committed 105804K, reserved 1140736K
  class space    used 13441K, capacity 14464K, committed 14924K, reserved 1048576K
}
Event: 88.665 GC heap before
{Heap before GC invocations=44 (full 0):
 garbage-first heap   total 152576K, used 126929K [0x0000000080000000, 0x0000000100000000)
  region size 1024K, 34 young (34816K), 4 survivors (4096K)
 Metaspace       used 101621K, capacity 104240K, committed 106060K, reserved 1140736K
  class space    used 13333K, capacity 14285K, committed 14924K, reserved 1048576K
}
Event: 88.687 GC heap after
{Heap after GC invocations=45 (full 0):
 garbage-first heap   total 210944K, used 99297K [0x0000000080000000, 0x0000000100000000)
  region size 1024K, 5 young (5120K), 5 survivors (5120K)
 Metaspace       used 101621K, capacity 104240K, committed 106060K, reserved 1140736K
  class space    used 13333K, capacity 14285K, committed 14924K, reserved 1048576K
}
Event: 89.414 GC heap before
{Heap before GC invocations=46 (full 0):
 garbage-first heap   total 210944K, used 152545K [0x0000000080000000, 0x0000000100000000)
  region size 1024K, 58 young (59392K), 5 survivors (5120K)
 Metaspace       used 101651K, capacity 104255K, committed 106060K, reserved 1140736K
  class space    used 13336K, capacity 14291K, committed 14924K, reserved 1048576K
}
Event: 89.450 GC heap after
{Heap after GC invocations=47 (full 0):
 garbage-first heap   total 210944K, used 103313K [0x0000000080000000, 0x0000000100000000)
  region size 1024K, 8 young (8192K), 8 survivors (8192K)
 Metaspace       used 101651K, capacity 104255K, committed 106060K, reserved 1140736K
  class space    used 13336K, capacity 14291K, committed 14924K, reserved 1048576K
}
Event: 89.759 GC heap before
{Heap before GC invocations=47 (full 0):
 garbage-first heap   total 210944K, used 157585K [0x0000000080000000, 0x0000000100000000)
  region size 1024K, 62 young (63488K), 8 survivors (8192K)
 Metaspace       used 101655K, capacity 104262K, committed 106060K, reserved 1140736K
  class space    used 13337K, capacity 14293K, committed 14924K, reserved 1048576K
}
Event: 89.822 GC heap after
{Heap after GC invocations=48 (full 0):
 garbage-first heap   total 210944K, used 110206K [0x0000000080000000, 0x0000000100000000)
  region size 1024K, 8 young (8192K), 8 survivors (8192K)
 Metaspace       used 101655K, capacity 104262K, committed 106060K, reserved 1140736K
  class space    used 13337K, capacity 14293K, committed 14924K, reserved 1048576K
}
Event: 90.273 GC heap before
{Heap before GC invocations=49 (full 0):
 garbage-first heap   total 210944K, used 162430K [0x0000000080000000, 0x0000000100000000)
  region size 1024K, 59 young (60416K), 8 survivors (8192K)
 Metaspace       used 101786K, capacity 104392K, committed 106060K, reserved 1140736K
  class space    used 13337K, capacity 14293K, committed 14924K, reserved 1048576K
}
Event: 90.291 GC heap after
{Heap after GC invocations=50 (full 0):
 garbage-first heap   total 210944K, used 114471K [0x0000000080000000, 0x0000000100000000)
  region size 1024K, 7 young (7168K), 7 survivors (7168K)
 Metaspace       used 101786K, capacity 104392K, committed 106060K, reserved 1140736K
  class space    used 13337K, capacity 14293K, committed 14924K, reserved 1048576K
}
Event: 90.465 GC heap before
{Heap before GC invocations=50 (full 0):
 garbage-first heap   total 210944K, used 165671K [0x0000000080000000, 0x0000000100000000)
  region size 1024K, 57 young (58368K), 7 survivors (7168K)
 Metaspace       used 102024K, capacity 104703K, committed 106060K, reserved 1140736K
  class space    used 13393K, capacity 14379K, committed 14924K, reserved 1048576K
}

Deoptimization events (20 events):
Event: 90.426 Thread 0x00000269eab60000 DEOPT PACKING pc=0x00000269cf243035 sp=0x0000007e8b6f9890
Event: 90.426 Thread 0x00000269eab60000 DEOPT UNPACKING pc=0x00000269cd6676ce sp=0x0000007e8b6f8d28 mode 0
Event: 90.436 Thread 0x00000269ea97f800 DEOPT PACKING pc=0x00000269cf2addfe sp=0x0000007e8b0f9b90
Event: 90.436 Thread 0x00000269ea97f800 DEOPT UNPACKING pc=0x00000269cd6676ce sp=0x0000007e8b0f90e0 mode 0
Event: 90.441 Thread 0x00000269ea980800 Uncommon trap: trap_request=0xffffffc6 fr.pc=0x00000269d55fcb18 relative=0x0000000000000e18
Event: 90.441 Thread 0x00000269ea982000 DEOPT PACKING pc=0x00000269cf3c607e sp=0x0000007e8b2f9800
Event: 90.441 Thread 0x00000269ea980800 Uncommon trap: reason=bimorphic_or_optimized_type_check action=maybe_recompile pc=0x00000269d55fcb18 method=com.android.tools.r8.internal.AA.a(Ljava/lang/Object;[Lcom/android/tools/r8/internal/yf;I)Ljava/lang/Object; @ 13 c2
Event: 90.441 Thread 0x00000269ea980800 DEOPT PACKING pc=0x00000269d55fcb18 sp=0x0000007e8a2fab80
Event: 90.441 Thread 0x00000269ea982000 DEOPT UNPACKING pc=0x00000269cd6676ce sp=0x0000007e8b2f90b0 mode 0
Event: 90.441 Thread 0x00000269ea980800 DEOPT UNPACKING pc=0x00000269cd6678af sp=0x0000007e8a2fab50 mode 2
Event: 90.441 Thread 0x00000269ea980800 Uncommon trap: trap_request=0xffffffc6 fr.pc=0x00000269d55fcb18 relative=0x0000000000000e18
Event: 90.441 Thread 0x00000269ea980800 Uncommon trap: reason=bimorphic_or_optimized_type_check action=maybe_recompile pc=0x00000269d55fcb18 method=com.android.tools.r8.internal.AA.a(Ljava/lang/Object;[Lcom/android/tools/r8/internal/yf;I)Ljava/lang/Object; @ 13 c2
Event: 90.441 Thread 0x00000269ea980800 DEOPT PACKING pc=0x00000269d55fcb18 sp=0x0000007e8a2fab80
Event: 90.441 Thread 0x00000269ea980800 DEOPT UNPACKING pc=0x00000269cd6678af sp=0x0000007e8a2fab50 mode 2
Event: 90.441 Thread 0x00000269ea980800 Uncommon trap: trap_request=0xffffffc6 fr.pc=0x00000269d55fcb18 relative=0x0000000000000e18
Event: 90.441 Thread 0x00000269ea980800 Uncommon trap: reason=bimorphic_or_optimized_type_check action=maybe_recompile pc=0x00000269d55fcb18 method=com.android.tools.r8.internal.AA.a(Ljava/lang/Object;[Lcom/android/tools/r8/internal/yf;I)Ljava/lang/Object; @ 13 c2
Event: 90.442 Thread 0x00000269ea980800 DEOPT PACKING pc=0x00000269d55fcb18 sp=0x0000007e8a2fab80
Event: 90.442 Thread 0x00000269ea980800 DEOPT UNPACKING pc=0x00000269cd6678af sp=0x0000007e8a2fab50 mode 2
Event: 90.464 Thread 0x00000269ea981800 DEOPT PACKING pc=0x00000269cf235a46 sp=0x0000007e8b1f9750
Event: 90.464 Thread 0x00000269ea981800 DEOPT UNPACKING pc=0x00000269cd6676ce sp=0x0000007e8b1f8c98 mode 0

Classes redefined (0 events):
No events

Internal exceptions (20 events):
Event: 86.699 Thread 0x00000269ea982000 Exception <a 'java/lang/NoSuchMethodError'{0x0000000086d04ec0}: 'void java.lang.invoke.DirectMethodHandle$Holder.invokeSpecial(java.lang.Object, java.lang.Object, int, java.lang.Object, java.lang.Object, java.lang.Object, java.lang.Object)'> (0x0000000086d04ec0) thrown at [./src/hotspot/share/interpreter/linkResolver.cpp, line 773]
Event: 86.701 Thread 0x00000269ea982000 Exception <a 'java/lang/NoSuchMethodError'{0x0000000086cb53f8}: 'java.lang.Object java.lang.invoke.Invokers$Holder.linkToTargetMethod(java.lang.Object, int, java.lang.Object, java.lang.Object, java.lang.Object, java.lang.Object)'> (0x0000000086cb53f8) thrown at [./src/hotspot/share/interpreter/linkResolver.cpp, line 773]
Event: 86.702 Thread 0x00000269ea982000 Exception <a 'java/lang/NoSuchMethodError'{0x0000000086cc5c38}: 'void java.lang.invoke.DirectMethodHandle$Holder.invokeSpecial(java.lang.Object, java.lang.Object, java.lang.Object, java.lang.Object, java.lang.Object, java.lang.Object, java.lang.Object, java.lang.Object, java.lang.Object)'> (0x0000000086cc5c38) thrown at [./src/hotspot/share/interpreter/linkResolver.cpp, line 773]
Event: 86.706 Thread 0x00000269ea982000 Exception <a 'java/lang/NoSuchMethodError'{0x0000000086b569c8}: 'void java.lang.invoke.DirectMethodHandle$Holder.invokeStatic(java.lang.Object, java.lang.Object, java.lang.Object, java.lang.Object, java.lang.Object, java.lang.Object, java.lang.Object, java.lang.Object)'> (0x0000000086b569c8) thrown at [./src/hotspot/share/interpreter/linkResolver.cpp, line 773]
Event: 86.711 Thread 0x00000269ea980800 Exception <a 'java/lang/NoSuchMethodError'{0x0000000086a16d78}: 'java.lang.Object java.lang.invoke.DirectMethodHandle$Holder.invokeSpecial(java.lang.Object, java.lang.Object, java.lang.Object, java.lang.Object, java.lang.Object, java.lang.Object, java.lang.Object, java.lang.Object, java.lang.Object, java.lang.Object, java.lang.Object)'> (0x0000000086a16d78) thrown at [./src/hotspot/share/interpreter/linkResolver.cpp, line 773]
Event: 86.712 Thread 0x00000269ea980800 Exception <a 'java/lang/NoSuchMethodError'{0x0000000086a3b410}: 'java.lang.Object java.lang.invoke.Invokers$Holder.linkToTargetMethod(java.lang.Object, java.lang.Object, java.lang.Object, java.lang.Object, java.lang.Object, java.lang.Object, java.lang.Object, java.lang.Object, java.lang.Object, java.lang.Object)'> (0x0000000086a3b410) thrown at [./src/hotspot/share/interpreter/linkResolver.cpp, line 773]
Event: 86.729 Thread 0x00000269ea980800 Exception <a 'java/lang/IncompatibleClassChangeError'{0x0000000086841018}: Found class java.lang.Object, but interface was expected> (0x0000000086841018) thrown at [./src/hotspot/share/interpreter/linkResolver.cpp, line 839]
Event: 86.830 Thread 0x00000269eab60000 Exception <a 'java/lang/IncompatibleClassChangeError'{0x0000000087396330}: Found class java.lang.Object, but interface was expected> (0x0000000087396330) thrown at [./src/hotspot/share/interpreter/linkResolver.cpp, line 839]
Event: 86.830 Thread 0x00000269ea981800 Exception <a 'java/lang/IncompatibleClassChangeError'{0x000000008737bef0}: Found class java.lang.Object, but interface was expected> (0x000000008737bef0) thrown at [./src/hotspot/share/interpreter/linkResolver.cpp, line 839]
Event: 86.906 Thread 0x00000269ea982000 Exception <a 'java/lang/NoSuchMethodError'{0x0000000086cadef8}: 'void java.lang.invoke.DirectMethodHandle$Holder.invokeVirtual(java.lang.Object, java.lang.Object, int)'> (0x0000000086cadef8) thrown at [./src/hotspot/share/interpreter/linkResolver.cpp, line 773]
Event: 86.906 Thread 0x00000269eab60000 Exception <a 'java/lang/NoSuchMethodError'{0x0000000086c55798}: 'void java.lang.invoke.DirectMethodHandle$Holder.invokeVirtual(java.lang.Object, java.lang.Object, int)'> (0x0000000086c55798) thrown at [./src/hotspot/share/interpreter/linkResolver.cpp, line 773]
Event: 86.907 Thread 0x00000269ea981800 Exception <a 'java/lang/NoSuchMethodError'{0x0000000086b14ea0}: 'void java.lang.invoke.DirectMethodHandle$Holder.invokeVirtual(java.lang.Object, java.lang.Object, int)'> (0x0000000086b14ea0) thrown at [./src/hotspot/share/interpreter/linkResolver.cpp, line 773]
Event: 86.942 Thread 0x00000269ea981800 Exception <a 'sun/nio/fs/WindowsException'{0x00000000869f5a08}> (0x00000000869f5a08) thrown at [./src/hotspot/share/prims/jni.cpp, line 615]
Event: 86.942 Thread 0x00000269eab60000 Exception <a 'sun/nio/fs/WindowsException'{0x000000008698d2f0}> (0x000000008698d2f0) thrown at [./src/hotspot/share/prims/jni.cpp, line 615]
Event: 86.942 Thread 0x00000269ea982000 Exception <a 'sun/nio/fs/WindowsException'{0x00000000869ab730}> (0x00000000869ab730) thrown at [./src/hotspot/share/prims/jni.cpp, line 615]
Event: 87.158 Thread 0x00000269ea982000 Exception <a 'sun/nio/fs/WindowsException'{0x00000000889e5e50}> (0x00000000889e5e50) thrown at [./src/hotspot/share/prims/jni.cpp, line 615]
Event: 88.053 Thread 0x00000269eab60000 Exception <a 'sun/nio/fs/WindowsException'{0x00000000882b39b8}> (0x00000000882b39b8) thrown at [./src/hotspot/share/prims/jni.cpp, line 615]
Event: 88.707 Thread 0x00000269ea97d000 Exception <a 'sun/nio/fs/WindowsException'{0x000000008cd73028}> (0x000000008cd73028) thrown at [./src/hotspot/share/prims/jni.cpp, line 615]
Event: 89.681 Thread 0x00000269ea981800 Exception <a 'sun/nio/fs/WindowsException'{0x000000008a8c0568}> (0x000000008a8c0568) thrown at [./src/hotspot/share/prims/jni.cpp, line 615]
Event: 89.700 Thread 0x00000269ea97d000 Exception <a 'sun/nio/fs/WindowsException'{0x000000008a30a5d0}> (0x000000008a30a5d0) thrown at [./src/hotspot/share/prims/jni.cpp, line 615]

Events (20 events):
Event: 90.450 loading class com/android/tools/r8/shaking/A0 done
Event: 90.451 loading class com/android/tools/r8/graph/j0$e
Event: 90.451 loading class com/android/tools/r8/graph/j0$e done
Event: 90.452 loading class com/android/tools/r8/graph/P
Event: 90.452 loading class com/android/tools/r8/graph/P done
Event: 90.452 loading class com/android/tools/r8/internal/fr
Event: 90.452 loading class com/android/tools/r8/internal/fr done
Event: 90.453 loading class com/android/tools/r8/graph/j0$e
Event: 90.453 loading class com/android/tools/r8/graph/j0$e done
Event: 90.453 loading class com/android/tools/r8/graph/o0
Event: 90.453 loading class com/android/tools/r8/graph/o0 done
Event: 90.463 loading class com/android/tools/r8/graph/v0$i
Event: 90.463 loading class com/android/tools/r8/graph/v0$i done
Event: 90.463 loading class com/android/tools/r8/graph/v0$i
Event: 90.464 loading class com/android/tools/r8/graph/v0$i done
Event: 90.464 loading class com/android/tools/r8/graph/v0$g
Event: 90.464 loading class com/android/tools/r8/graph/v0$g done
Event: 90.464 loading class com/android/tools/r8/graph/v0$g
Event: 90.464 loading class com/android/tools/r8/graph/v0$g done
Event: 90.465 Executing VM operation: G1CollectForAllocation


Dynamic libraries:
0x00007ff657c40000 - 0x00007ff657c4a000 	C:\Program Files\Android\Android Studio\jre\bin\java.exe
0x00007ff9c78f0000 - 0x00007ff9c7ae5000 	C:\WINDOWS\SYSTEM32\ntdll.dll
0x00007ff9a9190000 - 0x00007ff9a91a5000 	C:\Program Files\Avast Software\Avast\aswhook.dll
0x00007ff9c77d0000 - 0x00007ff9c788d000 	C:\WINDOWS\System32\KERNEL32.DLL
0x00007ff9c5020000 - 0x00007ff9c52e9000 	C:\WINDOWS\System32\KERNELBASE.dll
0x00007ff9c54b0000 - 0x00007ff9c55b0000 	C:\WINDOWS\System32\ucrtbase.dll
0x00007ff9bf2e0000 - 0x00007ff9bf2f7000 	C:\Program Files\Android\Android Studio\jre\bin\VCRUNTIME140.dll
0x00007ff9bf1c0000 - 0x00007ff9bf1d9000 	C:\Program Files\Android\Android Studio\jre\bin\jli.dll
0x00007ff9c6590000 - 0x00007ff9c6730000 	C:\WINDOWS\System32\USER32.dll
0x00007ff9c5320000 - 0x00007ff9c5342000 	C:\WINDOWS\System32\win32u.dll
0x00007ff9c6a20000 - 0x00007ff9c6a4a000 	C:\WINDOWS\System32\GDI32.dll
0x00007ff9c5350000 - 0x00007ff9c545b000 	C:\WINDOWS\System32\gdi32full.dll
0x00007ff9b3770000 - 0x00007ff9b3a0a000 	C:\WINDOWS\WinSxS\amd64_microsoft.windows.common-controls_6595b64144ccf1df_6.0.19041.1110_none_60b5254171f9507e\COMCTL32.dll
0x00007ff9c55b0000 - 0x00007ff9c564d000 	C:\WINDOWS\System32\msvcp_win.dll
0x00007ff9c6f40000 - 0x00007ff9c6fde000 	C:\WINDOWS\System32\msvcrt.dll
0x00007ff9c75a0000 - 0x00007ff9c75d0000 	C:\WINDOWS\System32\IMM32.DLL
0x00007ff9c4cc0000 - 0x00007ff9c4db7000 	C:\Windows\system32\guard64.dll
0x00007ff9c5950000 - 0x00007ff9c59fc000 	C:\WINDOWS\System32\ADVAPI32.dll
0x00007ff9c75d0000 - 0x00007ff9c766b000 	C:\WINDOWS\System32\sechost.dll
0x00007ff9c6730000 - 0x00007ff9c685a000 	C:\WINDOWS\System32\RPCRT4.dll
0x00007ff9c4cb0000 - 0x00007ff9c4cba000 	C:\WINDOWS\system32\version.dll
0x00007ff9c72b0000 - 0x00007ff9c73da000 	C:\WINDOWS\System32\ole32.dll
0x00007ff9c5a00000 - 0x00007ff9c5d55000 	C:\WINDOWS\System32\combase.dll
0x00007ff9c4ca0000 - 0x00007ff9c4cab000 	C:\WINDOWS\system32\fltlib.dll
0x00007ff9c5e50000 - 0x00007ff9c658f000 	C:\WINDOWS\System32\shell32.dll
0x00007ff9a5c50000 - 0x00007ff9a5ced000 	C:\Program Files\Android\Android Studio\jre\bin\msvcp140.dll
0x00007ff949580000 - 0x00007ff94a04f000 	C:\Program Files\Android\Android Studio\jre\bin\server\jvm.dll
0x00007ff9c6a10000 - 0x00007ff9c6a18000 	C:\WINDOWS\System32\PSAPI.DLL
0x00007ff9b1d90000 - 0x00007ff9b1d99000 	C:\WINDOWS\SYSTEM32\WSOCK32.dll
0x00007ff9c76d0000 - 0x00007ff9c773b000 	C:\WINDOWS\System32\WS2_32.dll
0x00007ff9b3520000 - 0x00007ff9b3547000 	C:\WINDOWS\SYSTEM32\WINMM.dll
0x00007ff9c37c0000 - 0x00007ff9c37d2000 	C:\WINDOWS\SYSTEM32\kernel.appcore.dll
0x00007ff9bf3e0000 - 0x00007ff9bf3f1000 	C:\Program Files\Android\Android Studio\jre\bin\verify.dll
0x00007ff9c34a0000 - 0x00007ff9c3684000 	C:\WINDOWS\SYSTEM32\DBGHELP.DLL
0x00007ff9baff0000 - 0x00007ff9bb01c000 	C:\WINDOWS\SYSTEM32\dbgcore.DLL
0x00007ff9c5810000 - 0x00007ff9c5893000 	C:\WINDOWS\System32\bcryptPrimitives.dll
0x00007ff9beb10000 - 0x00007ff9beb39000 	C:\Program Files\Android\Android Studio\jre\bin\java.dll
0x00007ff9bef80000 - 0x00007ff9bef8b000 	C:\Program Files\Android\Android Studio\jre\bin\jimage.dll
0x00007ff9beaf0000 - 0x00007ff9beb08000 	C:\Program Files\Android\Android Studio\jre\bin\zip.dll
0x00007ff9c2c40000 - 0x00007ff9c33d0000 	C:\WINDOWS\SYSTEM32\windows.storage.dll
0x00007ff9c4960000 - 0x00007ff9c498c000 	C:\WINDOWS\SYSTEM32\Wldp.dll
0x00007ff9c7440000 - 0x00007ff9c74ee000 	C:\WINDOWS\System32\SHCORE.dll
0x00007ff9c5d60000 - 0x00007ff9c5db5000 	C:\WINDOWS\System32\shlwapi.dll
0x00007ff9c4f60000 - 0x00007ff9c4f7f000 	C:\WINDOWS\SYSTEM32\profapi.dll
0x00007ff9bea10000 - 0x00007ff9bea2a000 	C:\Program Files\Android\Android Studio\jre\bin\net.dll
0x00007ff9bd960000 - 0x00007ff9bda68000 	C:\WINDOWS\SYSTEM32\WINHTTP.dll
0x00007ff9c46c0000 - 0x00007ff9c472a000 	C:\WINDOWS\system32\mswsock.dll
0x00007ff9bd8d0000 - 0x00007ff9bd8e4000 	C:\Program Files\Android\Android Studio\jre\bin\nio.dll
0x00007ff9a8d90000 - 0x00007ff9a8db7000 	C:\Users\Mich01\.gradle\native\8bec1ad78214c89d9ad589b4d07fe93259594b29d510b10fafb7a158f7737e5d\windows-amd64\native-platform.dll
0x00007ff9a5fc0000 - 0x00007ff9a60fd000 	C:\Users\Mich01\.gradle\native\53dbd7edfb1c66fb8903c78663c9afc45aea4f116125fa6feffd364cf09443e8\windows-amd64\native-platform-file-events.dll
0x00007ff9bd8a0000 - 0x00007ff9bd8aa000 	C:\Program Files\Android\Android Studio\jre\bin\management.dll
0x00007ff9bc590000 - 0x00007ff9bc59c000 	C:\Program Files\Android\Android Studio\jre\bin\management_ext.dll
0x00007ff9c48b0000 - 0x00007ff9c48c8000 	C:\WINDOWS\SYSTEM32\CRYPTSP.dll
0x00007ff9c3fd0000 - 0x00007ff9c4004000 	C:\WINDOWS\system32\rsaenh.dll
0x00007ff9c52f0000 - 0x00007ff9c5317000 	C:\WINDOWS\System32\bcrypt.dll
0x00007ff9c4ee0000 - 0x00007ff9c4f0e000 	C:\WINDOWS\SYSTEM32\USERENV.dll
0x00007ff9c48d0000 - 0x00007ff9c48dc000 	C:\WINDOWS\SYSTEM32\CRYPTBASE.dll
0x00007ff9c4360000 - 0x00007ff9c439b000 	C:\WINDOWS\SYSTEM32\IPHLPAPI.DLL
0x00007ff9c5e40000 - 0x00007ff9c5e48000 	C:\WINDOWS\System32\NSI.dll
0x00007ff9bb060000 - 0x00007ff9bb077000 	C:\WINDOWS\SYSTEM32\dhcpcsvc6.DLL
0x00007ff9bb040000 - 0x00007ff9bb05d000 	C:\WINDOWS\SYSTEM32\dhcpcsvc.DLL
0x00007ff9c43b0000 - 0x00007ff9c447c000 	C:\WINDOWS\SYSTEM32\DNSAPI.dll
0x00007ff9a8d50000 - 0x00007ff9a8d77000 	C:\Program Files\Android\Android Studio\jre\bin\sunec.dll
0x00007ff9b6600000 - 0x00007ff9b660a000 	C:\Windows\System32\rasadhlp.dll
0x00007ff9b6500000 - 0x00007ff9b657f000 	C:\WINDOWS\System32\fwpuclnt.dll

dbghelp: loaded successfully - version: 4.0.5 - missing functions: none
symbol engine: initialized successfully - sym options: 0x614 - pdb path: .;C:\Program Files\Android\Android Studio\jre\bin;C:\WINDOWS\SYSTEM32;C:\Program Files\Avast Software\Avast;C:\WINDOWS\WinSxS\amd64_microsoft.windows.common-controls_6595b64144ccf1df_6.0.19041.1110_none_60b5254171f9507e;C:\Program Files\Android\Android Studio\jre\bin\server;C:\Users\Mich01\.gradle\native\8bec1ad78214c89d9ad589b4d07fe93259594b29d510b10fafb7a158f7737e5d\windows-amd64;C:\Users\Mich01\.gradle\native\53dbd7edfb1c66fb8903c78663c9afc45aea4f116125fa6feffd364cf09443e8\windows-amd64

VM Arguments:
jvm_args: --add-opens=java.base/java.util=ALL-UNNAMED --add-opens=java.base/java.lang=ALL-UNNAMED --add-opens=java.base/java.lang.invoke=ALL-UNNAMED --add-opens=java.base/java.util=ALL-UNNAMED --add-opens=java.prefs/java.util.prefs=ALL-UNNAMED --add-opens=java.prefs/java.util.prefs=ALL-UNNAMED --add-opens=java.base/java.nio.charset=ALL-UNNAMED --add-opens=java.base/java.net=ALL-UNNAMED --add-opens=java.base/java.util.concurrent.atomic=ALL-UNNAMED -Xmx2048m -Dfile.encoding=UTF-8 -Duser.country=US -Duser.language=en -Duser.variant 
java_command: org.gradle.launcher.daemon.bootstrap.GradleDaemon 7.0.2
java_class_path (initial): C:\Users\Mich01\.gradle\wrapper\dists\gradle-7.0.2-bin\857tjihv64xamwrf0h14cai3r\gradle-7.0.2\lib\gradle-launcher-7.0.2.jar
Launcher Type: SUN_STANDARD

[Global flags]
     intx CICompilerCount                          = 4                                         {product} {ergonomic}
     uint ConcGCThreads                            = 2                                         {product} {ergonomic}
     uint G1ConcRefinementThreads                  = 8                                         {product} {ergonomic}
   size_t G1HeapRegionSize                         = 1048576                                   {product} {ergonomic}
    uintx GCDrainStackTargetSize                   = 64                                        {product} {ergonomic}
   size_t InitialHeapSize                          = 130023424                                 {product} {ergonomic}
   size_t MarkStackSize                            = 4194304                                   {product} {ergonomic}
   size_t MaxHeapSize                              = 2147483648                                {product} {command line}
   size_t MaxNewSize                               = 1287651328                                {product} {ergonomic}
   size_t MinHeapDeltaBytes                        = 1048576                                   {product} {ergonomic}
    uintx NonNMethodCodeHeapSize                   = 5836300                                {pd product} {ergonomic}
    uintx NonProfiledCodeHeapSize                  = 122910970                              {pd product} {ergonomic}
    uintx ProfiledCodeHeapSize                     = 122910970                              {pd product} {ergonomic}
    uintx ReservedCodeCacheSize                    = 251658240                              {pd product} {ergonomic}
     bool SegmentedCodeCache                       = true                                      {product} {ergonomic}
     bool UseCompressedClassPointers               = true                                 {lp64_product} {ergonomic}
     bool UseCompressedOops                        = true                                 {lp64_product} {ergonomic}
     bool UseG1GC                                  = true                                      {product} {ergonomic}
     bool UseLargePagesIndividualAllocation        = false                                  {pd product} {ergonomic}

Logging:
Log output configuration:
 #0: stdout all=warning uptime,level,tags
 #1: stderr all=off uptime,level,tags

Environment Variables:
PATH=C:\Users\Mich01\AppData\Local\Programs\Python\Python39\Scripts\;C:\Users\Mich01\AppData\Local\Programs\Python\Python39\;C:\Program Files (x86)\Common Files\Oracle\Java\javapath;C:\WINDOWS\system32;C:\WINDOWS;C:\WINDOWS\System32\Wbem;C:\WINDOWS\System32\WindowsPowerShell\v1.0\;C:\WINDOWS\System32\OpenSSH\;C:\Program Files\Intel\WiFi\bin\;C:\Program Files\Common Files\Intel\WirelessCommon\;C:\Program Files (x86)\Bitvise SSH Client;C:\ProgramData\chocolatey\bin;C:\Program Files (x86)\Common Files\Oracle\Java\javapath;C:\WINDOWS\system32;C:\WINDOWS;C:\WINDOWS\System32\Wbem;C:\WINDOWS\System32\WindowsPowerShell\v1.0\;C:\WINDOWS\System32\OpenSSH\;C:\Program Files\Intel\WiFi\bin\;C:\Program Files\Common Files\Intel\WirelessCommon\;C:\Program Files (x86)\Bitvise SSH Client;C:\Users\Mich01\AppData\Local\Microsoft\WindowsApps;C:\Program Files (x86)\Nmap;C:\Program Files\JetBrains\PyCharm Community Edition 2019.3.4\bin;;C:\Program Files\JetBrains\WebStorm 2020.3.2\bin;;C:\Users\Mich01\AppData\Roaming\Python\Python39\Scripts
USERNAME=Mich01
OS=Windows_NT
PROCESSOR_IDENTIFIER=Intel64 Family 6 Model 142 Stepping 10, GenuineIntel



---------------  S Y S T E M  ---------------

OS: Windows 10 , 64 bit Build 19041 (10.0.19041.1151)
OS uptime: 0 days 2:26 hours

CPU:total 8 (initial active 8) (4 cores per cpu, 2 threads per core) family 6 model 142 stepping 10 microcode 0xe0, cmov, cx8, fxsr, mmx, sse, sse2, sse3, ssse3, sse4.1, sse4.2, popcnt, avx, avx2, aes, clmul, erms, 3dnowpref, lzcnt, ht, tsc, tscinvbit, bmi1, bmi2, adx, fma

Memory: 4k page, system-wide physical 7814M (247M free)
TotalPageFile size 13771M (AvailPageFile size 6M)
current process WorkingSet (physical memory assigned to process): 455M, peak: 455M
current process commit charge ("private bytes"): 549M, peak: 755M

vm_info: OpenJDK 64-Bit Server VM (11.0.10+0-b96-7249189) for windows-amd64 JRE (11.0.10+0-b96-7249189), built on Mar 31 2021 21:44:00 by "builder" with MS VC++ 14.0 (VS2015)

END.
