#
# There is insufficient memory for the Java Runtime Environment to continue.
# Native memory allocation (malloc) failed to allocate 890416 bytes for Chunk::new
# Possible reasons:
#   The system is out of physical RAM or swap space
#   The process is running with CompressedOops enabled, and the Java Heap may be blocking the growth of the native heap
# Possible solutions:
#   Reduce memory load on the system
#   Increase physical memory or swap space
#   Check if swap backing store is full
#   Decrease Java heap size (-Xmx/-Xms)
#   Decrease number of Java threads
#   Decrease Java thread stack sizes (-Xss)
#   Set larger code cache with -XX:ReservedCodeCacheSize=
#   JVM is running with Unscaled Compressed Oops mode in which the Java heap is
#     placed in the first 4GB address space. The Java Heap base address is the
#     maximum limit for the native heap growth. Please use -XX:HeapBaseMinAddress
#     to set the Java Heap base and to place the Java Heap above 4GB virtual address.
# This output file may be truncated or incomplete.
#
#  Out of Memory Error (./src/hotspot/share/memory/arena.cpp:197), pid=9624, tid=8260
#
# JRE version: OpenJDK Runtime Environment (11.0.10) (build 11.0.10+0-b96-7249189)
# Java VM: OpenJDK 64-Bit Server VM (11.0.10+0-b96-7249189, mixed mode, tiered, compressed oops, g1 gc, windows-amd64)
# No core dump will be written. Minidumps are not enabled by default on client versions of Windows
#

---------------  S U M M A R Y ------------

Command Line: --add-opens=java.base/java.util=ALL-UNNAMED --add-opens=java.base/java.lang=ALL-UNNAMED --add-opens=java.base/java.lang.invoke=ALL-UNNAMED --add-opens=java.base/java.util=ALL-UNNAMED --add-opens=java.prefs/java.util.prefs=ALL-UNNAMED --add-opens=java.prefs/java.util.prefs=ALL-UNNAMED --add-opens=java.base/java.nio.charset=ALL-UNNAMED --add-opens=java.base/java.net=ALL-UNNAMED --add-opens=java.base/java.util.concurrent.atomic=ALL-UNNAMED -Xmx2048m -Dfile.encoding=UTF-8 -Duser.country=US -Duser.language=en -Duser.variant org.gradle.launcher.daemon.bootstrap.GradleDaemon 7.0.2

Host: Intel(R) Core(TM) i7-8550U CPU @ 1.80GHz, 8 cores, 7G,  Windows 10 , 64 bit Build 19041 (10.0.19041.1151)
Time: Thu Aug 12 15:28:19 2021 E. Africa Standard Time elapsed time: 33.059760 seconds (0d 0h 0m 33s)

---------------  T H R E A D  ---------------

Current thread (0x000001f661134800):  JavaThread "C2 CompilerThread1" daemon [_thread_in_native, id=8260, stack(0x000000d9e5f00000,0x000000d9e6000000)]


Current CompileTask:
C2:  33060 12422       4       com.android.tools.r8.internal.Me::G (324 bytes)

Stack: [0x000000d9e5f00000,0x000000d9e6000000]
Native frames: (J=compiled Java code, j=interpreted, Vv=VM code, C=native code)
V  [jvm.dll+0x5ecfaa]
V  [jvm.dll+0x722bd5]
V  [jvm.dll+0x72412d]
V  [jvm.dll+0x7247e3]
V  [jvm.dll+0x242928]
V  [jvm.dll+0xbc4fc]
V  [jvm.dll+0xbca0c]
V  [jvm.dll+0x352d7d]
V  [jvm.dll+0x320ad3]
V  [jvm.dll+0x31ffca]
V  [jvm.dll+0x1fb602]
V  [jvm.dll+0x1fa7f4]
V  [jvm.dll+0x18354c]
V  [jvm.dll+0x208ee7]
V  [jvm.dll+0x207731]
V  [jvm.dll+0x6eb1cf]
V  [jvm.dll+0x6e3d45]
V  [jvm.dll+0x5ebe96]
C  [ucrtbase.dll+0x21bb2]
C  [KERNEL32.DLL+0x17034]
C  [ntdll.dll+0x52651]


---------------  P R O C E S S  ---------------

Threads class SMR info:
_java_thread_list=0x000001f663ee6830, length=64, elements={
0x000001f646013000, 0x000001f660c88000, 0x000001f660c92800, 0x000001f660cdf000,
0x000001f660ce0000, 0x000001f660ce2000, 0x000001f660cf3000, 0x000001f660d02000,
0x000001f660d11000, 0x000001f660e64800, 0x000001f662ce8000, 0x000001f663677000,
0x000001f663acd800, 0x000001f662769800, 0x000001f662da6800, 0x000001f663010800,
0x000001f663576800, 0x000001f662788000, 0x000001f660cfe000, 0x000001f660d01000,
0x000001f660d00800, 0x000001f660d03000, 0x000001f660d03800, 0x000001f660d04800,
0x000001f660cff000, 0x000001f661133800, 0x000001f661131000, 0x000001f661136000,
0x000001f661134800, 0x000001f661132800, 0x000001f661130800, 0x000001f661137800,
0x000001f661132000, 0x000001f66113e000, 0x000001f661138800, 0x000001f66113c800,
0x000001f66113f000, 0x000001f661139800, 0x000001f66113a000, 0x000001f66113b000,
0x000001f663654000, 0x000001f663653800, 0x000001f663656800, 0x000001f663657800,
0x000001f663655000, 0x000001f663658800, 0x000001f663652800, 0x000001f66365a000,
0x000001f66365b000, 0x000001f663659000, 0x000001f663656000, 0x000001f66365e000,
0x000001f663661800, 0x000001f66365f000, 0x000001f66365f800, 0x000001f66365d000,
0x000001f663660800, 0x000001f666fd8000, 0x000001f666fdd000, 0x000001f666fd8800,
0x000001f666fda800, 0x000001f666fdb000, 0x000001f666fd9800, 0x000001f666fdc000
}

Java Threads: ( => current thread )
  0x000001f646013000 JavaThread "main" [_thread_blocked, id=14584, stack(0x000000d9e3300000,0x000000d9e3400000)]
  0x000001f660c88000 JavaThread "Reference Handler" daemon [_thread_blocked, id=1548, stack(0x000000d9e3a00000,0x000000d9e3b00000)]
  0x000001f660c92800 JavaThread "Finalizer" daemon [_thread_blocked, id=15380, stack(0x000000d9e3b00000,0x000000d9e3c00000)]
  0x000001f660cdf000 JavaThread "Signal Dispatcher" daemon [_thread_blocked, id=11032, stack(0x000000d9e3c00000,0x000000d9e3d00000)]
  0x000001f660ce0000 JavaThread "Attach Listener" daemon [_thread_blocked, id=18240, stack(0x000000d9e3d00000,0x000000d9e3e00000)]
  0x000001f660ce2000 JavaThread "Service Thread" daemon [_thread_blocked, id=17636, stack(0x000000d9e3e00000,0x000000d9e3f00000)]
  0x000001f660cf3000 JavaThread "C2 CompilerThread0" daemon [_thread_in_native, id=14944, stack(0x000000d9e3f00000,0x000000d9e4000000)]
  0x000001f660d02000 JavaThread "C1 CompilerThread0" daemon [_thread_in_native, id=5004, stack(0x000000d9e4000000,0x000000d9e4100000)]
  0x000001f660d11000 JavaThread "Sweeper thread" daemon [_thread_blocked, id=13436, stack(0x000000d9e4100000,0x000000d9e4200000)]
  0x000001f660e64800 JavaThread "Common-Cleaner" daemon [_thread_blocked, id=17500, stack(0x000000d9e4200000,0x000000d9e4300000)]
  0x000001f662ce8000 JavaThread "Daemon health stats" [_thread_blocked, id=10460, stack(0x000000d9e4600000,0x000000d9e4700000)]
  0x000001f663677000 JavaThread "Incoming local TCP Connector on port 9151" [_thread_in_native, id=14196, stack(0x000000d9e4400000,0x000000d9e4500000)]
  0x000001f663acd800 JavaThread "Daemon periodic checks" [_thread_blocked, id=8712, stack(0x000000d9e4700000,0x000000d9e4800000)]
  0x000001f662769800 JavaThread "Daemon" [_thread_blocked, id=15484, stack(0x000000d9e4800000,0x000000d9e4900000)]
  0x000001f662da6800 JavaThread "Handler for socket connection from /127.0.0.1:9151 to /127.0.0.1:9152" [_thread_in_native, id=10228, stack(0x000000d9e4900000,0x000000d9e4a00000)]
  0x000001f663010800 JavaThread "Cancel handler" [_thread_blocked, id=16396, stack(0x000000d9e4a00000,0x000000d9e4b00000)]
  0x000001f663576800 JavaThread "Daemon worker" [_thread_blocked, id=5768, stack(0x000000d9e4b00000,0x000000d9e4c00000)]
  0x000001f662788000 JavaThread "Asynchronous log dispatcher for DefaultDaemonConnection: socket connection from /127.0.0.1:9151 to /127.0.0.1:9152" [_thread_blocked, id=12592, stack(0x000000d9e4c00000,0x000000d9e4d00000)]
  0x000001f660cfe000 JavaThread "Stdin handler" [_thread_blocked, id=17528, stack(0x000000d9e4d00000,0x000000d9e4e00000)]
  0x000001f660d01000 JavaThread "Daemon client event forwarder" [_thread_blocked, id=12416, stack(0x000000d9e4e00000,0x000000d9e4f00000)]
  0x000001f660d00800 JavaThread "Cache worker for file hash cache (C:\Users\Mich01\.gradle\caches\7.0.2\fileHashes)" [_thread_blocked, id=8256, stack(0x000000d9e5600000,0x000000d9e5700000)]
  0x000001f660d03000 JavaThread "File lock request listener" [_thread_in_native, id=8688, stack(0x000000d9e5700000,0x000000d9e5800000)]
  0x000001f660d03800 JavaThread "Cache worker for journal cache (C:\Users\Mich01\.gradle\caches\journal-1)" [_thread_blocked, id=10200, stack(0x000000d9e5900000,0x000000d9e5a00000)]
  0x000001f660d04800 JavaThread "Cache worker for file hash cache (C:\Users\Mich01\AndroidStudioProjects\SpiderMS\.gradle\7.0.2\fileHashes)" [_thread_blocked, id=11540, stack(0x000000d9e5a00000,0x000000d9e5b00000)]
  0x000001f660cff000 JavaThread "File watcher server" daemon [_thread_in_native, id=17328, stack(0x000000d9e5b00000,0x000000d9e5c00000)]
  0x000001f661133800 JavaThread "File watcher consumer" daemon [_thread_blocked, id=18180, stack(0x000000d9e5c00000,0x000000d9e5d00000)]
  0x000001f661131000 JavaThread "Cache worker for checksums cache (C:\Users\Mich01\AndroidStudioProjects\SpiderMS\.gradle\checksums)" [_thread_blocked, id=2560, stack(0x000000d9e5d00000,0x000000d9e5e00000)]
  0x000001f661136000 JavaThread "Cache worker for cache directory md-supplier (C:\Users\Mich01\.gradle\caches\7.0.2\md-supplier)" [_thread_blocked, id=11864, stack(0x000000d9e5e00000,0x000000d9e5f00000)]
=>0x000001f661134800 JavaThread "C2 CompilerThread1" daemon [_thread_in_native, id=8260, stack(0x000000d9e5f00000,0x000000d9e6000000)]
  0x000001f661132800 JavaThread "Cache worker for cache directory md-rule (C:\Users\Mich01\.gradle\caches\7.0.2\md-rule)" [_thread_blocked, id=15844, stack(0x000000d9e6000000,0x000000d9e6100000)]
  0x000001f661130800 JavaThread "Cache worker for execution history cache (C:\Users\Mich01\.gradle\caches\7.0.2\executionHistory)" [_thread_blocked, id=12548, stack(0x000000d9e6100000,0x000000d9e6200000)]
  0x000001f661137800 JavaThread "jar transforms" [_thread_blocked, id=16672, stack(0x000000d9e6200000,0x000000d9e6300000)]
  0x000001f661132000 JavaThread "jar transforms Thread 2" [_thread_blocked, id=10232, stack(0x000000d9e6300000,0x000000d9e6400000)]
  0x000001f66113e000 JavaThread "Cache worker for file content cache (C:\Users\Mich01\.gradle\caches\7.0.2\fileContent)" [_thread_blocked, id=17752, stack(0x000000d9e6400000,0x000000d9e6500000)]
  0x000001f661138800 JavaThread "Cache worker for dependencies-accessors (C:\Users\Mich01\AndroidStudioProjects\SpiderMS\.gradle\7.0.2\dependencies-accessors)" [_thread_blocked, id=10760, stack(0x000000d9e6500000,0x000000d9e6600000)]
  0x000001f66113c800 JavaThread "jar transforms Thread 3" [_thread_blocked, id=8080, stack(0x000000d9e6600000,0x000000d9e6700000)]
  0x000001f66113f000 JavaThread "Cache worker for Build Output Cleanup Cache (C:\Users\Mich01\AndroidStudioProjects\SpiderMS\.gradle\buildOutputCleanup)" [_thread_blocked, id=16444, stack(0x000000d9e6700000,0x000000d9e6800000)]
  0x000001f661139800 JavaThread "Build operations" [_thread_in_Java, id=1904, stack(0x000000d9e6800000,0x000000d9e6900000)]
  0x000001f66113a000 JavaThread "Build operations Thread 2" [_thread_in_Java, id=16676, stack(0x000000d9e6900000,0x000000d9e6a00000)]
  0x000001f66113b000 JavaThread "Build operations Thread 3" [_thread_in_Java, id=17836, stack(0x000000d9e6a00000,0x000000d9e6b00000)]
  0x000001f663654000 JavaThread "Build operations Thread 4" [_thread_in_Java, id=18136, stack(0x000000d9e6b00000,0x000000d9e6c00000)]
  0x000001f663653800 JavaThread "Build operations Thread 5" [_thread_in_Java, id=17236, stack(0x000000d9e6c00000,0x000000d9e6d00000)]
  0x000001f663656800 JavaThread "Build operations Thread 6" [_thread_in_Java, id=11364, stack(0x000000d9e6d00000,0x000000d9e6e00000)]
  0x000001f663657800 JavaThread "Build operations Thread 7" [_thread_in_vm, id=17548, stack(0x000000d9e6e00000,0x000000d9e6f00000)]
  0x000001f663655000 JavaThread "Build operations Thread 8" [_thread_blocked, id=8920, stack(0x000000d9e6f00000,0x000000d9e7000000)]
  0x000001f663658800 JavaThread "jar transforms Thread 4" [_thread_blocked, id=18280, stack(0x000000d9e7000000,0x000000d9e7100000)]
  0x000001f663652800 JavaThread "jar transforms Thread 5" [_thread_blocked, id=16740, stack(0x000000d9e7100000,0x000000d9e7200000)]
  0x000001f66365a000 JavaThread "jar transforms Thread 6" [_thread_blocked, id=2428, stack(0x000000d9e7200000,0x000000d9e7300000)]
  0x000001f66365b000 JavaThread "jar transforms Thread 7" [_thread_blocked, id=8580, stack(0x000000d9e7300000,0x000000d9e7400000)]
  0x000001f663659000 JavaThread "jar transforms Thread 8" [_thread_blocked, id=13940, stack(0x000000d9e7400000,0x000000d9e7500000)]
  0x000001f663656000 JavaThread "Memory manager" [_thread_blocked, id=17456, stack(0x000000d9e7500000,0x000000d9e7600000)]
  0x000001f66365e000 JavaThread "build event listener" [_thread_blocked, id=14816, stack(0x000000d9e7600000,0x000000d9e7700000)]
  0x000001f663661800 JavaThread "Execution worker for ':'" [_thread_blocked, id=16544, stack(0x000000d9e7700000,0x000000d9e7800000)]
  0x000001f66365f000 JavaThread "Execution worker for ':' Thread 2" [_thread_blocked, id=17788, stack(0x000000d9e7800000,0x000000d9e7900000)]
  0x000001f66365f800 JavaThread "Execution worker for ':' Thread 3" [_thread_blocked, id=11868, stack(0x000000d9e7900000,0x000000d9e7a00000)]
  0x000001f66365d000 JavaThread "Execution worker for ':' Thread 4" [_thread_blocked, id=4864, stack(0x000000d9e7a00000,0x000000d9e7b00000)]
  0x000001f663660800 JavaThread "Execution worker for ':' Thread 5" [_thread_blocked, id=9344, stack(0x000000d9e7b00000,0x000000d9e7c00000)]
  0x000001f666fd8000 JavaThread "Execution worker for ':' Thread 6" [_thread_blocked, id=13812, stack(0x000000d9e7c00000,0x000000d9e7d00000)]
  0x000001f666fdd000 JavaThread "Execution worker for ':' Thread 7" [_thread_blocked, id=12520, stack(0x000000d9e7d00000,0x000000d9e7e00000)]
  0x000001f666fd8800 JavaThread "Cache worker for execution history cache (C:\Users\Mich01\AndroidStudioProjects\SpiderMS\.gradle\7.0.2\executionHistory)" [_thread_blocked, id=14288, stack(0x000000d9e7e00000,0x000000d9e7f00000)]
  0x000001f666fda800 JavaThread "WorkerExecutor Queue" [_thread_blocked, id=18052, stack(0x000000d9e7f00000,0x000000d9e8000000)]
  0x000001f666fdb000 JavaThread "pool-3-thread-1" [_thread_blocked, id=15208, stack(0x000000d9e8000000,0x000000d9e8100000)]
  0x000001f666fd9800 JavaThread "stderr" [_thread_in_native, id=17308, stack(0x000000d9e8100000,0x000000d9e8200000)]
  0x000001f666fdc000 JavaThread "stdout" [_thread_in_native, id=17584, stack(0x000000d9e8200000,0x000000d9e8300000)]

Other Threads:
  0x000001f660c84000 VMThread "VM Thread" [stack: 0x000000d9e3900000,0x000000d9e3a00000] [id=16364]
  0x000001f660e79000 WatcherThread [stack: 0x000000d9e4300000,0x000000d9e4400000] [id=6376]
  0x000001f643dcd800 GCTaskThread "GC Thread#0" [stack: 0x000000d9e3400000,0x000000d9e3500000] [id=6004]
  0x000001f661583000 GCTaskThread "GC Thread#1" [stack: 0x000000d9e4500000,0x000000d9e4600000] [id=10888]
  0x000001f6612d2000 GCTaskThread "GC Thread#2" [stack: 0x000000d9e4f00000,0x000000d9e5000000] [id=7212]
  0x000001f663825800 GCTaskThread "GC Thread#3" [stack: 0x000000d9e5000000,0x000000d9e5100000] [id=13880]
  0x000001f6612c6800 GCTaskThread "GC Thread#4" [stack: 0x000000d9e5100000,0x000000d9e5200000] [id=696]
  0x000001f66316b800 GCTaskThread "GC Thread#5" [stack: 0x000000d9e5200000,0x000000d9e5300000] [id=11240]
  0x000001f66316c800 GCTaskThread "GC Thread#6" [stack: 0x000000d9e5300000,0x000000d9e5400000] [id=3080]
  0x000001f66349f000 GCTaskThread "GC Thread#7" [stack: 0x000000d9e5400000,0x000000d9e5500000] [id=10712]
  0x000001f646057800 ConcurrentGCThread "G1 Main Marker" [stack: 0x000000d9e3500000,0x000000d9e3600000] [id=16784]
  0x000001f646059000 ConcurrentGCThread "G1 Conc#0" [stack: 0x000000d9e3600000,0x000000d9e3700000] [id=7812]
  0x000001f661a1d000 ConcurrentGCThread "G1 Conc#1" [stack: 0x000000d9e5800000,0x000000d9e5900000] [id=6048]
  0x000001f65da4f000 ConcurrentGCThread "G1 Refine#0" [stack: 0x000000d9e3700000,0x000000d9e3800000] [id=5664]
  0x000001f661a1e000 ConcurrentGCThread "G1 Refine#1" [stack: 0x000000d9e5500000,0x000000d9e5600000] [id=17208]
  0x000001f65da50000 ConcurrentGCThread "G1 Young RemSet Sampling" [stack: 0x000000d9e3800000,0x000000d9e3900000] [id=16412]

Threads with active compile tasks:
C2 CompilerThread0  33274 12202 %     4       com.android.tools.r8.internal.T6::a @ 1682 (6044 bytes)
C1 CompilerThread0  33274 12582       3       com.android.tools.r8.ir.regalloc.a::a (3985 bytes)
C2 CompilerThread1  33274 12422       4       com.android.tools.r8.internal.Me::G (324 bytes)

VM state:not at safepoint (normal execution)

VM Mutex/Monitor currently owned by a thread: None

Heap address: 0x0000000080000000, size: 2048 MB, Compressed Oops mode: 32-bit
Narrow klass base: 0x0000000000000000, Narrow klass shift: 3
Compressed class space size: 1073741824 Address: 0x0000000100000000

Heap:
 garbage-first heap   total 253952K, used 177773K [0x0000000080000000, 0x0000000100000000)
  region size 1024K, 68 young (69632K), 2 survivors (2048K)
 Metaspace       used 96703K, capacity 99390K, committed 99532K, reserved 1134592K
  class space    used 12705K, capacity 13693K, committed 13772K, reserved 1048576K
Heap Regions: E=young(eden), S=young(survivor), O=old, HS=humongous(starts), HC=humongous(continues), CS=collection set, F=free, A=archive, TAMS=top-at-mark-start (previous, next)
|   0|0x0000000080000000, 0x0000000080100000, 0x0000000080100000|100%| O|  |TAMS 0x0000000080100000, 0x0000000080000000| Untracked 
|   1|0x0000000080100000, 0x0000000080200000, 0x0000000080200000|100%| O|  |TAMS 0x0000000080200000, 0x0000000080100000| Untracked 
|   2|0x0000000080200000, 0x0000000080300000, 0x0000000080300000|100%| O|  |TAMS 0x0000000080300000, 0x0000000080200000| Untracked 
|   3|0x0000000080300000, 0x0000000080400000, 0x0000000080400000|100%|HS|  |TAMS 0x0000000080400000, 0x0000000080300000| Complete 
|   4|0x0000000080400000, 0x0000000080500000, 0x0000000080500000|100%|HC|  |TAMS 0x0000000080500000, 0x0000000080400000| Complete 
|   5|0x0000000080500000, 0x0000000080600000, 0x0000000080600000|100%|HC|  |TAMS 0x0000000080600000, 0x0000000080500000| Complete 
|   6|0x0000000080600000, 0x0000000080700000, 0x0000000080700000|100%| O|  |TAMS 0x0000000080700000, 0x0000000080600000| Untracked 
|   7|0x0000000080700000, 0x0000000080800000, 0x0000000080800000|100%| O|  |TAMS 0x0000000080800000, 0x0000000080700000| Untracked 
|   8|0x0000000080800000, 0x0000000080900000, 0x0000000080900000|100%| O|  |TAMS 0x0000000080900000, 0x0000000080800000| Untracked 
|   9|0x0000000080900000, 0x0000000080a00000, 0x0000000080a00000|100%| O|  |TAMS 0x0000000080a00000, 0x0000000080900000| Untracked 
|  10|0x0000000080a00000, 0x0000000080b00000, 0x0000000080b00000|100%| O|  |TAMS 0x0000000080b00000, 0x0000000080a00000| Untracked 
|  11|0x0000000080b00000, 0x0000000080c00000, 0x0000000080c00000|100%| O|  |TAMS 0x0000000080c00000, 0x0000000080b00000| Untracked 
|  12|0x0000000080c00000, 0x0000000080d00000, 0x0000000080d00000|100%| O|  |TAMS 0x0000000080d00000, 0x0000000080c00000| Untracked 
|  13|0x0000000080d00000, 0x0000000080e00000, 0x0000000080e00000|100%| O|  |TAMS 0x0000000080e00000, 0x0000000080d00000| Untracked 
|  14|0x0000000080e00000, 0x0000000080f00000, 0x0000000080f00000|100%| O|  |TAMS 0x0000000080f00000, 0x0000000080e00000| Untracked 
|  15|0x0000000080f00000, 0x0000000081000000, 0x0000000081000000|100%| O|  |TAMS 0x0000000081000000, 0x0000000080f00000| Untracked 
|  16|0x0000000081000000, 0x0000000081100000, 0x0000000081100000|100%|HS|  |TAMS 0x0000000081100000, 0x0000000081000000| Complete 
|  17|0x0000000081100000, 0x0000000081200000, 0x0000000081200000|100%| O|  |TAMS 0x0000000081200000, 0x0000000081100000| Untracked 
|  18|0x0000000081200000, 0x0000000081300000, 0x0000000081300000|100%| O|  |TAMS 0x0000000081300000, 0x0000000081200000| Untracked 
|  19|0x0000000081300000, 0x0000000081400000, 0x0000000081400000|100%| O|  |TAMS 0x0000000081400000, 0x0000000081300000| Untracked 
|  20|0x0000000081400000, 0x0000000081500000, 0x0000000081500000|100%| O|  |TAMS 0x0000000081500000, 0x0000000081400000| Untracked 
|  21|0x0000000081500000, 0x0000000081600000, 0x0000000081600000|100%| O|  |TAMS 0x0000000081600000, 0x0000000081500000| Untracked 
|  22|0x0000000081600000, 0x0000000081700000, 0x0000000081700000|100%|HS|  |TAMS 0x0000000081700000, 0x0000000081600000| Complete 
|  23|0x0000000081700000, 0x0000000081800000, 0x0000000081800000|100%|HS|  |TAMS 0x0000000081800000, 0x0000000081700000| Complete 
|  24|0x0000000081800000, 0x0000000081900000, 0x0000000081900000|100%|HC|  |TAMS 0x0000000081900000, 0x0000000081800000| Complete 
|  25|0x0000000081900000, 0x0000000081a00000, 0x0000000081a00000|100%| O|  |TAMS 0x0000000081a00000, 0x0000000081900000| Untracked 
|  26|0x0000000081a00000, 0x0000000081b00000, 0x0000000081b00000|100%| O|  |TAMS 0x0000000081b00000, 0x0000000081a00000| Untracked 
|  27|0x0000000081b00000, 0x0000000081c00000, 0x0000000081c00000|100%| O|  |TAMS 0x0000000081c00000, 0x0000000081b00000| Untracked 
|  28|0x0000000081c00000, 0x0000000081d00000, 0x0000000081d00000|100%| O|  |TAMS 0x0000000081d00000, 0x0000000081c00000| Untracked 
|  29|0x0000000081d00000, 0x0000000081e00000, 0x0000000081e00000|100%| O|  |TAMS 0x0000000081e00000, 0x0000000081d00000| Untracked 
|  30|0x0000000081e00000, 0x0000000081f00000, 0x0000000081f00000|100%| O|  |TAMS 0x0000000081f00000, 0x0000000081e00000| Untracked 
|  31|0x0000000081f00000, 0x0000000082000000, 0x0000000082000000|100%| O|  |TAMS 0x0000000082000000, 0x0000000081f00000| Untracked 
|  32|0x0000000082000000, 0x0000000082100000, 0x0000000082100000|100%| O|  |TAMS 0x0000000082100000, 0x0000000082000000| Untracked 
|  33|0x0000000082100000, 0x0000000082200000, 0x0000000082200000|100%| O|  |TAMS 0x0000000082200000, 0x0000000082100000| Untracked 
|  34|0x0000000082200000, 0x0000000082300000, 0x0000000082300000|100%| O|  |TAMS 0x0000000082300000, 0x0000000082200000| Untracked 
|  35|0x0000000082300000, 0x0000000082400000, 0x0000000082400000|100%| O|  |TAMS 0x0000000082400000, 0x0000000082300000| Untracked 
|  36|0x0000000082400000, 0x0000000082500000, 0x0000000082500000|100%| O|  |TAMS 0x0000000082500000, 0x0000000082400000| Untracked 
|  37|0x0000000082500000, 0x0000000082600000, 0x0000000082600000|100%| O|  |TAMS 0x0000000082600000, 0x0000000082500000| Untracked 
|  38|0x0000000082600000, 0x0000000082700000, 0x0000000082700000|100%| O|  |TAMS 0x0000000082700000, 0x0000000082600000| Untracked 
|  39|0x0000000082700000, 0x0000000082800000, 0x0000000082800000|100%| O|  |TAMS 0x0000000082800000, 0x0000000082700000| Untracked 
|  40|0x0000000082800000, 0x0000000082900000, 0x0000000082900000|100%| O|  |TAMS 0x0000000082900000, 0x0000000082800000| Untracked 
|  41|0x0000000082900000, 0x0000000082a00000, 0x0000000082a00000|100%| O|  |TAMS 0x0000000082a00000, 0x0000000082900000| Untracked 
|  42|0x0000000082a00000, 0x0000000082b00000, 0x0000000082b00000|100%| O|  |TAMS 0x0000000082b00000, 0x0000000082a00000| Untracked 
|  43|0x0000000082b00000, 0x0000000082c00000, 0x0000000082c00000|100%| O|  |TAMS 0x0000000082c00000, 0x0000000082b00000| Untracked 
|  44|0x0000000082c00000, 0x0000000082d00000, 0x0000000082d00000|100%| O|  |TAMS 0x0000000082d00000, 0x0000000082c00000| Untracked 
|  45|0x0000000082d00000, 0x0000000082e00000, 0x0000000082e00000|100%| O|  |TAMS 0x0000000082e00000, 0x0000000082d00000| Untracked 
|  46|0x0000000082e00000, 0x0000000082f00000, 0x0000000082f00000|100%| O|  |TAMS 0x0000000082f00000, 0x0000000082e00000| Untracked 
|  47|0x0000000082f00000, 0x0000000083000000, 0x0000000083000000|100%| O|  |TAMS 0x0000000083000000, 0x0000000082f00000| Untracked 
|  48|0x0000000083000000, 0x0000000083100000, 0x0000000083100000|100%| O|  |TAMS 0x0000000083100000, 0x0000000083000000| Untracked 
|  49|0x0000000083100000, 0x0000000083200000, 0x0000000083200000|100%| O|  |TAMS 0x0000000083200000, 0x0000000083100000| Untracked 
|  50|0x0000000083200000, 0x0000000083300000, 0x0000000083300000|100%| O|  |TAMS 0x0000000083300000, 0x0000000083200000| Untracked 
|  51|0x0000000083300000, 0x0000000083400000, 0x0000000083400000|100%| O|  |TAMS 0x0000000083400000, 0x0000000083300000| Untracked 
|  52|0x0000000083400000, 0x0000000083500000, 0x0000000083500000|100%| O|  |TAMS 0x0000000083500000, 0x0000000083400000| Untracked 
|  53|0x0000000083500000, 0x0000000083600000, 0x0000000083600000|100%| O|  |TAMS 0x0000000083600000, 0x0000000083500000| Untracked 
|  54|0x0000000083600000, 0x0000000083700000, 0x0000000083700000|100%| O|  |TAMS 0x0000000083700000, 0x0000000083600000| Untracked 
|  55|0x0000000083700000, 0x0000000083800000, 0x0000000083800000|100%| O|  |TAMS 0x0000000083800000, 0x0000000083700000| Untracked 
|  56|0x0000000083800000, 0x0000000083900000, 0x0000000083900000|100%| O|  |TAMS 0x0000000083900000, 0x0000000083800000| Untracked 
|  57|0x0000000083900000, 0x0000000083a00000, 0x0000000083a00000|100%| O|  |TAMS 0x0000000083a00000, 0x0000000083900000| Untracked 
|  58|0x0000000083a00000, 0x0000000083b00000, 0x0000000083b00000|100%| O|  |TAMS 0x0000000083b00000, 0x0000000083a00000| Untracked 
|  59|0x0000000083b00000, 0x0000000083c00000, 0x0000000083c00000|100%| O|  |TAMS 0x0000000083c00000, 0x0000000083b00000| Untracked 
|  60|0x0000000083c00000, 0x0000000083d00000, 0x0000000083d00000|100%| O|  |TAMS 0x0000000083d00000, 0x0000000083c00000| Untracked 
|  61|0x0000000083d00000, 0x0000000083e00000, 0x0000000083e00000|100%| O|  |TAMS 0x0000000083e00000, 0x0000000083d00000| Untracked 
|  62|0x0000000083e00000, 0x0000000083f00000, 0x0000000083f00000|100%| O|  |TAMS 0x0000000083f00000, 0x0000000083e00000| Untracked 
|  63|0x0000000083f00000, 0x0000000084000000, 0x0000000084000000|100%| O|  |TAMS 0x0000000084000000, 0x0000000083f00000| Untracked 
|  64|0x0000000084000000, 0x0000000084100000, 0x0000000084100000|100%| O|  |TAMS 0x0000000084100000, 0x0000000084000000| Untracked 
|  65|0x0000000084100000, 0x0000000084200000, 0x0000000084200000|100%| O|  |TAMS 0x0000000084200000, 0x0000000084100000| Untracked 
|  66|0x0000000084200000, 0x0000000084300000, 0x0000000084300000|100%| O|  |TAMS 0x0000000084300000, 0x0000000084200000| Untracked 
|  67|0x0000000084300000, 0x0000000084400000, 0x0000000084400000|100%| O|  |TAMS 0x0000000084400000, 0x0000000084300000| Untracked 
|  68|0x0000000084400000, 0x0000000084500000, 0x0000000084500000|100%| O|  |TAMS 0x0000000084500000, 0x0000000084400000| Untracked 
|  69|0x0000000084500000, 0x0000000084600000, 0x0000000084600000|100%| O|  |TAMS 0x0000000084600000, 0x0000000084500000| Untracked 
|  70|0x0000000084600000, 0x0000000084700000, 0x0000000084700000|100%| O|  |TAMS 0x0000000084700000, 0x0000000084600000| Untracked 
|  71|0x0000000084700000, 0x0000000084800000, 0x0000000084800000|100%| O|  |TAMS 0x0000000084800000, 0x0000000084700000| Untracked 
|  72|0x0000000084800000, 0x0000000084900000, 0x0000000084900000|100%| O|  |TAMS 0x0000000084900000, 0x0000000084800000| Untracked 
|  73|0x0000000084900000, 0x0000000084a00000, 0x0000000084a00000|100%| O|  |TAMS 0x0000000084a00000, 0x0000000084900000| Untracked 
|  74|0x0000000084a00000, 0x0000000084b00000, 0x0000000084b00000|100%| O|  |TAMS 0x0000000084b00000, 0x0000000084a00000| Untracked 
|  75|0x0000000084b00000, 0x0000000084c00000, 0x0000000084c00000|100%| O|  |TAMS 0x0000000084c00000, 0x0000000084b00000| Untracked 
|  76|0x0000000084c00000, 0x0000000084d00000, 0x0000000084d00000|100%| O|  |TAMS 0x0000000084d00000, 0x0000000084c00000| Untracked 
|  77|0x0000000084d00000, 0x0000000084e00000, 0x0000000084e00000|100%| O|  |TAMS 0x0000000084e00000, 0x0000000084d00000| Untracked 
|  78|0x0000000084e00000, 0x0000000084f00000, 0x0000000084f00000|100%| O|  |TAMS 0x0000000084f00000, 0x0000000084e00000| Untracked 
|  79|0x0000000084f00000, 0x0000000085000000, 0x0000000085000000|100%| O|  |TAMS 0x0000000085000000, 0x0000000084f00000| Untracked 
|  80|0x0000000085000000, 0x0000000085100000, 0x0000000085100000|100%| O|  |TAMS 0x0000000085100000, 0x0000000085000000| Untracked 
|  81|0x0000000085100000, 0x0000000085200000, 0x0000000085200000|100%| O|  |TAMS 0x0000000085200000, 0x0000000085100000| Untracked 
|  82|0x0000000085200000, 0x0000000085300000, 0x0000000085300000|100%| O|  |TAMS 0x0000000085300000, 0x0000000085200000| Untracked 
|  83|0x0000000085300000, 0x0000000085400000, 0x0000000085400000|100%| O|  |TAMS 0x0000000085400000, 0x0000000085300000| Untracked 
|  84|0x0000000085400000, 0x0000000085500000, 0x0000000085500000|100%| O|  |TAMS 0x0000000085500000, 0x0000000085400000| Untracked 
|  85|0x0000000085500000, 0x0000000085600000, 0x0000000085600000|100%| O|  |TAMS 0x0000000085600000, 0x0000000085500000| Untracked 
|  86|0x0000000085600000, 0x0000000085700000, 0x0000000085700000|100%| O|  |TAMS 0x0000000085700000, 0x0000000085600000| Untracked 
|  87|0x0000000085700000, 0x0000000085800000, 0x0000000085800000|100%| O|  |TAMS 0x0000000085800000, 0x0000000085700000| Untracked 
|  88|0x0000000085800000, 0x0000000085900000, 0x0000000085900000|100%| O|  |TAMS 0x0000000085900000, 0x0000000085800000| Untracked 
|  89|0x0000000085900000, 0x0000000085a00000, 0x0000000085a00000|100%| O|  |TAMS 0x0000000085a00000, 0x0000000085900000| Untracked 
|  90|0x0000000085a00000, 0x0000000085b00000, 0x0000000085b00000|100%| O|  |TAMS 0x0000000085b00000, 0x0000000085a00000| Untracked 
|  91|0x0000000085b00000, 0x0000000085c00000, 0x0000000085c00000|100%| O|  |TAMS 0x0000000085c00000, 0x0000000085b00000| Untracked 
|  92|0x0000000085c00000, 0x0000000085d00000, 0x0000000085d00000|100%| O|  |TAMS 0x0000000085d00000, 0x0000000085c00000| Untracked 
|  93|0x0000000085d00000, 0x0000000085e00000, 0x0000000085e00000|100%| O|  |TAMS 0x0000000085e00000, 0x0000000085d00000| Untracked 
|  94|0x0000000085e00000, 0x0000000085f00000, 0x0000000085f00000|100%| O|  |TAMS 0x0000000085f00000, 0x0000000085e00000| Untracked 
|  95|0x0000000085f00000, 0x0000000086000000, 0x0000000086000000|100%| O|  |TAMS 0x0000000086000000, 0x0000000085f00000| Untracked 
|  96|0x0000000086000000, 0x0000000086100000, 0x0000000086100000|100%| O|  |TAMS 0x0000000086100000, 0x0000000086000000| Untracked 
|  97|0x0000000086100000, 0x0000000086200000, 0x0000000086200000|100%| O|  |TAMS 0x0000000086200000, 0x0000000086100000| Untracked 
|  98|0x0000000086200000, 0x0000000086300000, 0x0000000086300000|100%| O|  |TAMS 0x0000000086300000, 0x0000000086200000| Untracked 
|  99|0x0000000086300000, 0x0000000086400000, 0x0000000086400000|100%| O|  |TAMS 0x0000000086400000, 0x0000000086300000| Untracked 
| 100|0x0000000086400000, 0x0000000086500000, 0x0000000086500000|100%| O|  |TAMS 0x0000000086500000, 0x0000000086400000| Untracked 
| 101|0x0000000086500000, 0x0000000086600000, 0x0000000086600000|100%| O|  |TAMS 0x0000000086600000, 0x0000000086500000| Untracked 
| 102|0x0000000086600000, 0x0000000086700000, 0x0000000086700000|100%| O|  |TAMS 0x0000000086700000, 0x0000000086600000| Untracked 
| 103|0x0000000086700000, 0x0000000086800000, 0x0000000086800000|100%| O|  |TAMS 0x0000000086800000, 0x0000000086700000| Untracked 
| 104|0x0000000086800000, 0x0000000086900000, 0x0000000086900000|100%| O|  |TAMS 0x0000000086900000, 0x0000000086800000| Untracked 
| 105|0x0000000086900000, 0x0000000086a00000, 0x0000000086a00000|100%| O|  |TAMS 0x0000000086a00000, 0x0000000086900000| Untracked 
| 106|0x0000000086a00000, 0x0000000086ab6600, 0x0000000086b00000| 71%| O|  |TAMS 0x0000000086ab6600, 0x0000000086a00000| Untracked 
| 107|0x0000000086b00000, 0x0000000086b00000, 0x0000000086c00000|  0%| F|  |TAMS 0x0000000086b00000, 0x0000000086b00000| Untracked 
| 108|0x0000000086c00000, 0x0000000086c00000, 0x0000000086d00000|  0%| F|  |TAMS 0x0000000086c00000, 0x0000000086c00000| Untracked 
| 109|0x0000000086d00000, 0x0000000086d00000, 0x0000000086e00000|  0%| F|  |TAMS 0x0000000086d00000, 0x0000000086d00000| Untracked 
| 110|0x0000000086e00000, 0x0000000086e00000, 0x0000000086f00000|  0%| F|  |TAMS 0x0000000086e00000, 0x0000000086e00000| Untracked 
| 111|0x0000000086f00000, 0x0000000086f00000, 0x0000000087000000|  0%| F|  |TAMS 0x0000000086f00000, 0x0000000086f00000| Untracked 
| 112|0x0000000087000000, 0x0000000087000000, 0x0000000087100000|  0%| F|  |TAMS 0x0000000087000000, 0x0000000087000000| Untracked 
| 113|0x0000000087100000, 0x0000000087100000, 0x0000000087200000|  0%| F|  |TAMS 0x0000000087100000, 0x0000000087100000| Untracked 
| 114|0x0000000087200000, 0x0000000087200000, 0x0000000087300000|  0%| F|  |TAMS 0x0000000087200000, 0x0000000087200000| Untracked 
| 115|0x0000000087300000, 0x0000000087300000, 0x0000000087400000|  0%| F|  |TAMS 0x0000000087300000, 0x0000000087300000| Untracked 
| 116|0x0000000087400000, 0x0000000087400000, 0x0000000087500000|  0%| F|  |TAMS 0x0000000087400000, 0x0000000087400000| Untracked 
| 117|0x0000000087500000, 0x0000000087500000, 0x0000000087600000|  0%| F|  |TAMS 0x0000000087500000, 0x0000000087500000| Untracked 
| 118|0x0000000087600000, 0x0000000087600000, 0x0000000087700000|  0%| F|  |TAMS 0x0000000087600000, 0x0000000087600000| Untracked 
| 119|0x0000000087700000, 0x0000000087700000, 0x0000000087800000|  0%| F|  |TAMS 0x0000000087700000, 0x0000000087700000| Untracked 
| 120|0x0000000087800000, 0x0000000087800000, 0x0000000087900000|  0%| F|  |TAMS 0x0000000087800000, 0x0000000087800000| Untracked 
| 121|0x0000000087900000, 0x0000000087900000, 0x0000000087a00000|  0%| F|  |TAMS 0x0000000087900000, 0x0000000087900000| Untracked 
| 122|0x0000000087a00000, 0x0000000087a00000, 0x0000000087b00000|  0%| F|  |TAMS 0x0000000087a00000, 0x0000000087a00000| Untracked 
| 123|0x0000000087b00000, 0x0000000087b00000, 0x0000000087c00000|  0%| F|  |TAMS 0x0000000087b00000, 0x0000000087b00000| Untracked 
| 124|0x0000000087c00000, 0x0000000087c00000, 0x0000000087d00000|  0%| F|  |TAMS 0x0000000087c00000, 0x0000000087c00000| Untracked 
| 125|0x0000000087d00000, 0x0000000087d00000, 0x0000000087e00000|  0%| F|  |TAMS 0x0000000087d00000, 0x0000000087d00000| Untracked 
| 126|0x0000000087e00000, 0x0000000087e00000, 0x0000000087f00000|  0%| F|  |TAMS 0x0000000087e00000, 0x0000000087e00000| Untracked 
| 127|0x0000000087f00000, 0x0000000087f00000, 0x0000000088000000|  0%| F|  |TAMS 0x0000000087f00000, 0x0000000087f00000| Untracked 
| 128|0x0000000088000000, 0x0000000088000000, 0x0000000088100000|  0%| F|  |TAMS 0x0000000088000000, 0x0000000088000000| Untracked 
| 129|0x0000000088100000, 0x0000000088100000, 0x0000000088200000|  0%| F|  |TAMS 0x0000000088100000, 0x0000000088100000| Untracked 
| 130|0x0000000088200000, 0x0000000088200000, 0x0000000088300000|  0%| F|  |TAMS 0x0000000088200000, 0x0000000088200000| Untracked 
| 131|0x0000000088300000, 0x0000000088300000, 0x0000000088400000|  0%| F|  |TAMS 0x0000000088300000, 0x0000000088300000| Untracked 
| 132|0x0000000088400000, 0x0000000088400000, 0x0000000088500000|  0%| F|  |TAMS 0x0000000088400000, 0x0000000088400000| Untracked 
| 133|0x0000000088500000, 0x0000000088500000, 0x0000000088600000|  0%| F|  |TAMS 0x0000000088500000, 0x0000000088500000| Untracked 
| 134|0x0000000088600000, 0x0000000088600000, 0x0000000088700000|  0%| F|  |TAMS 0x0000000088600000, 0x0000000088600000| Untracked 
| 135|0x0000000088700000, 0x0000000088700000, 0x0000000088800000|  0%| F|  |TAMS 0x0000000088700000, 0x0000000088700000| Untracked 
| 136|0x0000000088800000, 0x0000000088800000, 0x0000000088900000|  0%| F|  |TAMS 0x0000000088800000, 0x0000000088800000| Untracked 
| 137|0x0000000088900000, 0x0000000088900000, 0x0000000088a00000|  0%| F|  |TAMS 0x0000000088900000, 0x0000000088900000| Untracked 
| 138|0x0000000088a00000, 0x0000000088a00000, 0x0000000088b00000|  0%| F|  |TAMS 0x0000000088a00000, 0x0000000088a00000| Untracked 
| 139|0x0000000088b00000, 0x0000000088b00000, 0x0000000088c00000|  0%| F|  |TAMS 0x0000000088b00000, 0x0000000088b00000| Untracked 
| 140|0x0000000088c00000, 0x0000000088c00000, 0x0000000088d00000|  0%| F|  |TAMS 0x0000000088c00000, 0x0000000088c00000| Untracked 
| 141|0x0000000088d00000, 0x0000000088d00000, 0x0000000088e00000|  0%| F|  |TAMS 0x0000000088d00000, 0x0000000088d00000| Untracked 
| 142|0x0000000088e00000, 0x0000000088e00000, 0x0000000088f00000|  0%| F|  |TAMS 0x0000000088e00000, 0x0000000088e00000| Untracked 
| 143|0x0000000088f00000, 0x0000000088f00000, 0x0000000089000000|  0%| F|  |TAMS 0x0000000088f00000, 0x0000000088f00000| Untracked 
| 144|0x0000000089000000, 0x0000000089000000, 0x0000000089100000|  0%| F|  |TAMS 0x0000000089000000, 0x0000000089000000| Untracked 
| 145|0x0000000089100000, 0x0000000089100000, 0x0000000089200000|  0%| F|  |TAMS 0x0000000089100000, 0x0000000089100000| Untracked 
| 146|0x0000000089200000, 0x0000000089200000, 0x0000000089300000|  0%| F|  |TAMS 0x0000000089200000, 0x0000000089200000| Untracked 
| 147|0x0000000089300000, 0x0000000089300000, 0x0000000089400000|  0%| F|  |TAMS 0x0000000089300000, 0x0000000089300000| Untracked 
| 148|0x0000000089400000, 0x0000000089400000, 0x0000000089500000|  0%| F|  |TAMS 0x0000000089400000, 0x0000000089400000| Untracked 
| 149|0x0000000089500000, 0x0000000089500000, 0x0000000089600000|  0%| F|  |TAMS 0x0000000089500000, 0x0000000089500000| Untracked 
| 150|0x0000000089600000, 0x0000000089600000, 0x0000000089700000|  0%| F|  |TAMS 0x0000000089600000, 0x0000000089600000| Untracked 
| 151|0x0000000089700000, 0x0000000089700000, 0x0000000089800000|  0%| F|  |TAMS 0x0000000089700000, 0x0000000089700000| Untracked 
| 152|0x0000000089800000, 0x0000000089800000, 0x0000000089900000|  0%| F|  |TAMS 0x0000000089800000, 0x0000000089800000| Untracked 
| 153|0x0000000089900000, 0x0000000089900000, 0x0000000089a00000|  0%| F|  |TAMS 0x0000000089900000, 0x0000000089900000| Untracked 
| 154|0x0000000089a00000, 0x0000000089a00000, 0x0000000089b00000|  0%| F|  |TAMS 0x0000000089a00000, 0x0000000089a00000| Untracked 
| 155|0x0000000089b00000, 0x0000000089b00000, 0x0000000089c00000|  0%| F|  |TAMS 0x0000000089b00000, 0x0000000089b00000| Untracked 
| 156|0x0000000089c00000, 0x0000000089c00000, 0x0000000089d00000|  0%| F|  |TAMS 0x0000000089c00000, 0x0000000089c00000| Untracked 
| 157|0x0000000089d00000, 0x0000000089d00000, 0x0000000089e00000|  0%| F|  |TAMS 0x0000000089d00000, 0x0000000089d00000| Untracked 
| 158|0x0000000089e00000, 0x0000000089e00000, 0x0000000089f00000|  0%| F|  |TAMS 0x0000000089e00000, 0x0000000089e00000| Untracked 
| 159|0x0000000089f00000, 0x0000000089f00000, 0x000000008a000000|  0%| F|  |TAMS 0x0000000089f00000, 0x0000000089f00000| Untracked 
| 160|0x000000008a000000, 0x000000008a000000, 0x000000008a100000|  0%| F|  |TAMS 0x000000008a000000, 0x000000008a000000| Untracked 
| 161|0x000000008a100000, 0x000000008a100000, 0x000000008a200000|  0%| F|  |TAMS 0x000000008a100000, 0x000000008a100000| Untracked 
| 162|0x000000008a200000, 0x000000008a200000, 0x000000008a300000|  0%| F|  |TAMS 0x000000008a200000, 0x000000008a200000| Untracked 
| 163|0x000000008a300000, 0x000000008a300000, 0x000000008a400000|  0%| F|  |TAMS 0x000000008a300000, 0x000000008a300000| Untracked 
| 164|0x000000008a400000, 0x000000008a400000, 0x000000008a500000|  0%| F|  |TAMS 0x000000008a400000, 0x000000008a400000| Untracked 
| 165|0x000000008a500000, 0x000000008a500000, 0x000000008a600000|  0%| F|  |TAMS 0x000000008a500000, 0x000000008a500000| Untracked 
| 166|0x000000008a600000, 0x000000008a600000, 0x000000008a700000|  0%| F|  |TAMS 0x000000008a600000, 0x000000008a600000| Untracked 
| 167|0x000000008a700000, 0x000000008a700000, 0x000000008a800000|  0%| F|  |TAMS 0x000000008a700000, 0x000000008a700000| Untracked 
| 168|0x000000008a800000, 0x000000008a800000, 0x000000008a900000|  0%| F|  |TAMS 0x000000008a800000, 0x000000008a800000| Untracked 
| 169|0x000000008a900000, 0x000000008a900000, 0x000000008aa00000|  0%| F|  |TAMS 0x000000008a900000, 0x000000008a900000| Untracked 
| 170|0x000000008aa00000, 0x000000008aa00000, 0x000000008ab00000|  0%| F|  |TAMS 0x000000008aa00000, 0x000000008aa00000| Untracked 
| 171|0x000000008ab00000, 0x000000008ab00000, 0x000000008ac00000|  0%| F|  |TAMS 0x000000008ab00000, 0x000000008ab00000| Untracked 
| 172|0x000000008ac00000, 0x000000008ac00000, 0x000000008ad00000|  0%| F|  |TAMS 0x000000008ac00000, 0x000000008ac00000| Untracked 
| 173|0x000000008ad00000, 0x000000008ad00000, 0x000000008ae00000|  0%| F|  |TAMS 0x000000008ad00000, 0x000000008ad00000| Untracked 
| 174|0x000000008ae00000, 0x000000008ae00000, 0x000000008af00000|  0%| F|  |TAMS 0x000000008ae00000, 0x000000008ae00000| Untracked 
| 175|0x000000008af00000, 0x000000008af00000, 0x000000008b000000|  0%| F|  |TAMS 0x000000008af00000, 0x000000008af00000| Untracked 
| 176|0x000000008b000000, 0x000000008b000000, 0x000000008b100000|  0%| F|  |TAMS 0x000000008b000000, 0x000000008b000000| Untracked 
| 177|0x000000008b100000, 0x000000008b136c18, 0x000000008b200000| 21%| S|CS|TAMS 0x000000008b100000, 0x000000008b100000| Complete 
| 178|0x000000008b200000, 0x000000008b300000, 0x000000008b300000|100%| S|CS|TAMS 0x000000008b200000, 0x000000008b200000| Complete 
| 179|0x000000008b300000, 0x000000008b400000, 0x000000008b400000|100%| S|CS|TAMS 0x000000008b300000, 0x000000008b300000| Complete 
| 180|0x000000008b400000, 0x000000008b400000, 0x000000008b500000|  0%| F|  |TAMS 0x000000008b400000, 0x000000008b400000| Untracked 
| 181|0x000000008b500000, 0x000000008b500000, 0x000000008b600000|  0%| F|  |TAMS 0x000000008b500000, 0x000000008b500000| Untracked 
| 182|0x000000008b600000, 0x000000008b600000, 0x000000008b700000|  0%| F|  |TAMS 0x000000008b600000, 0x000000008b600000| Untracked 
| 183|0x000000008b700000, 0x000000008b700000, 0x000000008b800000|  0%| F|  |TAMS 0x000000008b700000, 0x000000008b700000| Untracked 
| 184|0x000000008b800000, 0x000000008b800000, 0x000000008b900000|  0%| F|  |TAMS 0x000000008b800000, 0x000000008b800000| Untracked 
| 185|0x000000008b900000, 0x000000008b900000, 0x000000008ba00000|  0%| F|  |TAMS 0x000000008b900000, 0x000000008b900000| Untracked 
| 186|0x000000008ba00000, 0x000000008ba00000, 0x000000008bb00000|  0%| F|  |TAMS 0x000000008ba00000, 0x000000008ba00000| Untracked 
| 187|0x000000008bb00000, 0x000000008bb00000, 0x000000008bc00000|  0%| F|  |TAMS 0x000000008bb00000, 0x000000008bb00000| Untracked 
| 188|0x000000008bc00000, 0x000000008bc00000, 0x000000008bd00000|  0%| F|  |TAMS 0x000000008bc00000, 0x000000008bc00000| Untracked 
| 189|0x000000008bd00000, 0x000000008bd00000, 0x000000008be00000|  0%| F|  |TAMS 0x000000008bd00000, 0x000000008bd00000| Untracked 
| 190|0x000000008be00000, 0x000000008be00000, 0x000000008bf00000|  0%| F|  |TAMS 0x000000008be00000, 0x000000008be00000| Untracked 
| 191|0x000000008bf00000, 0x000000008bf00000, 0x000000008c000000|  0%| F|  |TAMS 0x000000008bf00000, 0x000000008bf00000| Untracked 
| 192|0x000000008c000000, 0x000000008c000000, 0x000000008c100000|  0%| F|  |TAMS 0x000000008c000000, 0x000000008c000000| Untracked 
| 193|0x000000008c100000, 0x000000008c100000, 0x000000008c200000|  0%| F|  |TAMS 0x000000008c100000, 0x000000008c100000| Untracked 
| 194|0x000000008c200000, 0x000000008c200000, 0x000000008c300000|  0%| F|  |TAMS 0x000000008c200000, 0x000000008c200000| Untracked 
| 195|0x000000008c300000, 0x000000008c300000, 0x000000008c400000|  0%| F|  |TAMS 0x000000008c300000, 0x000000008c300000| Untracked 
| 196|0x000000008c400000, 0x000000008c400000, 0x000000008c500000|  0%| F|  |TAMS 0x000000008c400000, 0x000000008c400000| Untracked 
| 197|0x000000008c500000, 0x000000008c500000, 0x000000008c600000|  0%| F|  |TAMS 0x000000008c500000, 0x000000008c500000| Untracked 
| 198|0x000000008c600000, 0x000000008c600000, 0x000000008c700000|  0%| F|  |TAMS 0x000000008c600000, 0x000000008c600000| Untracked 
| 199|0x000000008c700000, 0x000000008c700000, 0x000000008c800000|  0%| F|  |TAMS 0x000000008c700000, 0x000000008c700000| Untracked 
| 200|0x000000008c800000, 0x000000008c800000, 0x000000008c900000|  0%| F|  |TAMS 0x000000008c800000, 0x000000008c800000| Untracked 
| 201|0x000000008c900000, 0x000000008c900000, 0x000000008ca00000|  0%| F|  |TAMS 0x000000008c900000, 0x000000008c900000| Untracked 
| 202|0x000000008ca00000, 0x000000008ca00000, 0x000000008cb00000|  0%| F|  |TAMS 0x000000008ca00000, 0x000000008ca00000| Untracked 
| 203|0x000000008cb00000, 0x000000008cb00000, 0x000000008cc00000|  0%| F|  |TAMS 0x000000008cb00000, 0x000000008cb00000| Untracked 
| 204|0x000000008cc00000, 0x000000008cc00000, 0x000000008cd00000|  0%| F|  |TAMS 0x000000008cc00000, 0x000000008cc00000| Untracked 
| 205|0x000000008cd00000, 0x000000008cd00000, 0x000000008ce00000|  0%| F|  |TAMS 0x000000008cd00000, 0x000000008cd00000| Untracked 
| 206|0x000000008ce00000, 0x000000008ce00000, 0x000000008cf00000|  0%| F|  |TAMS 0x000000008ce00000, 0x000000008ce00000| Untracked 
| 207|0x000000008cf00000, 0x000000008cf00000, 0x000000008d000000|  0%| F|  |TAMS 0x000000008cf00000, 0x000000008cf00000| Untracked 
| 208|0x000000008d000000, 0x000000008d000000, 0x000000008d100000|  0%| F|  |TAMS 0x000000008d000000, 0x000000008d000000| Untracked 
| 209|0x000000008d100000, 0x000000008d100000, 0x000000008d200000|  0%| F|  |TAMS 0x000000008d100000, 0x000000008d100000| Untracked 
| 210|0x000000008d200000, 0x000000008d200000, 0x000000008d300000|  0%| F|  |TAMS 0x000000008d200000, 0x000000008d200000| Untracked 
| 211|0x000000008d300000, 0x000000008d300000, 0x000000008d400000|  0%| F|  |TAMS 0x000000008d300000, 0x000000008d300000| Untracked 
| 212|0x000000008d400000, 0x000000008d400000, 0x000000008d500000|  0%| F|  |TAMS 0x000000008d400000, 0x000000008d400000| Untracked 
| 213|0x000000008d500000, 0x000000008d500000, 0x000000008d600000|  0%| F|  |TAMS 0x000000008d500000, 0x000000008d500000| Untracked 
| 214|0x000000008d600000, 0x000000008d600000, 0x000000008d700000|  0%| F|  |TAMS 0x000000008d600000, 0x000000008d600000| Untracked 
| 215|0x000000008d700000, 0x000000008d700000, 0x000000008d800000|  0%| F|  |TAMS 0x000000008d700000, 0x000000008d700000| Untracked 
| 216|0x000000008d800000, 0x000000008d800000, 0x000000008d900000|  0%| F|  |TAMS 0x000000008d800000, 0x000000008d800000| Untracked 
| 217|0x000000008d900000, 0x000000008d900000, 0x000000008da00000|  0%| F|  |TAMS 0x000000008d900000, 0x000000008d900000| Untracked 
| 218|0x000000008da00000, 0x000000008da00000, 0x000000008db00000|  0%| F|  |TAMS 0x000000008da00000, 0x000000008da00000| Untracked 
| 219|0x000000008db00000, 0x000000008db00000, 0x000000008dc00000|  0%| F|  |TAMS 0x000000008db00000, 0x000000008db00000| Untracked 
| 220|0x000000008dc00000, 0x000000008dc00000, 0x000000008dd00000|  0%| F|  |TAMS 0x000000008dc00000, 0x000000008dc00000| Untracked 
| 221|0x000000008dd00000, 0x000000008dd00000, 0x000000008de00000|  0%| F|  |TAMS 0x000000008dd00000, 0x000000008dd00000| Untracked 
| 222|0x000000008de00000, 0x000000008de00000, 0x000000008df00000|  0%| F|  |TAMS 0x000000008de00000, 0x000000008de00000| Untracked 
| 223|0x000000008df00000, 0x000000008df00000, 0x000000008e000000|  0%| F|  |TAMS 0x000000008df00000, 0x000000008df00000| Untracked 
| 224|0x000000008e000000, 0x000000008e000000, 0x000000008e100000|  0%| F|  |TAMS 0x000000008e000000, 0x000000008e000000| Untracked 
| 225|0x000000008e100000, 0x000000008e100000, 0x000000008e200000|  0%| F|  |TAMS 0x000000008e100000, 0x000000008e100000| Untracked 
| 226|0x000000008e200000, 0x000000008e200000, 0x000000008e300000|  0%| F|  |TAMS 0x000000008e200000, 0x000000008e200000| Untracked 
| 227|0x000000008e300000, 0x000000008e300000, 0x000000008e400000|  0%| F|  |TAMS 0x000000008e300000, 0x000000008e300000| Untracked 
| 228|0x000000008e400000, 0x000000008e400000, 0x000000008e500000|  0%| F|  |TAMS 0x000000008e400000, 0x000000008e400000| Untracked 
| 229|0x000000008e500000, 0x000000008e500000, 0x000000008e600000|  0%| F|  |TAMS 0x000000008e500000, 0x000000008e500000| Untracked 
| 230|0x000000008e600000, 0x000000008e600000, 0x000000008e700000|  0%| F|  |TAMS 0x000000008e600000, 0x000000008e600000| Untracked 
| 231|0x000000008e700000, 0x000000008e700000, 0x000000008e800000|  0%| F|  |TAMS 0x000000008e700000, 0x000000008e700000| Untracked 
| 232|0x000000008e800000, 0x000000008e800000, 0x000000008e900000|  0%| F|  |TAMS 0x000000008e800000, 0x000000008e800000| Untracked 
| 233|0x000000008e900000, 0x000000008e900000, 0x000000008ea00000|  0%| F|  |TAMS 0x000000008e900000, 0x000000008e900000| Untracked 
| 234|0x000000008ea00000, 0x000000008ea00000, 0x000000008eb00000|  0%| F|  |TAMS 0x000000008ea00000, 0x000000008ea00000| Untracked 
| 235|0x000000008eb00000, 0x000000008eb00000, 0x000000008ec00000|  0%| F|  |TAMS 0x000000008eb00000, 0x000000008eb00000| Untracked 
| 236|0x000000008ec00000, 0x000000008ec00000, 0x000000008ed00000|  0%| F|  |TAMS 0x000000008ec00000, 0x000000008ec00000| Untracked 
| 237|0x000000008ed00000, 0x000000008ed00000, 0x000000008ee00000|  0%| F|  |TAMS 0x000000008ed00000, 0x000000008ed00000| Untracked 
| 238|0x000000008ee00000, 0x000000008ee00000, 0x000000008ef00000|  0%| F|  |TAMS 0x000000008ee00000, 0x000000008ee00000| Untracked 
| 239|0x000000008ef00000, 0x000000008ef00000, 0x000000008f000000|  0%| F|  |TAMS 0x000000008ef00000, 0x000000008ef00000| Untracked 
| 240|0x000000008f000000, 0x000000008f000000, 0x000000008f100000|  0%| F|  |TAMS 0x000000008f000000, 0x000000008f000000| Untracked 
| 241|0x000000008f100000, 0x000000008f100000, 0x000000008f200000|  0%| F|  |TAMS 0x000000008f100000, 0x000000008f100000| Untracked 
| 242|0x000000008f200000, 0x000000008f200000, 0x000000008f300000|  0%| F|  |TAMS 0x000000008f200000, 0x000000008f200000| Untracked 
| 243|0x000000008f300000, 0x000000008f300000, 0x000000008f400000|  0%| F|  |TAMS 0x000000008f300000, 0x000000008f300000| Untracked 
| 244|0x000000008f400000, 0x000000008f400000, 0x000000008f500000|  0%| F|  |TAMS 0x000000008f400000, 0x000000008f400000| Untracked 
| 245|0x000000008f500000, 0x000000008f540028, 0x000000008f600000| 25%| E|  |TAMS 0x000000008f500000, 0x000000008f500000| Complete 
| 246|0x000000008f600000, 0x000000008f700000, 0x000000008f700000|100%| E|CS|TAMS 0x000000008f600000, 0x000000008f600000| Complete 
| 247|0x000000008f700000, 0x000000008f800000, 0x000000008f800000|100%| E|CS|TAMS 0x000000008f700000, 0x000000008f700000| Complete 

Card table byte_map: [0x000001f6591b0000,0x000001f6595b0000] _byte_map_base: 0x000001f658db0000

Marking Bits (Prev, Next): (CMBitMap*) 0x000001f64604ecd0, (CMBitMap*) 0x000001f64604ec98
 Prev Bits: [0x000001f65b9b0000, 0x000001f65d9b0000)
 Next Bits: [0x000001f6599b0000, 0x000001f65b9b0000)

Polling page: 0x000001f643f50000

Metaspace:

Usage:
  Non-class:     83.69 MB capacity,    82.05 MB ( 98%) used,     1.34 MB (  2%) free+waste,   307.31 KB ( <1%) overhead. 
      Class:     13.37 MB capacity,    12.41 MB ( 93%) used,   843.33 KB (  6%) free+waste,   141.19 KB (  1%) overhead. 
       Both:     97.06 MB capacity,    94.46 MB ( 97%) used,     2.17 MB (  2%) free+waste,   448.50 KB ( <1%) overhead. 

Virtual space:
  Non-class space:       84.00 MB reserved,      83.75 MB (>99%) committed 
      Class space:        1.00 GB reserved,      13.45 MB (  1%) committed 
             Both:        1.08 GB reserved,      97.20 MB (  9%) committed 

Chunk freelists:
   Non-Class:  0 bytes
       Class:  35.00 KB
        Both:  35.00 KB

MaxMetaspaceSize: 17179869184.00 GB
CompressedClassSpaceSize: 1.00 GB

CodeHeap 'non-profiled nmethods': size=120000Kb used=5996Kb max_used=5996Kb free=114003Kb
 bounds [0x000001f651540000, 0x000001f651b20000, 0x000001f658a70000]
CodeHeap 'profiled nmethods': size=120000Kb used=26374Kb max_used=26374Kb free=93625Kb
 bounds [0x000001f64a010000, 0x000001f64b9e0000, 0x000001f651540000]
CodeHeap 'non-nmethods': size=5760Kb used=2309Kb max_used=2343Kb free=3450Kb
 bounds [0x000001f649a70000, 0x000001f649ce0000, 0x000001f64a010000]
 total_blobs=12988 nmethods=12072 adapters=826
 compilation: enabled
              stopped_count=0, restarted_count=0
 full_count=0

Compilation events (20 events):
Event: 32.904 Thread 0x000001f660d02000 nmethod 12313 0x000001f64b921810 code [0x000001f64b922140, 0x000001f64b928278]
Event: 32.905 Thread 0x000001f660d02000 12477 %     3       com.android.tools.r8.ir.regalloc.a::a @ 2121 (3985 bytes)
Event: 32.998 Thread 0x000001f660d02000 nmethod 12477% 0x000001f64b92a310 code [0x000001f64b92c400, 0x000001f64b942388]
Event: 32.998 Thread 0x000001f660d02000 12497       2       com.android.tools.r8.graph.c0::a (258 bytes)
Event: 33.000 Thread 0x000001f660d02000 nmethod 12497 0x000001f64b949910 code [0x000001f64b949b20, 0x000001f64b94a208]
Event: 33.000 Thread 0x000001f660d02000 12505       2       java.util.IdentityHashMap$IdentityHashMapIterator::hasNext (50 bytes)
Event: 33.001 Thread 0x000001f660d02000 nmethod 12505 0x000001f64b94a590 code [0x000001f64b94a740, 0x000001f64b94a8f8]
Event: 33.001 Thread 0x000001f660d02000 12504       2       java.util.IdentityHashMap$KeySet::iterator (12 bytes)
Event: 33.001 Thread 0x000001f660d02000 nmethod 12504 0x000001f64b94aa10 code [0x000001f64b94abc0, 0x000001f64b94ada8]
Event: 33.001 Thread 0x000001f660d02000 12491       3       java.util.Collection::removeIf (51 bytes)
Event: 33.002 Thread 0x000001f660d02000 nmethod 12491 0x000001f64b94ae90 code [0x000001f64b94b0c0, 0x000001f64b94b838]
Event: 33.002 Thread 0x000001f660d02000 12493 %     3       java.util.AbstractCollection::removeAll @ 12 (49 bytes)
Event: 33.003 Thread 0x000001f660d02000 nmethod 12493% 0x000001f64b94ba90 code [0x000001f64b94bcc0, 0x000001f64b94c4b8]
Event: 33.003 Thread 0x000001f660d02000 12487 %     3       com.android.tools.r8.ir.regalloc.a::a @ 9 (118 bytes)
Event: 33.004 Thread 0x000001f660d02000 nmethod 12487% 0x000001f64b94c710 code [0x000001f64b94c920, 0x000001f64b94cf88]
Event: 33.004 Thread 0x000001f660d02000 12484       3       java.util.IdentityHashMap$KeySet::toArray (139 bytes)
Event: 33.006 Thread 0x000001f660d02000 nmethod 12484 0x000001f64b94d190 code [0x000001f64b94d420, 0x000001f64b94e018]
Event: 33.006 Thread 0x000001f660d02000 12488 %     3       com.android.tools.r8.graph.z::a @ 5 (34 bytes)
Event: 33.007 Thread 0x000001f660d02000 nmethod 12488% 0x000001f64b94e490 code [0x000001f64b94e660, 0x000001f64b94e9e8]
Event: 33.007 Thread 0x000001f660d02000 12308       2       com.android.tools.r8.internal.E7::s (1713 bytes)

GC Heap History (20 events):
Event: 27.927 GC heap before
{Heap before GC invocations=25 (full 0):
 garbage-first heap   total 152576K, used 120097K [0x0000000080000000, 0x0000000100000000)
  region size 1024K, 56 young (57344K), 5 survivors (5120K)
 Metaspace       used 82402K, capacity 84527K, committed 85196K, reserved 1122304K
  class space    used 10675K, capacity 11452K, committed 11724K, reserved 1048576K
}
Event: 27.938 GC heap after
{Heap after GC invocations=26 (full 0):
 garbage-first heap   total 152576K, used 71268K [0x0000000080000000, 0x0000000100000000)
  region size 1024K, 4 young (4096K), 4 survivors (4096K)
 Metaspace       used 82402K, capacity 84527K, committed 85196K, reserved 1122304K
  class space    used 10675K, capacity 11452K, committed 11724K, reserved 1048576K
}
Event: 28.262 GC heap before
{Heap before GC invocations=26 (full 0):
 garbage-first heap   total 152576K, used 122468K [0x0000000080000000, 0x0000000100000000)
  region size 1024K, 55 young (56320K), 4 survivors (4096K)
 Metaspace       used 85086K, capacity 87336K, committed 87756K, reserved 1124352K
  class space    used 11029K, capacity 11811K, committed 11980K, reserved 1048576K
}
Event: 28.274 GC heap after
{Heap after GC invocations=27 (full 0):
 garbage-first heap   total 152576K, used 80896K [0x0000000080000000, 0x0000000100000000)
  region size 1024K, 7 young (7168K), 7 survivors (7168K)
 Metaspace       used 85086K, capacity 87336K, committed 87756K, reserved 1124352K
  class space    used 11029K, capacity 11811K, committed 11980K, reserved 1048576K
}
Event: 28.771 GC heap before
{Heap before GC invocations=27 (full 0):
 garbage-first heap   total 152576K, used 121856K [0x0000000080000000, 0x0000000100000000)
  region size 1024K, 48 young (49152K), 7 survivors (7168K)
 Metaspace       used 88049K, capacity 90390K, committed 90700K, reserved 1128448K
  class space    used 11447K, capacity 12288K, committed 12364K, reserved 1048576K
}
Event: 28.791 GC heap after
{Heap after GC invocations=28 (full 0):
 garbage-first heap   total 152576K, used 86702K [0x0000000080000000, 0x0000000100000000)
  region size 1024K, 6 young (6144K), 6 survivors (6144K)
 Metaspace       used 88049K, capacity 90390K, committed 90700K, reserved 1128448K
  class space    used 11447K, capacity 12288K, committed 12364K, reserved 1048576K
}
Event: 29.173 GC heap before
{Heap before GC invocations=29 (full 0):
 garbage-first heap   total 152576K, used 122542K [0x0000000080000000, 0x0000000100000000)
  region size 1024K, 41 young (41984K), 6 survivors (6144K)
 Metaspace       used 89303K, capacity 91624K, committed 91980K, reserved 1128448K
  class space    used 11633K, capacity 12486K, committed 12620K, reserved 1048576K
}
Event: 29.195 GC heap after
{Heap after GC invocations=30 (full 0):
 garbage-first heap   total 152576K, used 93184K [0x0000000080000000, 0x0000000100000000)
  region size 1024K, 6 young (6144K), 6 survivors (6144K)
 Metaspace       used 89303K, capacity 91624K, committed 91980K, reserved 1128448K
  class space    used 11633K, capacity 12486K, committed 12620K, reserved 1048576K
}
Event: 29.534 GC heap before
{Heap before GC invocations=30 (full 0):
 garbage-first heap   total 152576K, used 122880K [0x0000000080000000, 0x0000000100000000)
  region size 1024K, 36 young (36864K), 6 survivors (6144K)
 Metaspace       used 90561K, capacity 93015K, committed 93132K, reserved 1130496K
  class space    used 11809K, capacity 12718K, committed 12748K, reserved 1048576K
}
Event: 29.578 GC heap after
{Heap after GC invocations=31 (full 0):
 garbage-first heap   total 183296K, used 98849K [0x0000000080000000, 0x0000000100000000)
  region size 1024K, 5 young (5120K), 5 survivors (5120K)
 Metaspace       used 90561K, capacity 93015K, committed 93132K, reserved 1130496K
  class space    used 11809K, capacity 12718K, committed 12748K, reserved 1048576K
}
Event: 30.710 GC heap before
{Heap before GC invocations=31 (full 0):
 garbage-first heap   total 183296K, used 137761K [0x0000000080000000, 0x0000000100000000)
  region size 1024K, 43 young (44032K), 5 survivors (5120K)
 Metaspace       used 91334K, capacity 93778K, committed 94412K, reserved 1130496K
  class space    used 11911K, capacity 12771K, committed 13004K, reserved 1048576K
}
Event: 30.740 GC heap after
{Heap after GC invocations=32 (full 0):
 garbage-first heap   total 183296K, used 105622K [0x0000000080000000, 0x0000000100000000)
  region size 1024K, 6 young (6144K), 6 survivors (6144K)
 Metaspace       used 91334K, capacity 93778K, committed 94412K, reserved 1130496K
  class space    used 11911K, capacity 12771K, committed 13004K, reserved 1048576K
}
Event: 31.199 GC heap before
{Heap before GC invocations=33 (full 0):
 garbage-first heap   total 183296K, used 142486K [0x0000000080000000, 0x0000000100000000)
  region size 1024K, 42 young (43008K), 6 survivors (6144K)
 Metaspace       used 94117K, capacity 96700K, committed 96972K, reserved 1132544K
  class space    used 12435K, capacity 13393K, committed 13516K, reserved 1048576K
}
Event: 31.222 GC heap after
{Heap after GC invocations=34 (full 0):
 garbage-first heap   total 183296K, used 109818K [0x0000000080000000, 0x0000000100000000)
  region size 1024K, 4 young (4096K), 4 survivors (4096K)
 Metaspace       used 94117K, capacity 96700K, committed 96972K, reserved 1132544K
  class space    used 12435K, capacity 13393K, committed 13516K, reserved 1048576K
}
Event: 31.572 GC heap before
{Heap before GC invocations=34 (full 0):
 garbage-first heap   total 183296K, used 145658K [0x0000000080000000, 0x0000000100000000)
  region size 1024K, 39 young (39936K), 4 survivors (4096K)
 Metaspace       used 95947K, capacity 98688K, committed 98892K, reserved 1134592K
  class space    used 12624K, capacity 13620K, committed 13644K, reserved 1048576K
}
Event: 31.587 GC heap after
{Heap after GC invocations=35 (full 0):
 garbage-first heap   total 183296K, used 111673K [0x0000000080000000, 0x0000000100000000)
  region size 1024K, 3 young (3072K), 3 survivors (3072K)
 Metaspace       used 95947K, capacity 98688K, committed 98892K, reserved 1134592K
  class space    used 12624K, capacity 13620K, committed 13644K, reserved 1048576K
}
Event: 31.881 GC heap before
{Heap before GC invocations=35 (full 0):
 garbage-first heap   total 183296K, used 147513K [0x0000000080000000, 0x0000000100000000)
  region size 1024K, 39 young (39936K), 3 survivors (3072K)
 Metaspace       used 96186K, capacity 98876K, committed 99020K, reserved 1134592K
  class space    used 12670K, capacity 13661K, committed 13772K, reserved 1048576K
}
Event: 31.897 GC heap after
{Heap after GC invocations=36 (full 0):
 garbage-first heap   total 253952K, used 111996K [0x0000000080000000, 0x0000000100000000)
  region size 1024K, 3 young (3072K), 3 survivors (3072K)
 Metaspace       used 96186K, capacity 98876K, committed 99020K, reserved 1134592K
  class space    used 12670K, capacity 13661K, committed 13772K, reserved 1048576K
}
Event: 32.810 GC heap before
{Heap before GC invocations=37 (full 0):
 garbage-first heap   total 253952K, used 174460K [0x0000000080000000, 0x0000000100000000)
  region size 1024K, 64 young (65536K), 3 survivors (3072K)
 Metaspace       used 96601K, capacity 99343K, committed 99532K, reserved 1134592K
  class space    used 12688K, capacity 13676K, committed 13772K, reserved 1048576K
}
Event: 32.823 GC heap after
{Heap after GC invocations=38 (full 0):
 garbage-first heap   total 253952K, used 111213K [0x0000000080000000, 0x0000000100000000)
  region size 1024K, 2 young (2048K), 2 survivors (2048K)
 Metaspace       used 96601K, capacity 99343K, committed 99532K, reserved 1134592K
  class space    used 12688K, capacity 13676K, committed 13772K, reserved 1048576K
}

Deoptimization events (20 events):
Event: 32.848 Thread 0x000001f663657800 Uncommon trap: trap_request=0xffffffbe fr.pc=0x000001f651adcab0 relative=0x0000000000000210
Event: 32.848 Thread 0x000001f663657800 Uncommon trap: reason=profile_predicate action=maybe_recompile pc=0x000001f651adcab0 method=com.android.tools.r8.graph.c0.a([C)I @ 8 c2
Event: 32.848 Thread 0x000001f663657800 DEOPT PACKING pc=0x000001f651adcab0 sp=0x000000d9e6ef9bf0
Event: 32.848 Thread 0x000001f663657800 DEOPT UNPACKING pc=0x000001f649a978af sp=0x000000d9e6ef9b78 mode 2
Event: 32.848 Thread 0x000001f663657800 Uncommon trap: trap_request=0xffffffbe fr.pc=0x000001f651adcab0 relative=0x0000000000000210
Event: 32.848 Thread 0x000001f663657800 Uncommon trap: reason=profile_predicate action=maybe_recompile pc=0x000001f651adcab0 method=com.android.tools.r8.graph.c0.a([C)I @ 8 c2
Event: 32.849 Thread 0x000001f663657800 DEOPT PACKING pc=0x000001f651adcab0 sp=0x000000d9e6ef9bf0
Event: 32.849 Thread 0x000001f663657800 DEOPT UNPACKING pc=0x000001f649a978af sp=0x000000d9e6ef9b78 mode 2
Event: 32.849 Thread 0x000001f663657800 Uncommon trap: trap_request=0xffffffbe fr.pc=0x000001f651adcab0 relative=0x0000000000000210
Event: 32.849 Thread 0x000001f663657800 Uncommon trap: reason=profile_predicate action=maybe_recompile pc=0x000001f651adcab0 method=com.android.tools.r8.graph.c0.a([C)I @ 8 c2
Event: 32.849 Thread 0x000001f663657800 DEOPT PACKING pc=0x000001f651adcab0 sp=0x000000d9e6ef9bf0
Event: 32.849 Thread 0x000001f663657800 DEOPT UNPACKING pc=0x000001f649a978af sp=0x000000d9e6ef9b78 mode 2
Event: 32.927 Thread 0x000001f66113b000 DEOPT PACKING pc=0x000001f64b82286b sp=0x000000d9e6af9790
Event: 32.927 Thread 0x000001f66113b000 DEOPT UNPACKING pc=0x000001f649a976ce sp=0x000000d9e6af8c48 mode 0
Event: 32.959 Thread 0x000001f663657800 Uncommon trap: trap_request=0xffffff4d fr.pc=0x000001f651adca98 relative=0x00000000000001f8
Event: 32.959 Thread 0x000001f663657800 Uncommon trap: reason=unstable_if action=reinterpret pc=0x000001f651adca98 method=com.android.tools.r8.graph.c0.a([C)I @ 44 c2
Event: 32.959 Thread 0x000001f663657800 DEOPT PACKING pc=0x000001f651adca98 sp=0x000000d9e6ef9bf0
Event: 32.959 Thread 0x000001f663657800 DEOPT UNPACKING pc=0x000001f649a978af sp=0x000000d9e6ef9b68 mode 2
Event: 33.027 Thread 0x000001f66113b000 DEOPT PACKING pc=0x000001f64b94a875 sp=0x000000d9e6af9930
Event: 33.028 Thread 0x000001f66113b000 DEOPT UNPACKING pc=0x000001f649a976ce sp=0x000000d9e6af8dc0 mode 0

Classes redefined (0 events):
No events

Internal exceptions (20 events):
Event: 30.794 Thread 0x000001f663656800 Exception <a 'java/lang/NoSuchMethodError'{0x000000008acd43a0}: 'void java.lang.invoke.DirectMethodHandle$Holder.invokeVirtual(java.lang.Object, java.lang.Object, int, java.lang.Object)'> (0x000000008acd43a0) thrown at [./src/hotspot/share/interpreter/linkResolver.cpp, line 773]
Event: 30.915 Thread 0x000001f663656800 Exception <a 'java/lang/NoSuchMethodError'{0x000000008a7faf08}: 'int java.lang.invoke.DirectMethodHandle$Holder.invokeSpecial(java.lang.Object, java.lang.Object, java.lang.Object, int, java.lang.Object)'> (0x000000008a7faf08) thrown at [./src/hotspot/share/interpreter/linkResolver.cpp, line 773]
Event: 30.920 Thread 0x000001f663653800 Exception <a 'java/lang/NoSuchMethodError'{0x000000008a5beb68}: 'int java.lang.invoke.DirectMethodHandle$Holder.invokeSpecial(java.lang.Object, java.lang.Object, java.lang.Object, int, java.lang.Object)'> (0x000000008a5beb68) thrown at [./src/hotspot/share/interpreter/linkResolver.cpp, line 773]
Event: 30.945 Thread 0x000001f66113a000 Exception <a 'java/lang/NoSuchMethodError'{0x000000008a2a9740}: 'java.lang.Object java.lang.invoke.DirectMethodHandle$Holder.newInvokeSpecial(java.lang.Object, int)'> (0x000000008a2a9740) thrown at [./src/hotspot/share/interpreter/linkResolver.cpp, line 773]
Event: 30.945 Thread 0x000001f663654000 Exception <a 'java/lang/NoSuchMethodError'{0x000000008a4a7b68}: 'java.lang.Object java.lang.invoke.DirectMethodHandle$Holder.newInvokeSpecial(java.lang.Object, int)'> (0x000000008a4a7b68) thrown at [./src/hotspot/share/interpreter/linkResolver.cpp, line 773]
Event: 30.945 Thread 0x000001f663653800 Exception <a 'java/lang/NoSuchMethodError'{0x000000008a146988}: 'java.lang.Object java.lang.invoke.DirectMethodHandle$Holder.newInvokeSpecial(java.lang.Object, int)'> (0x000000008a146988) thrown at [./src/hotspot/share/interpreter/linkResolver.cpp, line 773]
Event: 30.946 Thread 0x000001f661139800 Exception <a 'java/lang/NoSuchMethodError'{0x000000008a455ff0}: 'java.lang.Object java.lang.invoke.DirectMethodHandle$Holder.newInvokeSpecial(java.lang.Object, int)'> (0x000000008a455ff0) thrown at [./src/hotspot/share/interpreter/linkResolver.cpp, line 773]
Event: 30.946 Thread 0x000001f663656800 Exception <a 'java/lang/NoSuchMethodError'{0x000000008a2ff570}: 'java.lang.Object java.lang.invoke.DirectMethodHandle$Holder.newInvokeSpecial(java.lang.Object, int)'> (0x000000008a2ff570) thrown at [./src/hotspot/share/interpreter/linkResolver.cpp, line 773]
Event: 31.002 Thread 0x000001f666fda800 Exception <a 'java/lang/NoSuchMethodError'{0x0000000089c796b0}: 'int java.lang.invoke.DirectMethodHandle$Holder.invokeSpecialIFC(java.lang.Object, java.lang.Object, java.lang.Object)'> (0x0000000089c796b0) thrown at [./src/hotspot/share/interpreter/linkResolver.cpp, line 773]
Event: 31.026 Thread 0x000001f663657800 Exception <a 'java/lang/NoSuchMethodError'{0x0000000089a142d0}: 'java.lang.Object java.lang.invoke.DirectMethodHandle$Holder.invokeInterface(java.lang.Object, java.lang.Object, int)'> (0x0000000089a142d0) thrown at [./src/hotspot/share/interpreter/linkResolver.cpp, line 773]
Event: 31.127 Thread 0x000001f663654000 Exception <a 'java/lang/NoSuchMethodError'{0x00000000895219d0}: 'java.lang.Object java.lang.invoke.DirectMethodHandle$Holder.invokeSpecial(java.lang.Object, java.lang.Object, java.lang.Object, java.lang.Object, java.lang.Object, java.lang.Object, java.lang.Object, java.lang.Object, java.lang.Object, java.lang.Object, java.lang.Object)'> (0x00000000895219d0) thrown at [./src/hotspot/share/interpreter/linkResolver.cpp, line 773]
Event: 31.128 Thread 0x000001f663654000 Exception <a 'java/lang/NoSuchMethodError'{0x00000000895cb5f8}: 'java.lang.Object java.lang.invoke.Invokers$Holder.linkToTargetMethod(java.lang.Object, java.lang.Object, java.lang.Object, java.lang.Object, java.lang.Object, java.lang.Object, java.lang.Object, java.lang.Object, java.lang.Object, java.lang.Object)'> (0x00000000895cb5f8) thrown at [./src/hotspot/share/interpreter/linkResolver.cpp, line 773]
Event: 31.149 Thread 0x000001f663654000 Exception <a 'java/lang/IncompatibleClassChangeError'{0x00000000893c2328}: Found class java.lang.Object, but interface was expected> (0x00000000893c2328) thrown at [./src/hotspot/share/interpreter/linkResolver.cpp, line 839]
Event: 31.294 Thread 0x000001f663653800 Exception <a 'java/lang/NoSuchMethodError'{0x000000008abbf900}: 'void java.lang.invoke.DirectMethodHandle$Holder.invokeSpecial(java.lang.Object, java.lang.Object, int, java.lang.Object, java.lang.Object, java.lang.Object, java.lang.Object)'> (0x000000008abbf900) thrown at [./src/hotspot/share/interpreter/linkResolver.cpp, line 773]
Event: 31.295 Thread 0x000001f663653800 Exception <a 'java/lang/NoSuchMethodError'{0x000000008aa02d10}: 'java.lang.Object java.lang.invoke.Invokers$Holder.linkToTargetMethod(java.lang.Object, int, java.lang.Object, java.lang.Object, java.lang.Object, java.lang.Object)'> (0x000000008aa02d10) thrown at [./src/hotspot/share/interpreter/linkResolver.cpp, line 773]
Event: 31.296 Thread 0x000001f663653800 Exception <a 'java/lang/NoSuchMethodError'{0x000000008aa071c0}: 'void java.lang.invoke.DirectMethodHandle$Holder.invokeSpecial(java.lang.Object, java.lang.Object, java.lang.Object, java.lang.Object, java.lang.Object, java.lang.Object, java.lang.Object, java.lang.Object, java.lang.Object)'> (0x000000008aa071c0) thrown at [./src/hotspot/share/interpreter/linkResolver.cpp, line 773]
Event: 31.301 Thread 0x000001f663653800 Exception <a 'java/lang/NoSuchMethodError'{0x000000008aa5e2e8}: 'void java.lang.invoke.DirectMethodHandle$Holder.invokeStatic(java.lang.Object, java.lang.Object, java.lang.Object, java.lang.Object, java.lang.Object, java.lang.Object, java.lang.Object, java.lang.Object)'> (0x000000008aa5e2e8) thrown at [./src/hotspot/share/interpreter/linkResolver.cpp, line 773]
Event: 31.487 Thread 0x000001f663653800 Exception <a 'java/lang/IncompatibleClassChangeError'{0x00000000899b7198}: Found class java.lang.Object, but interface was expected> (0x00000000899b7198) thrown at [./src/hotspot/share/interpreter/linkResolver.cpp, line 839]
Event: 31.907 Thread 0x000001f663653800 Exception <a 'java/lang/NoSuchMethodError'{0x000000008f608648}: 'void java.lang.invoke.DirectMethodHandle$Holder.invokeVirtual(java.lang.Object, java.lang.Object, int)'> (0x000000008f608648) thrown at [./src/hotspot/share/interpreter/linkResolver.cpp, line 773]
Event: 32.386 Thread 0x000001f663653800 Exception <a 'sun/nio/fs/WindowsException'{0x000000008e256d30}> (0x000000008e256d30) thrown at [./src/hotspot/share/prims/jni.cpp, line 615]

Events (20 events):
Event: 32.956 loading class org/gradle/internal/execution/steps/ExecuteStep$Operation$Result
Event: 32.956 loading class org/gradle/internal/execution/steps/ExecuteStep$Operation$Result done
Event: 32.973 loading class java/util/IdentityHashMap$ValueIterator
Event: 32.974 loading class java/util/IdentityHashMap$ValueIterator done
Event: 32.974 Executing VM operation: Deoptimize
Event: 32.994 Executing VM operation: Deoptimize done
Event: 32.995 loading class org/gradle/internal/execution/steps/ExecuteStep$Operation$Result$1
Event: 32.995 loading class org/gradle/internal/execution/steps/ExecuteStep$Operation$Result$1 done
Event: 33.011 loading class org/gradle/internal/execution/UnitOfWork
Event: 33.011 loading class org/gradle/internal/execution/UnitOfWork done
Event: 33.012 loading class org/gradle/internal/operations/BuildOperationContext
Event: 33.012 loading class org/gradle/internal/operations/BuildOperationContext done
Event: 33.012 loading class org/gradle/internal/execution/steps/CaptureStateAfterExecutionStep
Event: 33.012 loading class org/gradle/internal/execution/steps/CaptureStateAfterExecutionStep done
Event: 33.014 loading class org/gradle/internal/execution/steps/CaptureStateAfterExecutionStep$Operation$Details
Event: 33.014 loading class org/gradle/internal/execution/steps/CaptureStateAfterExecutionStep$Operation$Details done
Event: 33.016 loading class org/gradle/internal/execution/steps/CaptureStateAfterExecutionStep$Operation$Details$1
Event: 33.016 loading class org/gradle/internal/execution/steps/CaptureStateAfterExecutionStep$Operation$Details$1 done
Event: 33.022 loading class org/gradle/internal/execution/history/BeforeExecutionState
Event: 33.022 loading class org/gradle/internal/execution/history/BeforeExecutionState done


Dynamic libraries:
0x00007ff657c40000 - 0x00007ff657c4a000 	C:\Program Files\Android\Android Studio\jre\bin\java.exe
0x00007ff9c78f0000 - 0x00007ff9c7ae5000 	C:\WINDOWS\SYSTEM32\ntdll.dll
0x00007ff9a9190000 - 0x00007ff9a91a5000 	C:\Program Files\Avast Software\Avast\aswhook.dll
0x00007ff9c77d0000 - 0x00007ff9c788d000 	C:\WINDOWS\System32\KERNEL32.DLL
0x00007ff9c5020000 - 0x00007ff9c52e9000 	C:\WINDOWS\System32\KERNELBASE.dll
0x00007ff9c54b0000 - 0x00007ff9c55b0000 	C:\WINDOWS\System32\ucrtbase.dll
0x00007ff9bf1e0000 - 0x00007ff9bf1f7000 	C:\Program Files\Android\Android Studio\jre\bin\VCRUNTIME140.dll
0x00007ff9bf2e0000 - 0x00007ff9bf2f9000 	C:\Program Files\Android\Android Studio\jre\bin\jli.dll
0x00007ff9c6590000 - 0x00007ff9c6730000 	C:\WINDOWS\System32\USER32.dll
0x00007ff9c5320000 - 0x00007ff9c5342000 	C:\WINDOWS\System32\win32u.dll
0x00007ff9c6a20000 - 0x00007ff9c6a4a000 	C:\WINDOWS\System32\GDI32.dll
0x00007ff9c5350000 - 0x00007ff9c545b000 	C:\WINDOWS\System32\gdi32full.dll
0x00007ff9c55b0000 - 0x00007ff9c564d000 	C:\WINDOWS\System32\msvcp_win.dll
0x00007ff9b3770000 - 0x00007ff9b3a0a000 	C:\WINDOWS\WinSxS\amd64_microsoft.windows.common-controls_6595b64144ccf1df_6.0.19041.1110_none_60b5254171f9507e\COMCTL32.dll
0x00007ff9c6f40000 - 0x00007ff9c6fde000 	C:\WINDOWS\System32\msvcrt.dll
0x00007ff9c75a0000 - 0x00007ff9c75d0000 	C:\WINDOWS\System32\IMM32.DLL
0x00007ff9c4cc0000 - 0x00007ff9c4db7000 	C:\Windows\system32\guard64.dll
0x00007ff9c5950000 - 0x00007ff9c59fc000 	C:\WINDOWS\System32\ADVAPI32.dll
0x00007ff9c75d0000 - 0x00007ff9c766b000 	C:\WINDOWS\System32\sechost.dll
0x00007ff9c6730000 - 0x00007ff9c685a000 	C:\WINDOWS\System32\RPCRT4.dll
0x00007ff9c4cb0000 - 0x00007ff9c4cba000 	C:\WINDOWS\system32\version.dll
0x00007ff9c72b0000 - 0x00007ff9c73da000 	C:\WINDOWS\System32\ole32.dll
0x00007ff9c5a00000 - 0x00007ff9c5d55000 	C:\WINDOWS\System32\combase.dll
0x00007ff9c4ca0000 - 0x00007ff9c4cab000 	C:\WINDOWS\system32\fltlib.dll
0x00007ff9c5e50000 - 0x00007ff9c658f000 	C:\WINDOWS\System32\shell32.dll
0x00007ff9a5c50000 - 0x00007ff9a5ced000 	C:\Program Files\Android\Android Studio\jre\bin\msvcp140.dll
0x00007ff949580000 - 0x00007ff94a04f000 	C:\Program Files\Android\Android Studio\jre\bin\server\jvm.dll
0x00007ff9c6a10000 - 0x00007ff9c6a18000 	C:\WINDOWS\System32\PSAPI.DLL
0x00007ff9b1d90000 - 0x00007ff9b1d99000 	C:\WINDOWS\SYSTEM32\WSOCK32.dll
0x00007ff9c76d0000 - 0x00007ff9c773b000 	C:\WINDOWS\System32\WS2_32.dll
0x00007ff9b3520000 - 0x00007ff9b3547000 	C:\WINDOWS\SYSTEM32\WINMM.dll
0x00007ff9c37c0000 - 0x00007ff9c37d2000 	C:\WINDOWS\SYSTEM32\kernel.appcore.dll
0x00007ff9bf3e0000 - 0x00007ff9bf3f1000 	C:\Program Files\Android\Android Studio\jre\bin\verify.dll
0x00007ff9c34a0000 - 0x00007ff9c3684000 	C:\WINDOWS\SYSTEM32\DBGHELP.DLL
0x00007ff9baff0000 - 0x00007ff9bb01c000 	C:\WINDOWS\SYSTEM32\dbgcore.DLL
0x00007ff9c5810000 - 0x00007ff9c5893000 	C:\WINDOWS\System32\bcryptPrimitives.dll
0x00007ff9beb10000 - 0x00007ff9beb39000 	C:\Program Files\Android\Android Studio\jre\bin\java.dll
0x00007ff9bef80000 - 0x00007ff9bef8b000 	C:\Program Files\Android\Android Studio\jre\bin\jimage.dll
0x00007ff9beaf0000 - 0x00007ff9beb08000 	C:\Program Files\Android\Android Studio\jre\bin\zip.dll
0x00007ff9c2c40000 - 0x00007ff9c33d0000 	C:\WINDOWS\SYSTEM32\windows.storage.dll
0x00007ff9c4960000 - 0x00007ff9c498c000 	C:\WINDOWS\SYSTEM32\Wldp.dll
0x00007ff9c7440000 - 0x00007ff9c74ee000 	C:\WINDOWS\System32\SHCORE.dll
0x00007ff9c5d60000 - 0x00007ff9c5db5000 	C:\WINDOWS\System32\shlwapi.dll
0x00007ff9c4f60000 - 0x00007ff9c4f7f000 	C:\WINDOWS\SYSTEM32\profapi.dll
0x00007ff9bea10000 - 0x00007ff9bea2a000 	C:\Program Files\Android\Android Studio\jre\bin\net.dll
0x00007ff9bd960000 - 0x00007ff9bda68000 	C:\WINDOWS\SYSTEM32\WINHTTP.dll
0x00007ff9c46c0000 - 0x00007ff9c472a000 	C:\WINDOWS\system32\mswsock.dll
0x00007ff9bd8d0000 - 0x00007ff9bd8e4000 	C:\Program Files\Android\Android Studio\jre\bin\nio.dll
0x00007ff9a8d90000 - 0x00007ff9a8db7000 	C:\Users\Mich01\.gradle\native\8bec1ad78214c89d9ad589b4d07fe93259594b29d510b10fafb7a158f7737e5d\windows-amd64\native-platform.dll
0x00007ff9a5fc0000 - 0x00007ff9a60fd000 	C:\Users\Mich01\.gradle\native\53dbd7edfb1c66fb8903c78663c9afc45aea4f116125fa6feffd364cf09443e8\windows-amd64\native-platform-file-events.dll
0x00007ff9bd8a0000 - 0x00007ff9bd8aa000 	C:\Program Files\Android\Android Studio\jre\bin\management.dll
0x00007ff9bc590000 - 0x00007ff9bc59c000 	C:\Program Files\Android\Android Studio\jre\bin\management_ext.dll
0x00007ff9c48b0000 - 0x00007ff9c48c8000 	C:\WINDOWS\SYSTEM32\CRYPTSP.dll
0x00007ff9c3fd0000 - 0x00007ff9c4004000 	C:\WINDOWS\system32\rsaenh.dll
0x00007ff9c52f0000 - 0x00007ff9c5317000 	C:\WINDOWS\System32\bcrypt.dll
0x00007ff9c4ee0000 - 0x00007ff9c4f0e000 	C:\WINDOWS\SYSTEM32\USERENV.dll
0x00007ff9c48d0000 - 0x00007ff9c48dc000 	C:\WINDOWS\SYSTEM32\CRYPTBASE.dll
0x00007ff9c4360000 - 0x00007ff9c439b000 	C:\WINDOWS\SYSTEM32\IPHLPAPI.DLL
0x00007ff9c5e40000 - 0x00007ff9c5e48000 	C:\WINDOWS\System32\NSI.dll
0x00007ff9bb060000 - 0x00007ff9bb077000 	C:\WINDOWS\SYSTEM32\dhcpcsvc6.DLL
0x00007ff9bb040000 - 0x00007ff9bb05d000 	C:\WINDOWS\SYSTEM32\dhcpcsvc.DLL
0x00007ff9c43b0000 - 0x00007ff9c447c000 	C:\WINDOWS\SYSTEM32\DNSAPI.dll

dbghelp: loaded successfully - version: 4.0.5 - missing functions: none
symbol engine: initialized successfully - sym options: 0x614 - pdb path: .;C:\Program Files\Android\Android Studio\jre\bin;C:\WINDOWS\SYSTEM32;C:\Program Files\Avast Software\Avast;C:\WINDOWS\WinSxS\amd64_microsoft.windows.common-controls_6595b64144ccf1df_6.0.19041.1110_none_60b5254171f9507e;C:\Program Files\Android\Android Studio\jre\bin\server;C:\Users\Mich01\.gradle\native\8bec1ad78214c89d9ad589b4d07fe93259594b29d510b10fafb7a158f7737e5d\windows-amd64;C:\Users\Mich01\.gradle\native\53dbd7edfb1c66fb8903c78663c9afc45aea4f116125fa6feffd364cf09443e8\windows-amd64

VM Arguments:
jvm_args: --add-opens=java.base/java.util=ALL-UNNAMED --add-opens=java.base/java.lang=ALL-UNNAMED --add-opens=java.base/java.lang.invoke=ALL-UNNAMED --add-opens=java.base/java.util=ALL-UNNAMED --add-opens=java.prefs/java.util.prefs=ALL-UNNAMED --add-opens=java.prefs/java.util.prefs=ALL-UNNAMED --add-opens=java.base/java.nio.charset=ALL-UNNAMED --add-opens=java.base/java.net=ALL-UNNAMED --add-opens=java.base/java.util.concurrent.atomic=ALL-UNNAMED -Xmx2048m -Dfile.encoding=UTF-8 -Duser.country=US -Duser.language=en -Duser.variant 
java_command: org.gradle.launcher.daemon.bootstrap.GradleDaemon 7.0.2
java_class_path (initial): C:\Users\Mich01\.gradle\wrapper\dists\gradle-7.0.2-bin\857tjihv64xamwrf0h14cai3r\gradle-7.0.2\lib\gradle-launcher-7.0.2.jar
Launcher Type: SUN_STANDARD

[Global flags]
     intx CICompilerCount                          = 4                                         {product} {ergonomic}
     uint ConcGCThreads                            = 2                                         {product} {ergonomic}
     uint G1ConcRefinementThreads                  = 8                                         {product} {ergonomic}
   size_t G1HeapRegionSize                         = 1048576                                   {product} {ergonomic}
    uintx GCDrainStackTargetSize                   = 64                                        {product} {ergonomic}
   size_t InitialHeapSize                          = 130023424                                 {product} {ergonomic}
   size_t MarkStackSize                            = 4194304                                   {product} {ergonomic}
   size_t MaxHeapSize                              = 2147483648                                {product} {command line}
   size_t MaxNewSize                               = 1287651328                                {product} {ergonomic}
   size_t MinHeapDeltaBytes                        = 1048576                                   {product} {ergonomic}
    uintx NonNMethodCodeHeapSize                   = 5836300                                {pd product} {ergonomic}
    uintx NonProfiledCodeHeapSize                  = 122910970                              {pd product} {ergonomic}
    uintx ProfiledCodeHeapSize                     = 122910970                              {pd product} {ergonomic}
    uintx ReservedCodeCacheSize                    = 251658240                              {pd product} {ergonomic}
     bool SegmentedCodeCache                       = true                                      {product} {ergonomic}
     bool UseCompressedClassPointers               = true                                 {lp64_product} {ergonomic}
     bool UseCompressedOops                        = true                                 {lp64_product} {ergonomic}
     bool UseG1GC                                  = true                                      {product} {ergonomic}
     bool UseLargePagesIndividualAllocation        = false                                  {pd product} {ergonomic}

Logging:
Log output configuration:
 #0: stdout all=warning uptime,level,tags
 #1: stderr all=off uptime,level,tags

Environment Variables:
PATH=C:\Users\Mich01\AppData\Local\Programs\Python\Python39\Scripts\;C:\Users\Mich01\AppData\Local\Programs\Python\Python39\;C:\Program Files (x86)\Common Files\Oracle\Java\javapath;C:\WINDOWS\system32;C:\WINDOWS;C:\WINDOWS\System32\Wbem;C:\WINDOWS\System32\WindowsPowerShell\v1.0\;C:\WINDOWS\System32\OpenSSH\;C:\Program Files\Intel\WiFi\bin\;C:\Program Files\Common Files\Intel\WirelessCommon\;C:\Program Files (x86)\Bitvise SSH Client;C:\ProgramData\chocolatey\bin;C:\Program Files (x86)\Common Files\Oracle\Java\javapath;C:\WINDOWS\system32;C:\WINDOWS;C:\WINDOWS\System32\Wbem;C:\WINDOWS\System32\WindowsPowerShell\v1.0\;C:\WINDOWS\System32\OpenSSH\;C:\Program Files\Intel\WiFi\bin\;C:\Program Files\Common Files\Intel\WirelessCommon\;C:\Program Files (x86)\Bitvise SSH Client;C:\Users\Mich01\AppData\Local\Microsoft\WindowsApps;C:\Program Files (x86)\Nmap;C:\Program Files\JetBrains\PyCharm Community Edition 2019.3.4\bin;;C:\Program Files\JetBrains\WebStorm 2020.3.2\bin;;C:\Users\Mich01\AppData\Roaming\Python\Python39\Scripts
USERNAME=Mich01
OS=Windows_NT
PROCESSOR_IDENTIFIER=Intel64 Family 6 Model 142 Stepping 10, GenuineIntel



---------------  S Y S T E M  ---------------

OS: Windows 10 , 64 bit Build 19041 (10.0.19041.1151)
OS uptime: 0 days 2:29 hours

CPU:total 8 (initial active 8) (4 cores per cpu, 2 threads per core) family 6 model 142 stepping 10 microcode 0xe0, cmov, cx8, fxsr, mmx, sse, sse2, sse3, ssse3, sse4.1, sse4.2, popcnt, avx, avx2, aes, clmul, erms, 3dnowpref, lzcnt, ht, tsc, tscinvbit, bmi1, bmi2, adx, fma

Memory: 4k page, system-wide physical 7814M (265M free)
TotalPageFile size 13771M (AvailPageFile size 24M)
current process WorkingSet (physical memory assigned to process): 445M, peak: 452M
current process commit charge ("private bytes"): 601M, peak: 602M

vm_info: OpenJDK 64-Bit Server VM (11.0.10+0-b96-7249189) for windows-amd64 JRE (11.0.10+0-b96-7249189), built on Mar 31 2021 21:44:00 by "builder" with MS VC++ 14.0 (VS2015)

END.
